PRT1
273
900
4 0 3 (128 1024 1919.640015 ) (0 1024 1919.640015 ) (0 1024 -807.635986 ) (128 1024 -807.635986 ) 
4 0 2 (512 1024 1919.640015 ) (128 1024 1919.640015 ) (128 1024 -807.635986 ) (512 1024 -807.635986 ) 
4 0 1 (0 1024 -807.635986 ) (0 1024 1919.640015 ) (0 1913.110107 1919.640015 ) (0 1913.110107 -807.635986 ) 
4 1 24 (-1024 1024 -807.635986 ) (-1024 1024 1919.640015 ) (-1024 1913.110107 1919.640015 ) (-1024 1913.110107 -807.635986 ) 
4 1 23 (0 1024 -807.635986 ) (0 1024 0 ) (-1024 1024 0 ) (-1024 1024 -807.635986 ) 
4 1 22 (-192 1024 64 ) (-1024 1024 64 ) (-1024 1024 0 ) (-192 1024 0 ) 
4 1 21 (0 1024 0 ) (0 1024 64 ) (-192 1024 64 ) (-192 1024 0 ) 
4 1 15 (-1024 1024 256 ) (-1024 1024 64 ) (-650.448975 1024 64 ) (-650.448975 1024 256 ) 
4 1 11 (-650.448975 1024 64 ) (-640 1024 64 ) (-640 1024 256 ) (-650.448975 1024 256 ) 
4 1 10 (-640 1024 320 ) (-1024 1024 320 ) (-1024 1024 256 ) (-640 1024 256 ) 
4 1 8 (-144 1024 320 ) (-640 1024 320 ) (-640 1024 64 ) (-144 1024 64 ) 
4 1 7 (0 1024 64 ) (0 1024 320 ) (-144 1024 320 ) (-144 1024 64 ) 
4 1 6 (0 1024 320 ) (0 1024 1919.640015 ) (-1024 1024 1919.640015 ) (-1024 1024 320 ) 
4 2 55 (128 0 64 ) (128 0 -807.635986 ) (512 0 -807.635986 ) (512 0 64 ) 
4 2 52 (512 0 1919.640015 ) (128 0 1919.640015 ) (128 0 64 ) (512 0 64 ) 
4 2 4 (128 0 64 ) (128 0 1919.640015 ) (128 512 1919.640015 ) (128 512 64 ) 
4 2 5 (128 512 -807.635986 ) (128 0 -807.635986 ) (128 0 0 ) (128 512 0 ) 
4 2 3 (128 1024 -807.635986 ) (128 512 -807.635986 ) (128 512 1919.640015 ) (128 1024 1919.640015 ) 
4 3 23 (0 1024 0 ) (0 1024 -807.635986 ) (0 512 -807.635986 ) (0 512 0 ) 
4 3 21 (0 1024 64 ) (0 1024 0 ) (0 512 0 ) (0 512 64 ) 
4 3 7 (0 1024 320 ) (0 1024 64 ) (0 512 64 ) (0 512 320 ) 
4 3 6 (0 1024 1919.640015 ) (0 1024 320 ) (0 512 320 ) (0 512 1919.640015 ) 
4 3 4 (128 512 64 ) (128 512 1919.640015 ) (0 512 1919.640015 ) (0 512 64 ) 
4 3 5 (0 512 -807.635986 ) (128 512 -807.635986 ) (128 512 0 ) (0 512 0 ) 
4 4 54 (0 0 144 ) (0 0 64 ) (128 0 64 ) (128 0 144 ) 
4 4 53 (128 0 1919.640015 ) (0 0 1919.640015 ) (0 0 144 ) (128 0 144 ) 
4 4 7 (0 0 64 ) (0 0 320 ) (0 512 320 ) (0 512 64 ) 
4 4 6 (0 0 320 ) (0 0 1919.640015 ) (0 512 1919.640015 ) (0 512 320 ) 
4 5 56 (0 0 0 ) (0 0 -807.635986 ) (128 0 -807.635986 ) (128 0 0 ) 
4 5 23 (0 512 -807.635986 ) (0 0 -807.635986 ) (0 0 0 ) (0 512 0 ) 
4 6 61 (-640 0 1919.640015 ) (-1024 0 1919.640015 ) (-1024 0 320 ) (-640 0 320 ) 
4 6 58 (0 0 320 ) (0 0 1919.640015 ) (-640 0 1919.640015 ) (-640 0 320 ) 
4 6 26 (-1024 0 320 ) (-1024 0 1919.640015 ) (-1024 1024 1919.640015 ) (-1024 1024 320 ) 
4 6 10 (-640 0 320 ) (-1024 0 320 ) (-1024 1024 320 ) (-640 1024 320 ) 
3 6 9 (-640 32 320 ) (-640 112 320 ) (-560 112 320 ) 
4 6 8 (-640 112 320 ) (-640 1024 320 ) (-144 1024 320 ) (-144 112 320 ) 
4 6 7 (0 0 320 ) (-144 0 320 ) (-144 1024 320 ) (0 1024 320 ) 
4 7 59 (0 0 64 ) (0 0 320 ) (-144 0 320 ) (-144 0 64 ) 
4 7 21 (0 1024 64 ) (0 512 64 ) (-144 512 64 ) (-144 1024 64 ) 
4 7 8 (-144 1024 64 ) (-144 112 64 ) (-144 112 320 ) (-144 1024 320 ) 
4 8 22 (-640 512 64 ) (-640 1024 64 ) (-192 1024 64 ) (-192 512 64 ) 
4 8 21 (-192 1024 64 ) (-144 1024 64 ) (-144 512 64 ) (-192 512 64 ) 
4 8 11 (-640 1024 64 ) (-640 112 64 ) (-640 112 256 ) (-640 1024 256 ) 
4 8 10 (-640 112 256 ) (-640 112 320 ) (-640 1024 320 ) (-640 1024 256 ) 
4 8 9 (-640 112 320 ) (-640 112 64 ) (-560 112 64 ) (-560 112 320 ) 
4 9 20 (-640 64 64 ) (-640 32 64 ) (-640 32 256 ) (-640 64 256 ) 
4 9 11 (-640 112 64 ) (-640 64 64 ) (-640 64 256 ) (-640 112 256 ) 
4 9 10 (-640 32 256 ) (-640 32 320 ) (-640 112 320 ) (-640 112 256 ) 
4 10 61 (-640 0 320 ) (-1024 0 320 ) (-1024 0 256 ) (-640 0 256 ) 
4 10 26 (-1024 0 256 ) (-1024 0 320 ) (-1024 1024 320 ) (-1024 1024 256 ) 
4 10 20 (-880 64 256 ) (-640 64 256 ) (-640 0 256 ) (-880 0 256 ) 
3 10 19 (-926 684 256 ) (-869.271851 672.422852 256 ) (-842 630 256 ) 
3 10 18 (-1024 704 256 ) (-905.162415 728.252625 256 ) (-869.271851 672.422852 256 ) 
3 10 17 (-788 546 256 ) (-757.638550 498.771027 256 ) (-768 448 256 ) 
3 10 16 (-905.162415 728.252625 256 ) (-702.358948 769.641113 256 ) (-757.638550 498.771027 256 ) 
4 10 15 (-1024 704 256 ) (-1024 1024 256 ) (-650.448975 1024 256 ) (-702.358948 769.641113 256 ) 
3 10 14 (-1024 149 256 ) (-1024 192 256 ) (-926 212 256 ) 
4 10 13 (-1024 64 256 ) (-1024 149 256 ) (-842 266 256 ) (-971.857117 64 256 ) 
3 10 12 (-788 350 256 ) (-846.367371 64 256 ) (-971.857117 64 256 ) 
4 10 11 (-650.448975 1024 256 ) (-640 1024 256 ) (-640 64 256 ) (-846.367371 64 256 ) 
4 11 22 (-650.448975 1024 64 ) (-640 1024 64 ) (-640 512 64 ) (-754.938782 512 64 ) 
4 11 20 (-846.367371 64 64 ) (-640 64 64 ) (-640 64 256 ) (-846.367371 64 256 ) 
4 11 17 (-768 448 256 ) (-757.638428 498.770935 256 ) (-757.638428 498.770874 64 ) (-768 448 64 ) 
4 11 16 (-757.638428 498.770935 256 ) (-702.358826 769.641113 256 ) (-702.358765 769.641113 64 ) (-757.638428 498.770874 64 ) 
4 11 15 (-702.358826 769.641113 256 ) (-650.448853 1024 256 ) (-650.448792 1024 64 ) (-702.358765 769.641113 64 ) 
4 11 12 (-846.367188 64 64 ) (-846.367188 64 256 ) (-788 350 256 ) (-788 350 64 ) 
4 12 20 (-880 64 64 ) (-846.367371 64 64 ) (-846.367371 64 256 ) (-880 64 256 ) 
4 12 13 (-842 266 64 ) (-971.856323 64 64 ) (-971.856323 64 256 ) (-842 266 256 ) 
4 13 27 (-1024 64 256 ) (-1024 149 256 ) (-1024 149 64 ) (-1024 64 64 ) 
4 13 14 (-926 212 64 ) (-1024 149 64 ) (-1024 149 256 ) (-926 212 256 ) 
4 14 27 (-1024 149 256 ) (-1024 192 256 ) (-1024 192 64 ) (-1024 149 64 ) 
4 15 34 (-1024 704 256 ) (-1024 747 256 ) (-1024 747 64 ) (-1024 704 64 ) 
4 15 33 (-1024 747 256 ) (-1024 913.111206 256 ) (-1024 913.111145 64 ) (-1024 747 64 ) 
4 15 32 (-1024 913.111206 256 ) (-1024 1024 256 ) (-1024 1024 64 ) (-1024 913.111145 64 ) 
4 15 22 (-1024 704 64 ) (-1024 1024 64 ) (-650.448975 1024 64 ) (-702.358948 769.641113 64 ) 
4 15 18 (-1024 704 64 ) (-905.162109 728.252136 64 ) (-905.162048 728.252075 256 ) (-1024 704 256 ) 
4 15 16 (-905.162109 728.252136 64 ) (-702.359253 769.640442 64 ) (-702.359253 769.640442 256 ) (-905.162048 728.252075 256 ) 
4 16 22 (-905.162415 728.252625 64 ) (-702.358948 769.641113 64 ) (-754.938782 512 64 ) (-766.142883 512 64 ) 
4 16 19 (-869.274963 672.423462 64 ) (-842.004639 630.002930 64 ) (-842.004639 630.002930 256 ) (-869.274963 672.423462 256 ) 
4 16 18 (-905.166016 728.253906 256 ) (-905.166016 728.253906 64 ) (-869.274963 672.423462 64 ) (-869.274963 672.423462 256 ) 
4 16 17 (-787.998779 545.993896 64 ) (-757.639221 498.767975 64 ) (-757.639221 498.767975 256 ) (-787.998718 545.993835 256 ) 
3 17 22 (-788 546 64 ) (-766.142883 512 64 ) (-781.061218 512 64 ) 
3 18 22 (-1024 704 64 ) (-905.162415 728.252625 64 ) (-869.271851 672.422852 64 ) 
4 18 19 (-926 684 64 ) (-869.272522 672.422729 64 ) (-869.272522 672.422729 256 ) (-926 684 256 ) 
3 19 22 (-926 684 64 ) (-869.271851 672.422852 64 ) (-842 630 64 ) 
4 20 62 (-720 0 64 ) (-640 0 64 ) (-640 0 256 ) (-720 0 256 ) 
4 20 65 (-880 0 64 ) (-720 0 64 ) (-720 0 256 ) (-880 0 256 ) 
4 21 23 (-192 512 0 ) (-192 1024 0 ) (0 1024 0 ) (0 512 0 ) 
4 21 22 (-192 1024 0 ) (-192 512 0 ) (-192 512 64 ) (-192 1024 64 ) 
4 22 37 (-1024 512 64 ) (-1024 1024 64 ) (-1024 1024 0 ) (-1024 512 0 ) 
4 22 23 (-1024 512 0 ) (-1024 1024 0 ) (-192 1024 0 ) (-192 512 0 ) 
4 23 81 (0 0 -807.635986 ) (0 0 0 ) (-1024 0 0 ) (-1024 0 -807.635986 ) 
4 23 42 (-1024 0 -807.635986 ) (-1024 0 -48 ) (-1024 1024 -48 ) (-1024 1024 -807.635986 ) 
4 23 40 (-1024 0 -48 ) (-1024 0 0 ) (-1024 1024 0 ) (-1024 1024 -48 ) 
4 24 42 (-1024 1024 -807.635986 ) (-1024 1024 -48 ) (-2048 1024 -48 ) (-2048 1024 -807.635986 ) 
4 24 41 (-1792 1024 0 ) (-2048 1024 0 ) (-2048 1024 -48 ) (-1792 1024 -48 ) 
4 24 40 (-1024 1024 -48 ) (-1024 1024 0 ) (-1792 1024 0 ) (-1792 1024 -48 ) 
4 24 38 (-1792 1024 64 ) (-2048 1024 64 ) (-2048 1024 0 ) (-1792 1024 0 ) 
4 24 37 (-1024 1024 0 ) (-1024 1024 64 ) (-1792 1024 64 ) (-1792 1024 0 ) 
4 24 35 (-1376 1024 256 ) (-1408 1024 256 ) (-1408 1024 64 ) (-1376 1024 64 ) 
4 24 36 (-1408 1024 256 ) (-2048 1024 256 ) (-2048 1024 64 ) (-1408 1024 64 ) 
4 24 32 (-1024 1024 64 ) (-1024 1024 256 ) (-1162.448975 1024 256 ) (-1162.448975 1024 64 ) 
4 24 31 (-1162.448975 1024 256 ) (-1376 1024 256 ) (-1376 1024 64 ) (-1162.448975 1024 64 ) 
4 24 26 (-1024 1024 256 ) (-1024 1024 1919.640015 ) (-2048 1024 1919.640015 ) (-2048 1024 256 ) 
4 24 25 (-2048 1913.110107 -807.635986 ) (-2048 1024 -807.635986 ) (-2048 1024 1919.640015 ) (-2048 1913.110107 1919.640015 ) 
4 25 50 (-3072 1024 -807.635986 ) (-3072 1024 1919.640015 ) (-3072 1913.110107 1919.640015 ) (-3072 1913.110107 -807.635986 ) 
4 25 47 (-2240 1024 -807.635986 ) (-2048 1024 -807.635986 ) (-2048 1024 0 ) (-2240 1024 0 ) 
4 25 49 (-3072 1024 0 ) (-3072 1024 -807.635986 ) (-2240 1024 -807.635986 ) (-2240 1024 0 ) 
4 25 44 (-2304 1024 0 ) (-2240 1024 0 ) (-2240 1024 1919.640015 ) (-2304 1024 1919.640015 ) 
4 25 43 (-2240 1024 0 ) (-2048 1024 0 ) (-2048 1024 1919.640015 ) (-2240 1024 1919.640015 ) 
4 25 46 (-3072 1024 1919.640015 ) (-3072 1024 0 ) (-2304 1024 0 ) (-2304 1024 1919.640015 ) 
4 26 197 (-1936 0 1919.640015 ) (-2048 0 1919.640015 ) (-2048 0 256 ) (-1936 0 256 ) 
4 26 194 (-1792 0 1919.640015 ) (-1936 0 1919.640015 ) (-1936 0 256 ) (-1792 0 256 ) 
4 26 182 (-1056 0 1919.640015 ) (-1792 0 1919.640015 ) (-1792 0 256 ) (-1056 0 256 ) 
4 26 178 (-1024 0 256 ) (-1024 0 400 ) (-1056 0 400 ) (-1056 0 256 ) 
4 26 177 (-1024 0 400 ) (-1024 0 1919.640015 ) (-1056 0 1919.640015 ) (-1056 0 400 ) 
4 26 43 (-2048 1024 1919.640015 ) (-2048 1024 256 ) (-2048 0 256 ) (-2048 0 1919.640015 ) 
4 26 35 (-1408 256 256 ) (-1408 1024 256 ) (-1376 1024 256 ) (-1376 256 256 ) 
4 26 36 (-1408 0 256 ) (-2048 0 256 ) (-2048 1024 256 ) (-1408 1024 256 ) 
3 26 34 (-1024 747 256 ) (-1024 704 256 ) (-1122 684 256 ) 
3 26 33 (-1024 913.111145 256 ) (-1024 747 256 ) (-1206 630 256 ) 
4 26 32 (-1162.448975 1024 256 ) (-1024 1024 256 ) (-1024 913.111145 256 ) (-1260 546 256 ) 
4 26 31 (-1376 918.399658 256 ) (-1376 1024 256 ) (-1162.448975 1024 256 ) (-1280 448 256 ) 
3 26 30 (-1376 530.444336 256 ) (-1376 918.399658 256 ) (-1260 350 256 ) 
3 26 29 (-1376 375.285706 256 ) (-1376 530.444336 256 ) (-1206 266 256 ) 
3 26 28 (-1376 263.836731 256 ) (-1376 375.285706 256 ) (-1122 212 256 ) 
4 26 27 (-1376 64 256 ) (-1376 263.836731 256 ) (-1024 192 256 ) (-1024 64 256 ) 
4 27 35 (-1376 263.836731 64 ) (-1376 256 64 ) (-1376 256 256 ) (-1376 263.836731 256 ) 
4 27 28 (-1121.998047 211.998718 64 ) (-1376 263.835876 64 ) (-1376 263.835876 256 ) (-1121.998047 211.998718 256 ) 
4 28 35 (-1376 375.285706 64 ) (-1376 263.836731 64 ) (-1376 263.836731 256 ) (-1376 375.285706 256 ) 
4 28 29 (-1206.003784 266.005768 64 ) (-1376 375.289337 64 ) (-1376 375.289337 256 ) (-1206.003784 266.005768 256 ) 
3 29 37 (-1376 512 64 ) (-1376 530.444336 64 ) (-1364.142944 512 64 ) 
4 29 35 (-1376 530.444336 64 ) (-1376 375.285706 64 ) (-1376 375.285706 256 ) (-1376 530.444336 256 ) 
4 29 30 (-1260 350 64 ) (-1376 530.444885 64 ) (-1376 530.444885 256 ) (-1260 350 256 ) 
4 30 37 (-1364.142944 512 64 ) (-1376 530.444336 64 ) (-1376 918.399658 64 ) (-1293.061279 512 64 ) 
4 30 35 (-1376 918.399658 64 ) (-1376 530.444336 64 ) (-1376 530.444336 256 ) (-1376 918.399658 256 ) 
4 30 31 (-1280 448 64 ) (-1376 918.398376 64 ) (-1376 918.398376 256 ) (-1280 448 256 ) 
5 31 37 (-1376 1024 64 ) (-1162.448975 1024 64 ) (-1266.938721 512 64 ) (-1293.061279 512 64 ) (-1376 918.399658 64 ) 
4 31 35 (-1376 1024 64 ) (-1376 918.399658 64 ) (-1376 918.399658 256 ) (-1376 1024 256 ) 
4 31 32 (-1260 546.001282 64 ) (-1162.448364 1024 64 ) (-1162.448486 1024 256 ) (-1260 546.001221 256 ) 
4 32 37 (-1162.448975 1024 64 ) (-1024 1024 64 ) (-1024 913.111145 64 ) (-1260 546 64 ) 
4 32 33 (-1206 630 64 ) (-1024 913.111084 64 ) (-1024 913.111755 256 ) (-1206 630 256 ) 
3 33 37 (-1024 913.111145 64 ) (-1024 747 64 ) (-1206 630 64 ) 
4 33 34 (-1122.003052 684 64 ) (-1024 747.001404 64 ) (-1024 747 256 ) (-1122.001709 684 256 ) 
3 34 37 (-1024 747 64 ) (-1024 704 64 ) (-1122 684 64 ) 
4 35 37 (-1408 1024 64 ) (-1376 1024 64 ) (-1376 512 64 ) (-1408 512 64 ) 
4 35 36 (-1408 1024 64 ) (-1408 256 64 ) (-1408 256 256 ) (-1408 1024 256 ) 
4 36 198 (-1952 0 64 ) (-1936 0 64 ) (-1936 0 96 ) (-1952 0 96 ) 
4 36 200 (-2048 0 96 ) (-2048 0 64 ) (-1952 0 64 ) (-1952 0 96 ) 
4 36 197 (-1936 0 256 ) (-2048 0 256 ) (-2048 0 96 ) (-1936 0 96 ) 
4 36 195 (-1936 0 128 ) (-1936 0 64 ) (-1793 0 64 ) (-1793 0 128 ) 
4 36 194 (-1792 0 256 ) (-1936 0 256 ) (-1936 0 128 ) (-1792 0 128 ) 
4 36 184 (-1408 0 256 ) (-1792 0 256 ) (-1792 0 64 ) (-1408 0 64 ) 
4 36 43 (-2048 1024 256 ) (-2048 1024 64 ) (-2048 0 64 ) (-2048 0 256 ) 
4 36 39 (-1792 512 64 ) (-1792 0 64 ) (-2048 0 64 ) (-2048 512 64 ) 
4 36 38 (-2048 1024 64 ) (-1792 1024 64 ) (-1792 512 64 ) (-2048 512 64 ) 
4 36 37 (-1792 1024 64 ) (-1408 1024 64 ) (-1408 512 64 ) (-1792 512 64 ) 
4 37 40 (-1792 512 0 ) (-1792 1024 0 ) (-1024 1024 0 ) (-1024 512 0 ) 
4 37 38 (-1792 1024 0 ) (-1792 512 0 ) (-1792 512 64 ) (-1792 1024 64 ) 
4 38 43 (-2048 1024 64 ) (-2048 1024 0 ) (-2048 512 0 ) (-2048 512 64 ) 
4 38 41 (-2048 512 0 ) (-2048 1024 0 ) (-1792 1024 0 ) (-1792 512 0 ) 
4 38 39 (-2048 512 0 ) (-1888 512 0 ) (-1792 512 64 ) (-2048 512 64 ) 
4 39 198 (-1936 0 64 ) (-1952 0 64 ) (-1952 0 0 ) (-1936 0 0 ) 
4 39 200 (-1952 0 64 ) (-2048 0 64 ) (-2048 0 0 ) (-1952 0 0 ) 
4 39 196 (-1792 0 64 ) (-1936 0 64 ) (-1936 0 0 ) (-1888 0 0 ) 
4 39 43 (-2048 512 0 ) (-2048 0 0 ) (-2048 0 64 ) (-2048 512 64 ) 
4 40 207 (-1024 0 -48 ) (-1024 0 0 ) (-1792 0 0 ) (-1792 0 -48 ) 
4 40 42 (-1792 1024 -48 ) (-1024 1024 -48 ) (-1024 0 -48 ) (-1792 0 -48 ) 
4 40 41 (-1792 1024 -48 ) (-1792 512 -48 ) (-1792 512 0 ) (-1792 1024 0 ) 
4 41 47 (-2048 1024 0 ) (-2048 1024 -48 ) (-2048 512 -48 ) (-2048 512 0 ) 
4 41 42 (-2048 1024 -48 ) (-1792 1024 -48 ) (-1792 512 -48 ) (-2048 512 -48 ) 
4 42 208 (-1792 0 -48 ) (-2048 0 -48 ) (-2048 0 -807.635986 ) (-1792 0 -807.635986 ) 
4 42 207 (-1024 0 -807.635986 ) (-1024 0 -48 ) (-1792 0 -48 ) (-1792 0 -807.635986 ) 
4 42 48 (-2048 512 -807.635986 ) (-2048 0 -807.635986 ) (-2048 0 -48 ) (-2048 512 -48 ) 
4 42 47 (-2048 1024 -48 ) (-2048 1024 -807.635986 ) (-2048 512 -807.635986 ) (-2048 512 -48 ) 
4 43 209 (-2048 0 0 ) (-2048 0 1919.640015 ) (-2240 0 1919.640015 ) (-2240 0 0 ) 
4 43 47 (-2240 1024 0 ) (-2048 1024 0 ) (-2048 512 0 ) (-2240 512 0 ) 
4 43 45 (-2240 0 256 ) (-2240 0 1919.640015 ) (-2240 512 1919.640015 ) (-2240 512 256 ) 
4 43 44 (-2240 1024 0 ) (-2240 512 0 ) (-2240 512 1919.640015 ) (-2240 1024 1919.640015 ) 
4 44 49 (-2304 1024 0 ) (-2240 1024 0 ) (-2240 512 0 ) (-2304 512 0 ) 
4 44 45 (-2304 512 1919.640015 ) (-2304 512 256 ) (-2240 512 256 ) (-2240 512 1919.640015 ) 
4 44 46 (-2304 1024 0 ) (-2304 512 0 ) (-2304 512 1919.640015 ) (-2304 1024 1919.640015 ) 
4 45 210 (-2240 0 1919.640015 ) (-2304 0 1919.640015 ) (-2304 0 256 ) (-2240 0 256 ) 
4 45 46 (-2304 0 256 ) (-2304 0 1919.640015 ) (-2304 512 1919.640015 ) (-2304 512 256 ) 
4 46 211 (-2304 0 1919.640015 ) (-3072 0 1919.640015 ) (-3072 0 0 ) (-2304 0 0 ) 
4 46 51 (-3072 0 0 ) (-3072 0 1919.640015 ) (-3072 1024 1919.640015 ) (-3072 1024 0 ) 
4 46 49 (-3072 0 0 ) (-3072 1024 0 ) (-2304 1024 0 ) (-2304 0 0 ) 
4 47 48 (-2240 512 -48 ) (-2240 512 -807.635986 ) (-2048 512 -807.635986 ) (-2048 512 -48 ) 
4 47 49 (-2240 1024 -807.635986 ) (-2240 512 -807.635986 ) (-2240 512 0 ) (-2240 1024 0 ) 
4 48 212 (-2048 0 -807.635986 ) (-2048 0 -48 ) (-2240 0 -48 ) (-2240 0 -807.635986 ) 
4 48 49 (-2240 512 -807.635986 ) (-2240 0 -807.635986 ) (-2240 0 -48 ) (-2240 512 -48 ) 
4 49 213 (-2240 0 0 ) (-3072 0 0 ) (-3072 0 -807.635986 ) (-2240 0 -807.635986 ) 
4 49 51 (-3072 0 -807.635986 ) (-3072 0 0 ) (-3072 1024 0 ) (-3072 1024 -807.635986 ) 
4 50 51 (-3072 1024 -807.635986 ) (-3072 1024 1919.640015 ) (-3520 1024 1919.640015 ) (-3520 1024 -807.635986 ) 
4 51 253 (-3072 0 -807.635986 ) (-3072 0 1919.640015 ) (-3520 0 1919.640015 ) (-3520 0 -807.635986 ) 
4 52 119 (512 -1024 1919.640015 ) (128 -1024 1919.640015 ) (128 -1024 64 ) (512 -1024 64 ) 
4 52 55 (512 -1024 64 ) (128 -1024 64 ) (128 0 64 ) (512 0 64 ) 
4 52 54 (128 0 64 ) (128 -368 64 ) (128 -496 144 ) (128 0 144 ) 
4 52 53 (128 -1024 144 ) (128 -1024 1919.640015 ) (128 0 1919.640015 ) (128 0 144 ) 
4 53 120 (128 -1024 1919.640015 ) (0 -1024 1919.640015 ) (0 -1024 144 ) (128 -1024 144 ) 
4 53 106 (0 -864 144 ) (0 -1024 144 ) (0 -1024 768 ) (0 -864 768 ) 
4 53 82 (0 -1024 768 ) (0 -1024 1919.640015 ) (0 -864 1919.640015 ) (0 -864 768 ) 
4 53 67 (0 -352 144 ) (0 -864 144 ) (0 -864 1919.640015 ) (0 -352 1919.640015 ) 
4 53 59 (0 0 320 ) (0 0 144 ) (0 -352 144 ) (0 -352 320 ) 
4 53 58 (0 0 1919.640015 ) (0 0 320 ) (0 -352 320 ) (0 -352 1919.640015 ) 
4 53 54 (0 -496 144 ) (0 0 144 ) (128 0 144 ) (128 -496 144 ) 
4 54 68 (0 -352 64 ) (0 -368 64 ) (0 -496 144 ) (0 -352 144 ) 
4 54 59 (0 0 144 ) (0 0 64 ) (0 -352 64 ) (0 -352 144 ) 
4 55 123 (512 -1024 64 ) (128 -1024 64 ) (128 -1024 -807.635986 ) (512 -1024 -807.635986 ) 
4 55 56 (128 0 -807.635986 ) (128 -368 -807.635986 ) (128 -368 0 ) (128 0 0 ) 
4 55 57 (128 -368 -807.635986 ) (128 -1024 -807.635986 ) (128 -1024 64 ) (128 -368 64 ) 
4 56 81 (0 0 0 ) (0 0 -807.635986 ) (0 -368 -807.635986 ) (0 -368 0 ) 
4 56 57 (0 -368 -807.635986 ) (128 -368 -807.635986 ) (128 -368 0 ) (0 -368 0 ) 
4 57 123 (128 -1024 64 ) (0 -1024 64 ) (0 -1024 -807.635986 ) (128 -1024 -807.635986 ) 
4 57 118 (0 -864 -807.635986 ) (0 -1024 -807.635986 ) (0 -1024 0 ) (0 -864 0 ) 
4 57 116 (0 -1024 0 ) (0 -1024 64 ) (0 -864 64 ) (0 -864 0 ) 
4 57 81 (0 -368 -807.635986 ) (0 -864 -807.635986 ) (0 -864 0 ) (0 -368 0 ) 
4 57 80 (0 -864 0 ) (0 -864 64 ) (0 -368 64 ) (0 -368 0 ) 
4 58 69 (-192 -352 1919.640015 ) (-640 -352 1919.640015 ) (-640 -352 416 ) (-192 -352 416 ) 
4 58 67 (0 -352 320 ) (0 -352 1919.640015 ) (-192 -352 1919.640015 ) (-192 -352 320 ) 
4 58 61 (-640 0 1919.640015 ) (-640 0 320 ) (-640 -352 320 ) (-640 -352 1919.640015 ) 
4 58 60 (-144 -352 320 ) (-640 -352 320 ) (-640 -224 320 ) (-144 -224 320 ) 
4 58 59 (0 -352 320 ) (-144 -352 320 ) (-144 0 320 ) (0 0 320 ) 
4 59 68 (-144 -352 64 ) (0 -352 64 ) (0 -352 144 ) (-144 -352 144 ) 
4 59 67 (0 -352 144 ) (0 -352 320 ) (-144 -352 320 ) (-144 -352 144 ) 
4 59 60 (-144 -224 64 ) (-144 -352 64 ) (-144 -352 320 ) (-144 -224 320 ) 
4 60 68 (-192 -352 64 ) (-144 -352 64 ) (-144 -352 144 ) (-192 -352 144 ) 
4 60 67 (-144 -352 144 ) (-144 -352 320 ) (-192 -352 320 ) (-192 -352 144 ) 
4 60 64 (-640 -224 64 ) (-640 -352 64 ) (-640 -352 256 ) (-640 -224 256 ) 
4 60 61 (-640 -352 256 ) (-640 -352 320 ) (-640 -224 320 ) (-640 -224 256 ) 
4 61 179 (-1024 -144 256 ) (-1024 -352 256 ) (-1024 -352 400 ) (-1024 -144 400 ) 
4 61 178 (-1024 0 400 ) (-1024 0 256 ) (-1024 -144 256 ) (-1024 -144 400 ) 
4 61 177 (-1024 0 1919.640015 ) (-1024 0 400 ) (-1024 -352 400 ) (-1024 -352 1919.640015 ) 
4 61 71 (-880 -352 256 ) (-704 -352 256 ) (-704 -352 400 ) (-880 -352 400 ) 
4 61 72 (-1024 -352 400 ) (-1024 -352 256 ) (-880 -352 256 ) (-880 -352 400 ) 
4 61 70 (-704 -352 1919.640015 ) (-1024 -352 1919.640015 ) (-1024 -352 400 ) (-704 -352 400 ) 
4 61 69 (-640 -352 416 ) (-640 -352 1919.640015 ) (-704 -352 1919.640015 ) (-704 -352 416 ) 
4 61 66 (-880 -144 256 ) (-880 -352 256 ) (-1024 -352 256 ) (-1024 -144 256 ) 
4 61 63 (-640 -96 256 ) (-640 -160 256 ) (-720 -160 256 ) (-720 -96 256 ) 
4 61 62 (-720 0 256 ) (-640 0 256 ) (-640 -96 256 ) (-720 -96 256 ) 
4 61 64 (-640 -160 256 ) (-640 -352 256 ) (-720 -352 256 ) (-720 -160 256 ) 
4 61 65 (-880 0 256 ) (-720 0 256 ) (-720 -352 256 ) (-880 -352 256 ) 
4 62 63 (-720 -96 256 ) (-720 -96 160 ) (-640 -96 160 ) (-640 -96 256 ) 
4 62 65 (-720 0 64 ) (-720 -96 64 ) (-720 -96 256 ) (-720 0 256 ) 
4 63 65 (-720 -160 160 ) (-720 -160 256 ) (-720 -96 256 ) (-720 -96 160 ) 
4 63 64 (-720 -160 256 ) (-720 -160 160 ) (-640 -160 160 ) (-640 -160 256 ) 
4 64 65 (-720 -160 64 ) (-720 -352 64 ) (-720 -352 256 ) (-720 -160 256 ) 
4 65 66 (-880 -144 64 ) (-880 -352 64 ) (-880 -352 256 ) (-880 -144 256 ) 
4 66 179 (-1024 -144 64 ) (-1024 -352 64 ) (-1024 -352 256 ) (-1024 -144 256 ) 
4 66 72 (-1024 -352 64 ) (-880 -352 64 ) (-880 -352 256 ) (-1024 -352 256 ) 
4 67 107 (-176 -864 592 ) (-192 -864 576 ) (-192 -864 144 ) (-176 -864 144 ) 
4 67 106 (0 -864 144 ) (0 -864 768 ) (-176 -864 592 ) (-176 -864 144 ) 
4 67 82 (0 -864 768 ) (0 -864 1919.640015 ) (-192 -864 1919.640015 ) (-192 -864 576 ) 
4 67 69 (-192 -352 1919.640015 ) (-192 -352 416 ) (-192 -864 416 ) (-192 -864 1919.640015 ) 
4 67 68 (-192 -496 144 ) (-192 -352 144 ) (0 -352 144 ) (0 -496 144 ) 
3 69 111 (-352 -864 416 ) (-336 -864 416 ) (-336 -864 432 ) 
4 69 109 (-336 -864 416 ) (-192 -864 416 ) (-192 -864 576 ) (-336 -864 432 ) 
4 69 84 (-406 -864 416 ) (-352 -864 416 ) (-192 -864 576 ) (-406 -864 576 ) 
4 69 83 (-704 -864 576 ) (-704 -864 416 ) (-406 -864 416 ) (-406 -864 576 ) 
4 69 82 (-704 -864 1919.640015 ) (-704 -864 576 ) (-192 -864 576 ) (-192 -864 1919.640015 ) 
4 69 70 (-704 -352 1919.640015 ) (-704 -352 416 ) (-704 -864 416 ) (-704 -864 1919.640015 ) 
4 70 177 (-1024 -864 400 ) (-1024 -864 1919.640015 ) (-1024 -352 1919.640015 ) (-1024 -352 400 ) 
4 70 99 (-1024 -864 1919.640015 ) (-1024 -864 400 ) (-896 -864 400 ) (-896 -864 1919.640015 ) 
4 70 83 (-896 -864 400 ) (-704 -864 400 ) (-704 -864 576 ) (-896 -864 576 ) 
4 70 82 (-704 -864 576 ) (-704 -864 1919.640015 ) (-896 -864 1919.640015 ) (-896 -864 576 ) 
4 70 78 (-832 -864 400 ) (-896 -864 400 ) (-896 -768 400 ) (-832 -768 400 ) 
4 70 77 (-896 -544 400 ) (-832 -582.399292 400 ) (-832 -768 400 ) (-896 -768 400 ) 
4 70 76 (-1024 -467.201691 400 ) (-1024 -432 400 ) (-832 -432 400 ) (-832 -582.399292 400 ) 
4 70 75 (-792 -864 400 ) (-832 -864 400 ) (-832 -432 400 ) (-792 -432 400 ) 
4 70 73 (-704 -432 400 ) (-704 -864 400 ) (-792 -864 400 ) (-792 -432 400 ) 
4 70 71 (-880 -352 400 ) (-704 -352 400 ) (-704 -432 400 ) (-880 -432 400 ) 
4 70 72 (-1024 -352 400 ) (-880 -352 400 ) (-880 -432 400 ) (-1024 -432 400 ) 
4 71 76 (-832 -432 400 ) (-880 -432 400 ) (-880 -432 256 ) (-832 -432 256 ) 
4 71 75 (-792 -432 400 ) (-832 -432 400 ) (-832 -432 256 ) (-792 -432 256 ) 
4 71 73 (-704 -432 256 ) (-704 -432 400 ) (-792 -432 400 ) (-792 -432 256 ) 
4 71 72 (-880 -432 256 ) (-880 -432 400 ) (-880 -352 400 ) (-880 -352 256 ) 
4 72 179 (-1024 -352 64 ) (-1024 -432 64 ) (-1024 -432 400 ) (-1024 -352 400 ) 
4 72 76 (-1024 -432 64 ) (-880 -432 64 ) (-880 -432 400 ) (-1024 -432 400 ) 
4 73 83 (-704 -864 256 ) (-704 -864 400 ) (-792 -864 400 ) (-792 -864 256 ) 
4 73 75 (-792 -432 400 ) (-792 -432 256 ) (-792 -864 256 ) (-792 -864 400 ) 
4 73 74 (-792 -864 256 ) (-792 -464 256 ) (-704 -544 256 ) (-704 -864 256 ) 
4 74 83 (-792 -864 64 ) (-704 -864 64 ) (-704 -864 256 ) (-792 -864 256 ) 
4 74 75 (-792 -464 64 ) (-792 -864 64 ) (-792 -864 256 ) (-792 -464 256 ) 
4 75 83 (-832 -864 64 ) (-792 -864 64 ) (-792 -864 400 ) (-832 -864 400 ) 
4 75 79 (-832 -832 64 ) (-832 -864 64 ) (-832 -864 136 ) (-832 -832 136 ) 
4 75 78 (-832 -864 136 ) (-832 -864 400 ) (-832 -768 400 ) (-832 -768 136 ) 
4 75 77 (-832 -582.399292 64 ) (-832 -768 64 ) (-832 -768 400 ) (-832 -582.399231 400 ) 
4 75 76 (-832 -432 400 ) (-832 -432 64 ) (-832 -582.399292 64 ) (-832 -582.399231 400 ) 
4 76 179 (-1024 -432 64 ) (-1024 -467.201691 64 ) (-1024 -467.201691 400 ) (-1024 -432 400 ) 
4 76 77 (-896 -543.998718 64 ) (-832 -582.398010 64 ) (-832 -582.398010 400 ) (-896 -543.998718 400 ) 
4 77 78 (-832 -768 136 ) (-832 -768 400 ) (-896 -768 400 ) (-896 -768 136 ) 
4 78 83 (-832 -864 136 ) (-832 -864 400 ) (-896 -864 400 ) (-896 -864 136 ) 
3 78 79 (-896 -864 136 ) (-832 -832 136 ) (-832 -864 136 ) 
4 79 83 (-896 -864 64 ) (-832 -864 64 ) (-832 -864 136 ) (-896 -864 136 ) 
4 80 116 (0 -864 0 ) (0 -864 64 ) (-192 -864 64 ) (-192 -864 0 ) 
4 80 81 (0 -864 0 ) (-192 -864 0 ) (-192 -368 0 ) (0 -368 0 ) 
4 81 207 (-1024 0 0 ) (-1024 0 -807.635986 ) (-1024 -864 -807.635986 ) (-1024 -864 0 ) 
5 81 118 (0 -864 -807.635986 ) (0 -864 0 ) (-768 -864 0 ) (-1024 -864 -256 ) (-1024 -864 -807.635986 ) 
3 81 105 (-768 -864 0 ) (-1024 -864 0 ) (-1024 -864 -256 ) 
4 82 134 (-304 -1024 1919.640015 ) (-896 -1024 1919.640015 ) (-896 -1024 576 ) (-304 -1024 576 ) 
4 82 128 (-192 -1024 1919.640015 ) (-304 -1024 1919.640015 ) (-304 -1024 576 ) (-192 -1024 576 ) 
4 82 125 (-176 -1024 1919.640015 ) (-192 -1024 1919.640015 ) (-192 -1024 576 ) (-176 -1024 592 ) 
4 82 124 (0 -1024 768 ) (0 -1024 1919.640015 ) (-176 -1024 1919.640015 ) (-176 -1024 592 ) 
4 82 108 (-176 -984 592 ) (-176 -1024 592 ) (-192 -1024 576 ) (-192 -984 576 ) 
4 82 107 (-192 -864 576 ) (-176 -864 592 ) (-176 -984 592 ) (-192 -984 576 ) 
4 82 106 (-176 -864 592 ) (0 -864 768 ) (0 -1024 768 ) (-176 -1024 592 ) 
4 82 99 (-896 -864 1919.640015 ) (-896 -864 576 ) (-896 -1024 576 ) (-896 -1024 1919.640015 ) 
3 82 98 (-730.259460 -935.146484 576 ) (-722 -936.796692 576 ) (-716.591736 -944.608337 576 ) 
3 82 97 (-746.003845 -932 576 ) (-727.835815 -928.367249 576 ) (-722 -936.796692 576 ) 
3 82 96 (-707.150208 -958.245789 576 ) (-702.260437 -965.308655 576 ) (-704 -974.003784 576 ) 
3 82 95 (-727.835815 -928.367249 576 ) (-693.499756 -921.500000 576 ) (-702.260437 -965.308655 576 ) 
3 82 94 (-770 -936.800049 576 ) (-761.752197 -935.150513 576 ) (-775.395813 -944.595215 576 ) 
3 82 93 (-781 -939 576 ) (-770 -936.800049 576 ) (-784.849121 -958.251770 576 ) 
3 82 92 (-794.461121 -941.692261 576 ) (-781 -939 576 ) (-788 -974.004456 576 ) 
3 82 91 (-815.242065 -945.848450 576 ) (-794.461121 -941.692261 576 ) (-784.849182 -989.754944 576 ) 
3 82 90 (-848.803345 -952.560669 576 ) (-815.242065 -945.848450 576 ) (-775.404480 -1003.399048 576 ) 
4 82 89 (-896 -985.994385 576 ) (-896 -962 576 ) (-848.803345 -952.560669 576 ) (-761.760254 -1012.849487 576 ) 
4 82 88 (-896 -1024 576 ) (-896 -985.994385 576 ) (-746.005981 -1016.001160 576 ) (-786 -1024 576 ) 
3 82 87 (-730.266785 -1012.853271 576 ) (-746.372192 -1024 576 ) (-786 -1024 576 ) 
3 82 86 (-716.598083 -1003.393066 576 ) (-730.874207 -1024 576 ) (-746.372192 -1024 576 ) 
3 82 85 (-707.148804 -989.753418 576 ) (-713.997314 -1024 576 ) (-730.874207 -1024 576 ) 
5 82 84 (-693.499756 -921.500000 576 ) (-406 -864 576 ) (-192 -864 576 ) (-192 -1024 576 ) (-713.997314 -1024 576 ) 
3 82 83 (-896 -962 576 ) (-896 -864 576 ) (-406 -864 576 ) 
4 83 113 (-704 -864 64 ) (-640 -864 128 ) (-640 -910.800049 128 ) (-704 -923.600037 64 ) 
3 83 111 (-640 -864 128 ) (-406 -864 362 ) (-640 -910.800049 128 ) 
5 83 104 (-896 -864 160 ) (-896 -864 64 ) (-896 -912 16 ) (-896 -962 16 ) (-896 -962 160 ) 
4 83 102 (-896 -962 288 ) (-896 -962 368 ) (-896 -928 368 ) (-896 -928 288 ) 
4 83 99 (-896 -864 576 ) (-896 -864 400 ) (-896 -962 400 ) (-896 -962 576 ) 
4 83 97 (-727.835815 -928.367126 576 ) (-746.004211 -932 576 ) (-746 -932 22 ) (-727.835999 -928.367249 40.163742 ) 
4 83 95 (-693.499817 -921.499939 576 ) (-727.835815 -928.367126 576 ) (-727.835999 -928.367249 40.163742 ) (-693.501099 -921.500244 74.498428 ) 
4 83 94 (-761.752075 -935.150391 576 ) (-770 -936.799927 576 ) (-770 -936.800171 16 ) (-761.757996 -935.151611 16 ) 
4 83 93 (-770 -936.799927 576 ) (-781 -939 576 ) (-781.001465 -939 16 ) (-770 -936.800171 16 ) 
4 83 92 (-781 -939 576 ) (-794.461121 -941.692200 576 ) (-794.461182 -941.692261 16 ) (-781.001465 -939 16 ) 
4 83 91 (-794.461121 -941.692200 576 ) (-815.242065 -945.848389 576 ) (-815.243103 -945.848633 16 ) (-794.461182 -941.692261 16 ) 
4 83 90 (-815.242065 -945.848389 576 ) (-848.803345 -952.560669 576 ) (-848.796692 -952.559326 16 ) (-815.243103 -945.848633 16 ) 
4 83 89 (-848.803345 -952.560669 576 ) (-896 -962 576 ) (-896 -962 16 ) (-848.796692 -952.559326 16 ) 
4 83 84 (-406 -864 576 ) (-693.499817 -921.499939 576 ) (-693.501099 -921.500244 74.498428 ) (-406 -864 361.997620 ) 
3 84 170 (-713.998657 -1024 54.001343 ) (-704 -1024 64 ) (-713.998657 -1024 64 ) 
4 84 137 (-704 -1024 64 ) (-640 -1024 128 ) (-713.998474 -1024 128 ) (-713.998657 -1024 64 ) 
4 84 135 (-640 -1024 128 ) (-576 -1024 192 ) (-713.998291 -1024 192 ) (-713.998474 -1024 128 ) 
5 84 134 (-576 -1024 192 ) (-304 -1024 464 ) (-304 -1024 576 ) (-713.997314 -1024 576 ) (-713.998291 -1024 192 ) 
3 84 128 (-304 -1024 464 ) (-192 -1024 576 ) (-304 -1024 576 ) 
5 84 113 (-640 -1024 128 ) (-704 -1024 64 ) (-704 -974 64 ) (-693.501099 -921.500244 74.498810 ) (-640 -910.799988 128 ) 
5 84 111 (-406 -864 362 ) (-336 -864 432 ) (-336 -1024 432 ) (-640 -1024 128 ) (-640 -910.799988 128 ) 
4 84 109 (-336 -864 432 ) (-192 -864 576 ) (-192 -1024 576 ) (-336 -1024 432 ) 
4 84 96 (-702.261841 -965.307068 65.738098 ) (-704 -974 64 ) (-704 -974.002686 576 ) (-702.260742 -965.308044 576 ) 
4 84 95 (-693.500916 -921.503601 576 ) (-693.502258 -921.503845 74.497711 ) (-702.261841 -965.307068 65.738098 ) (-702.260742 -965.308044 576 ) 
4 84 85 (-707.150452 -989.752930 60.849495 ) (-714 -1024 54 ) (-713.997681 -1024 576 ) (-707.149353 -989.754211 576 ) 
4 85 170 (-730.876282 -1024 37.123703 ) (-713.998657 -1024 54.001343 ) (-713.998657 -1024 64 ) (-730.876160 -1024 64 ) 
4 85 137 (-713.998657 -1024 64 ) (-713.998474 -1024 128 ) (-730.875916 -1024 128 ) (-730.876160 -1024 64 ) 
4 85 135 (-713.998474 -1024 128 ) (-713.998291 -1024 192 ) (-730.875671 -1024 192 ) (-730.875916 -1024 128 ) 
4 85 134 (-713.998291 -1024 192 ) (-713.997314 -1024 576 ) (-730.874207 -1024 576 ) (-730.875671 -1024 192 ) 
4 85 86 (-716.625549 -1003.424377 51.374435 ) (-730.880188 -1024 37.119820 ) (-730.878113 -1024 576 ) (-716.605347 -1003.398071 576 ) 
4 86 170 (-746.353394 -1024 21.646605 ) (-730.876282 -1024 37.123703 ) (-730.876160 -1024 64 ) (-746.354858 -1024 64 ) 
4 86 137 (-730.876160 -1024 64 ) (-730.875916 -1024 128 ) (-746.357056 -1024 128 ) (-746.354858 -1024 64 ) 
4 86 135 (-730.875916 -1024 128 ) (-730.875671 -1024 192 ) (-746.359192 -1024 192 ) (-746.357056 -1024 128 ) 
4 86 134 (-730.875671 -1024 192 ) (-730.874207 -1024 576 ) (-746.372192 -1024 576 ) (-746.359192 -1024 192 ) 
4 86 87 (-730.243652 -1012.848694 37.756374 ) (-746.355042 -1024 21.644983 ) (-746.373779 -1024 576 ) (-730.269287 -1012.853821 576 ) 
5 87 170 (-786 -1024 16 ) (-752 -1024 16 ) (-746.353394 -1024 21.646605 ) (-746.354858 -1024 64 ) (-786 -1024 64 ) 
4 87 137 (-746.354858 -1024 64 ) (-746.357056 -1024 128 ) (-786 -1024 128 ) (-786 -1024 64 ) 
4 87 135 (-746.357056 -1024 128 ) (-746.359192 -1024 192 ) (-786 -1024 192 ) (-786 -1024 128 ) 
4 87 134 (-746.359192 -1024 192 ) (-746.372192 -1024 576 ) (-786 -1024 576 ) (-786 -1024 192 ) 
5 87 88 (-746.001404 -1016 21.998573 ) (-752 -1017.199463 16 ) (-786.002075 -1024 16 ) (-786.001953 -1024 576 ) (-746.007019 -1016 576 ) 
4 88 170 (-896 -1024 64 ) (-896 -1024 16 ) (-786 -1024 16 ) (-786 -1024 64 ) 
4 88 137 (-896 -1024 128 ) (-896 -1024 64 ) (-786 -1024 64 ) (-786 -1024 128 ) 
4 88 135 (-896 -1024 192 ) (-896 -1024 128 ) (-786 -1024 128 ) (-786 -1024 192 ) 
4 88 134 (-896 -1024 576 ) (-896 -1024 192 ) (-786 -1024 192 ) (-786 -1024 576 ) 
4 88 104 (-896 -985.992004 16 ) (-896 -1024 16 ) (-896 -1024 160 ) (-896 -985.992615 160 ) 
4 88 102 (-896 -1024 288 ) (-896 -1024 368 ) (-896 -985.993530 368 ) (-896 -985.993164 288 ) 
4 88 99 (-896 -1024 400 ) (-896 -1024 576 ) (-896 -985.994385 576 ) (-896 -985.993652 400 ) 
4 88 89 (-761.752747 -1012.848755 16 ) (-896 -985.992371 16 ) (-896 -985.994751 576 ) (-761.759644 -1012.849792 576 ) 
4 89 104 (-896 -962 16 ) (-896 -985.992004 16 ) (-896 -985.992615 160 ) (-896 -962 160 ) 
4 89 102 (-896 -985.993164 288 ) (-896 -985.993530 368 ) (-896 -962 368 ) (-896 -962 288 ) 
4 89 99 (-896 -985.993652 400 ) (-896 -985.994385 576 ) (-896 -962 576 ) (-896 -962 400 ) 
4 89 90 (-775.412048 -1003.389893 16 ) (-848.799011 -952.560181 16 ) (-848.805603 -952.561523 576 ) (-775.401978 -1003.402771 576 ) 
4 90 91 (-784.847534 -989.763306 16 ) (-815.244934 -945.849792 16 ) (-815.243958 -945.849609 576 ) (-784.847839 -989.761353 576 ) 
4 91 92 (-788 -974.001221 16 ) (-794.461548 -941.693787 16 ) (-794.461548 -941.693787 576 ) (-788 -974.005676 576 ) 
4 92 93 (-784.851685 -958.254456 16 ) (-781.002014 -939.002563 16 ) (-781 -939.002197 576 ) (-784.849365 -958.252136 576 ) 
4 93 94 (-775.392456 -944.589905 16 ) (-770 -936.800110 16 ) (-770 -936.799927 576 ) (-775.394958 -944.594543 576 ) 
4 95 113 (-704 -923.600037 64 ) (-693.501099 -921.500244 74.498810 ) (-702.261536 -965.307556 65.738388 ) (-704 -962.796570 64 ) 
4 95 98 (-721.998962 -936.795471 46 ) (-716.591309 -944.606384 51.408661 ) (-716.587830 -944.611023 576 ) (-721.997437 -936.797302 576 ) 
4 95 97 (-727.834045 -928.366821 576 ) (-727.834290 -928.366882 40.165649 ) (-721.998962 -936.795471 46 ) (-721.997437 -936.797302 576 ) 
4 95 96 (-707.151001 -958.242004 60.848972 ) (-702.261047 -965.305115 65.738922 ) (-702.260010 -965.306274 576 ) (-707.151123 -958.241516 576 ) 
3 96 113 (-704 -962.796570 64 ) (-702.261536 -965.307556 65.738388 ) (-704 -974 64 ) 
4 97 98 (-730.257751 -935.145325 37.742249 ) (-722.002869 -936.794678 45.997143 ) (-722.001282 -936.796509 576 ) (-730.259399 -935.146545 576 ) 
4 99 180 (-1024 -1024 400 ) (-1024 -1024 1919.640015 ) (-1024 -864 1919.640015 ) (-1024 -864 400 ) 
4 99 154 (-912 -1024 400 ) (-896 -1024 400 ) (-896 -1024 1919.640015 ) (-912 -1024 1919.640015 ) 
4 99 155 (-1024 -1024 1919.640015 ) (-1024 -1024 400 ) (-912 -1024 400 ) (-912 -1024 1919.640015 ) 
4 99 100 (-1024 -864 400 ) (-912 -864 400 ) (-912 -1024 400 ) (-1024 -1024 400 ) 
4 100 180 (-1024 -1024 368 ) (-1024 -1024 400 ) (-1024 -864 400 ) (-1024 -864 368 ) 
4 100 155 (-1024 -1024 400 ) (-1024 -1024 368 ) (-912 -1024 368 ) (-912 -1024 400 ) 
4 100 103 (-1024 -1024 368 ) (-1024 -928 368 ) (-912 -928 368 ) (-912 -1024 368 ) 
4 100 101 (-1024 -928 368 ) (-1024 -864 368 ) (-912 -864 368 ) (-912 -928 368 ) 
4 101 180 (-1024 -928 368 ) (-1024 -864 368 ) (-1024 -864 256 ) (-1024 -928 256 ) 
4 101 103 (-1024 -928 256 ) (-912 -928 256 ) (-912 -928 368 ) (-1024 -928 368 ) 
4 102 157 (-903 -1024 368 ) (-905 -1024 368 ) (-905 -1024 288 ) (-903 -1024 288 ) 
4 102 156 (-896 -1024 288 ) (-896 -1024 368 ) (-903 -1024 368 ) (-903 -1024 288 ) 
4 102 158 (-905 -1024 368 ) (-912 -1024 368 ) (-912 -1024 288 ) (-905 -1024 288 ) 
4 102 103 (-912 -928 368 ) (-912 -928 288 ) (-912 -1024 288 ) (-912 -1024 368 ) 
4 103 180 (-1024 -1024 256 ) (-1024 -1024 368 ) (-1024 -928 368 ) (-1024 -928 256 ) 
4 103 159 (-1024 -1024 288 ) (-1024 -1024 256 ) (-912 -1024 256 ) (-912 -1024 288 ) 
4 103 158 (-1024 -1024 368 ) (-1024 -1024 288 ) (-912 -1024 288 ) (-912 -1024 368 ) 
5 104 181 (-1024 -1024 16 ) (-1024 -1024 160 ) (-1024 -864 160 ) (-1024 -864 64 ) (-1024 -912 16 ) 
4 104 170 (-1024 -1024 64 ) (-1024 -1024 16 ) (-896 -1024 16 ) (-896 -1024 64 ) 
4 104 160 (-1024 -1024 160 ) (-1024 -1024 64 ) (-896 -1024 64 ) (-896 -1024 160 ) 
4 105 207 (-1024 -1024 -256 ) (-1024 -1024 0 ) (-1024 -864 0 ) (-1024 -864 -256 ) 
3 105 174 (-1024 -1024 0 ) (-1024 -1024 -256 ) (-768 -1024 0 ) 
4 105 118 (-1024 -1024 -256 ) (-1024 -864 -256 ) (-768 -864 0 ) (-768 -1024 0 ) 
4 106 124 (0 -1024 144 ) (0 -1024 768 ) (-176 -1024 592 ) (-176 -1024 144 ) 
4 106 108 (-176 -1024 224 ) (-176 -1024 592 ) (-176 -984 592 ) (-176 -984 224 ) 
4 106 107 (-176 -864 144 ) (-176 -984 144 ) (-176 -984 592 ) (-176 -864 592 ) 
4 107 109 (-192 -984 576 ) (-192 -864 576 ) (-192 -864 416 ) (-192 -984 416 ) 
4 107 108 (-192 -984 575.996094 ) (-192 -984 224 ) (-176 -984 224 ) (-176 -984 592 ) 
4 108 125 (-176 -1024 592 ) (-192 -1024 576 ) (-192 -1024 224 ) (-176 -1024 224 ) 
4 108 109 (-192 -1024 416 ) (-192 -1024 576 ) (-192 -984 576 ) (-192 -984 416 ) 
4 109 134 (-304 -1024 464 ) (-336 -1024 432 ) (-336 -1024 416 ) (-304 -1024 416 ) 
4 109 128 (-192 -1024 576 ) (-304 -1024 464 ) (-304 -1024 416 ) (-192 -1024 416 ) 
4 109 111 (-336 -1024 416 ) (-336 -1024 432 ) (-336 -864 432 ) (-336 -864 416 ) 
3 109 110 (-336 -1024 416 ) (-336 -928 416 ) (-264 -1024 416 ) 
4 110 138 (-306.779541 -1024 64 ) (-304 -1024 64 ) (-304 -1024 192 ) (-306.781494 -1024 192 ) 
4 110 136 (-336 -1024 128 ) (-336 -1024 64 ) (-306.779541 -1024 64 ) (-306.780518 -1024 128 ) 
4 110 135 (-336 -1024 192 ) (-336 -1024 128 ) (-306.780518 -1024 128 ) (-306.781494 -1024 192 ) 
4 110 134 (-336 -1024 416 ) (-336 -1024 192 ) (-304 -1024 192 ) (-304 -1024 416 ) 
4 110 131 (-304 -1024 64 ) (-264 -1024 64 ) (-264 -1024 416 ) (-304 -1024 416 ) 
4 110 115 (-336 -928 64 ) (-336 -978.943054 64 ) (-336 -978.943054 128 ) (-336 -928 128 ) 
4 110 112 (-336 -978.943054 64 ) (-336 -1024 64 ) (-336 -1024 128 ) (-336 -978.943054 128 ) 
4 110 111 (-336 -1024 128 ) (-336 -1024 416 ) (-336 -928 416 ) (-336 -928 128 ) 
4 111 135 (-576 -1024 192 ) (-640 -1024 128 ) (-336 -1024 128 ) (-336 -1024 192 ) 
3 111 134 (-336 -1024 432 ) (-576 -1024 192 ) (-336 -1024 192 ) 
5 111 115 (-351.810486 -864 128 ) (-336 -864 128 ) (-336 -978.943115 128 ) (-376.422058 -1015.340088 128 ) (-440.656616 -944 128 ) 
3 111 114 (-497.809875 -1024 128 ) (-529.501587 -1024 128 ) (-512 -1008.240540 128 ) 
4 111 113 (-640 -1024 128 ) (-640 -864 128 ) (-351.810486 -864 128 ) (-529.501587 -1024 128 ) 
3 111 112 (-336 -978.943115 128 ) (-336 -1024 128 ) (-386.039612 -1024 128 ) 
4 112 136 (-386.039612 -1024 64 ) (-336 -1024 64 ) (-336 -1024 128 ) (-386.039612 -1024 128 ) 
4 112 115 (-376.422821 -1015.339294 128 ) (-336 -978.941406 128 ) (-336 -978.941406 64 ) (-376.422302 -1015.338623 64 ) 
4 113 137 (-640 -1024 128 ) (-704 -1024 64 ) (-529.502625 -1024 64 ) (-529.501587 -1024 128 ) 
4 113 115 (-440.659546 -943.996094 64 ) (-351.817993 -864 64 ) (-351.816956 -864 128 ) (-440.659485 -943.997314 128 ) 
4 113 114 (-529.509766 -1024 64 ) (-512.003235 -1008.236511 64 ) (-512.002441 -1008.237305 128 ) (-529.508057 -1024 128 ) 
4 114 137 (-529.502625 -1024 64 ) (-497.809784 -1024 64 ) (-497.809875 -1024 128 ) (-529.501587 -1024 128 ) 
4 116 168 (0 -1024 0 ) (0 -1024 64 ) (-192 -1024 64 ) (-192 -1024 0 ) 
4 116 118 (0 -1024 0 ) (-192 -1024 0 ) (-192 -864 0 ) (0 -864 0 ) 
4 117 172 (-752 -1024 16 ) (-752 -1024 0 ) (-704 -1024 0 ) (-704 -1024 16 ) 
4 117 118 (-704 -1024 0 ) (-752 -1024 0 ) (-752 -864 0 ) (-704 -864 0 ) 
4 118 207 (-1024 -1024 -807.635986 ) (-1024 -1024 -256 ) (-1024 -864 -256 ) (-1024 -864 -807.635986 ) 
5 118 174 (0 -1024 -807.635986 ) (0 -1024 0 ) (-768 -1024 0 ) (-1024 -1024 -256 ) (-1024 -1024 -807.635986 ) 
4 119 175 (512 -2048 1919.640015 ) (128 -2048 1919.640015 ) (128 -2048 64 ) (512 -2048 64 ) 
4 119 123 (512 -2048 64 ) (128 -2048 64 ) (128 -1024 64 ) (512 -1024 64 ) 
4 119 121 (128 -1856 320 ) (128 -1856 1919.640015 ) (128 -1792 1919.640015 ) (128 -1792 320 ) 
4 119 122 (128 -1856 64 ) (128 -2048 64 ) (128 -2048 1919.640015 ) (128 -1856 1919.640015 ) 
4 119 120 (128 -1024 1919.640015 ) (128 -1024 144 ) (128 -1792 144 ) (128 -1792 1919.640015 ) 
4 120 145 (0 -1664 144 ) (0 -1792 144 ) (0 -1792 1919.640015 ) (0 -1664 1919.640015 ) 
4 120 127 (0 -1408 144 ) (0 -1664 144 ) (0 -1664 200 ) (0 -1408 200 ) 
4 120 126 (0 -1664 200 ) (0 -1664 1919.640015 ) (0 -1408 1919.640015 ) (0 -1408 200 ) 
4 120 124 (0 -1024 1919.640015 ) (0 -1024 144 ) (0 -1408 144 ) (0 -1408 1919.640015 ) 
4 120 121 (128 -1792 320 ) (128 -1792 1919.640015 ) (0 -1792 1919.640015 ) (0 -1792 320 ) 
4 121 147 (0 -1856 320 ) (0 -1856 1919.640015 ) (0 -1792 1919.640015 ) (0 -1792 320 ) 
4 121 122 (128 -1856 320 ) (128 -1856 1919.640015 ) (0 -1856 1919.640015 ) (0 -1856 320 ) 
4 122 175 (0 -2048 1919.640015 ) (0 -2048 64 ) (128 -2048 64 ) (128 -2048 1919.640015 ) 
4 122 148 (0 -1856 64 ) (0 -2048 64 ) (0 -2048 1919.640015 ) (0 -1856 1919.640015 ) 
4 122 123 (128 -2048 64 ) (0 -2048 64 ) (0 -1856 64 ) (128 -1856 64 ) 
4 123 175 (512 -2048 64 ) (0 -2048 64 ) (0 -2048 -807.635986 ) (512 -2048 -807.635986 ) 
4 123 174 (0 -1024 0 ) (0 -1024 -807.635986 ) (0 -2048 -807.635986 ) (0 -2048 0 ) 
4 123 168 (0 -1024 64 ) (0 -1024 0 ) (0 -2048 0 ) (0 -2048 64 ) 
4 124 127 (-176 -1408 144 ) (0 -1408 144 ) (0 -1408 200 ) (-176 -1408 200 ) 
4 124 126 (0 -1408 200 ) (0 -1408 1919.640015 ) (-176 -1408 1919.640015 ) (-176 -1408 200 ) 
4 124 125 (-176 -1408 224 ) (-176 -1408 1919.640015 ) (-176 -1024 1919.640015 ) (-176 -1024 224 ) 
4 125 129 (-192 -1120 224 ) (-192 -1184 224 ) (-192 -1184 416 ) (-192 -1120 416 ) 
4 125 130 (-192 -1184 224 ) (-192 -1408 224 ) (-192 -1408 416 ) (-192 -1184 416 ) 
4 125 128 (-192 -1024 1919.640015 ) (-192 -1024 416 ) (-192 -1408 416 ) (-192 -1408 1919.640015 ) 
4 125 126 (-192 -1408 1919.640015 ) (-192 -1408 224 ) (-176 -1408 224 ) (-176 -1408 1919.640015 ) 
4 126 145 (0 -1664 200 ) (0 -1664 1919.640015 ) (-192 -1664 1919.640015 ) (-192 -1664 200 ) 
4 126 130 (-192 -1664 200 ) (-192 -1664 416 ) (-192 -1408 416 ) (-192 -1408 200 ) 
4 126 128 (-192 -1664 416 ) (-192 -1664 1919.640015 ) (-192 -1408 1919.640015 ) (-192 -1408 416 ) 
4 126 127 (0 -1664 200 ) (-184 -1664 200 ) (-184 -1408 200 ) (0 -1408 200 ) 
4 127 145 (0 -1664 144 ) (0 -1664 200 ) (-184 -1664 200 ) (-184 -1664 144 ) 
4 128 145 (-192 -1664 416 ) (-192 -1664 1919.640015 ) (-304 -1664 1919.640015 ) (-304 -1664 416 ) 
4 128 134 (-304 -1664 416 ) (-304 -1664 1919.640015 ) (-304 -1024 1919.640015 ) (-304 -1024 416 ) 
4 128 132 (-304 -1168 416 ) (-304 -1120 416 ) (-256 -1120 416 ) (-256 -1168 416 ) 
4 128 133 (-304 -1664 416 ) (-304 -1168 416 ) (-256 -1168 416 ) (-256 -1664 416 ) 
5 128 131 (-304 -1120 416 ) (-304 -1024 416 ) (-264 -1024 416 ) (-256 -1034.666626 416 ) (-256 -1120 416 ) 
4 128 129 (-192 -1120 416 ) (-192 -1184 416 ) (-256 -1184 416 ) (-256 -1034.666626 416 ) 
4 128 130 (-192 -1184 416 ) (-192 -1664 416 ) (-256 -1664 416 ) (-256 -1184 416 ) 
4 129 132 (-256 -1168 416 ) (-256 -1120 416 ) (-256 -1120 176 ) (-256 -1168 176 ) 
4 129 133 (-256 -1184 176 ) (-256 -1184 416 ) (-256 -1168 416 ) (-256 -1168 176 ) 
4 129 131 (-256 -1120 416 ) (-256 -1034.666626 416 ) (-256 -1034.666626 176 ) (-256 -1120 176 ) 
4 129 130 (-256 -1184 416 ) (-256 -1184 176 ) (-192 -1184 176 ) (-192 -1184 416 ) 
4 130 145 (-256 -1664 64 ) (-192 -1664 64 ) (-192 -1664 416 ) (-256 -1664 416 ) 
4 130 133 (-256 -1184 64 ) (-256 -1664 64 ) (-256 -1664 416 ) (-256 -1184 416 ) 
4 131 138 (-304 -1024 64 ) (-304 -1120 64 ) (-304 -1120 192 ) (-304 -1024 192 ) 
4 131 134 (-304 -1120 192 ) (-304 -1120 416 ) (-304 -1024 416 ) (-304 -1024 192 ) 
4 131 132 (-256 -1120 120 ) (-256 -1120 416 ) (-304 -1120 416 ) (-304 -1120 120 ) 
4 132 138 (-304 -1168 120 ) (-304 -1168 192 ) (-304 -1120 192 ) (-304 -1120 120 ) 
4 132 134 (-304 -1168 192 ) (-304 -1168 416 ) (-304 -1120 416 ) (-304 -1120 192 ) 
4 132 133 (-256 -1168 120 ) (-256 -1168 416 ) (-304 -1168 416 ) (-304 -1168 120 ) 
4 133 145 (-304 -1664 64 ) (-256 -1664 64 ) (-256 -1664 416 ) (-304 -1664 416 ) 
4 133 140 (-304 -1361.769165 64 ) (-304 -1664 64 ) (-304 -1664 192 ) (-304 -1361.769165 192 ) 
4 133 138 (-304 -1168 64 ) (-304 -1361.769165 64 ) (-304 -1361.769165 192 ) (-304 -1168 192 ) 
4 133 134 (-304 -1664 192 ) (-304 -1664 416 ) (-304 -1168 416 ) (-304 -1168 192 ) 
4 134 164 (-896 -1536 192 ) (-896 -1664 192 ) (-896 -1664 208 ) (-896 -1536 208 ) 
4 134 163 (-896 -1664 208 ) (-896 -1664 400 ) (-896 -1536 400 ) (-896 -1536 208 ) 
4 134 161 (-896 -1664 400 ) (-896 -1664 1919.640015 ) (-896 -1120 1919.640015 ) (-896 -1120 400 ) 
4 134 156 (-896 -1024 368 ) (-896 -1024 288 ) (-896 -1120 288 ) (-896 -1120 368 ) 
4 134 154 (-896 -1024 1919.640015 ) (-896 -1024 400 ) (-896 -1120 400 ) (-896 -1120 1919.640015 ) 
4 134 152 (-896 -1664 208 ) (-896 -1664 192 ) (-592 -1664 192 ) (-592 -1664 208 ) 
4 134 150 (-592 -1664 192 ) (-512 -1664 192 ) (-512 -1664 208 ) (-592 -1664 208 ) 
4 134 149 (-896 -1664 1919.640015 ) (-896 -1664 208 ) (-512 -1664 208 ) (-512 -1664 1919.640015 ) 
4 134 146 (-512 -1664 192 ) (-448 -1664 192 ) (-448 -1664 1919.640015 ) (-512 -1664 1919.640015 ) 
4 134 145 (-448 -1664 192 ) (-304 -1664 192 ) (-304 -1664 1919.640015 ) (-448 -1664 1919.640015 ) 
4 134 142 (-644.149170 -1440.400391 192 ) (-498.906494 -1261.132690 192 ) (-482.951447 -1269.370850 192 ) (-587.926025 -1469.430176 192 ) 
4 134 141 (-558.280884 -1575.097168 192 ) (-676.018127 -1479.734985 192 ) (-644.149170 -1440.400391 192 ) (-520.974609 -1504 192 ) 
5 134 140 (-304 -1361.769165 192 ) (-304 -1664 192 ) (-448.518616 -1664 192 ) (-558.280884 -1575.097168 192 ) (-416 -1303.939941 192 ) 
3 134 139 (-448.518616 -1664 192 ) (-825.309692 -1664 192 ) (-676.018127 -1479.734985 192 ) 
4 134 138 (-304 -1024 192 ) (-304 -1361.769165 192 ) (-498.906494 -1261.132690 192 ) (-306.781494 -1024 192 ) 
4 134 135 (-825.309692 -1664 192 ) (-896 -1664 192 ) (-896 -1024 192 ) (-306.781494 -1024 192 ) 
4 135 164 (-896 -1536 128 ) (-896 -1664 128 ) (-896 -1664 192 ) (-896 -1536 192 ) 
4 135 160 (-896 -1024 160 ) (-896 -1024 128 ) (-896 -1120 128 ) (-896 -1120 160 ) 
4 135 152 (-896 -1664 192 ) (-896 -1664 128 ) (-825.308716 -1664 128 ) (-825.309692 -1664 192 ) 
4 135 142 (-498.904633 -1261.133789 192 ) (-644.147217 -1440.401367 192 ) (-644.147095 -1440.402344 128 ) (-498.903900 -1261.134033 128 ) 
4 135 141 (-644.147217 -1440.401367 192 ) (-676.016479 -1479.736328 192 ) (-676.015930 -1479.736816 128 ) (-644.147095 -1440.402344 128 ) 
4 135 139 (-676.016479 -1479.736328 192 ) (-825.306946 -1664 192 ) (-825.305969 -1664 128 ) (-676.015930 -1479.736816 128 ) 
4 135 138 (-306.778748 -1024 192 ) (-498.904633 -1261.133789 192 ) (-498.903900 -1261.134033 128 ) (-306.777771 -1024 128 ) 
4 135 137 (-896 -1483.181152 128 ) (-896 -1024 128 ) (-497.809784 -1024 128 ) (-447.766022 -1079.579956 128 ) 
5 135 136 (-306.778748 -1024 128 ) (-825.306946 -1664 128 ) (-896 -1664 128 ) (-896 -1483.181152 128 ) (-386.039642 -1024 128 ) 
3 136 171 (-741.427246 -1344 64 ) (-704 -1310.299561 64 ) (-704 -1344 64 ) 
4 136 164 (-896 -1536 64 ) (-896 -1664 64 ) (-896 -1664 128 ) (-896 -1536 128 ) 
4 136 152 (-896 -1664 128 ) (-896 -1664 64 ) (-825.307739 -1664 64 ) (-825.308716 -1664 128 ) 
4 136 144 (-635.735718 -1430.021729 64 ) (-498.903229 -1261.134521 64 ) (-498.903870 -1261.134033 128 ) (-635.736389 -1430.021362 128 ) 
4 136 139 (-825.305969 -1664 128 ) (-825.304993 -1664 64 ) (-676.015259 -1479.737305 64 ) (-676.015930 -1479.736816 128 ) 
4 136 138 (-498.903229 -1261.134521 64 ) (-306.776794 -1024 64 ) (-306.777771 -1024 128 ) (-498.903870 -1261.134033 128 ) 
4 136 137 (-896 -1483.180054 64 ) (-896 -1483.180054 128 ) (-447.766357 -1079.579590 128 ) (-447.766357 -1079.579590 64 ) 
5 137 171 (-896 -1344 64 ) (-896 -1120 64 ) (-704 -1120 64 ) (-704 -1310.299561 64 ) (-741.427246 -1344 64 ) 
4 137 170 (-896 -1120 64 ) (-896 -1024 64 ) (-704 -1024 64 ) (-704 -1120 64 ) 
4 137 160 (-896 -1024 128 ) (-896 -1024 64 ) (-896 -1120 64 ) (-896 -1120 128 ) 
4 138 144 (-498.903748 -1261.134033 128 ) (-498.903046 -1261.134399 64 ) (-482.953003 -1269.369995 64 ) (-482.952209 -1269.370361 128 ) 
4 138 142 (-498.904419 -1261.133667 192 ) (-498.903748 -1261.134033 128 ) (-482.952209 -1269.370361 128 ) (-482.951416 -1269.370728 192 ) 
4 138 140 (-416 -1303.940063 64 ) (-304 -1361.769531 64 ) (-304 -1361.769531 192 ) (-416 -1303.940063 192 ) 
4 139 152 (-825.307739 -1664 64 ) (-592 -1664 64 ) (-592 -1664 192 ) (-825.309692 -1664 192 ) 
4 139 150 (-592 -1664 64 ) (-512 -1664 64 ) (-512 -1664 192 ) (-592 -1664 192 ) 
4 139 146 (-448.518616 -1664 128 ) (-448.518616 -1664 192 ) (-512 -1664 192 ) (-512 -1664 128 ) 
4 139 143 (-626.278076 -1520.021362 128 ) (-558.280579 -1575.096558 128 ) (-558.280579 -1575.096558 64 ) (-626.280518 -1520.019409 64 ) 
4 139 141 (-676.018188 -1479.734009 128 ) (-676.018799 -1479.733521 192 ) (-558.280579 -1575.096558 192 ) (-558.280579 -1575.096558 128 ) 
4 139 140 (-558.280579 -1575.096558 192 ) (-448.517517 -1664 192 ) (-448.517517 -1664 64 ) (-558.280579 -1575.096558 64 ) 
4 140 146 (-448 -1664 128 ) (-448 -1664 192 ) (-448.518616 -1664 192 ) (-448.518616 -1664 128 ) 
4 140 145 (-448 -1664 64 ) (-304 -1664 64 ) (-304 -1664 192 ) (-448 -1664 192 ) 
4 140 143 (-520.975403 -1504 64 ) (-558.282227 -1575.099609 64 ) (-558.282227 -1575.099609 128 ) (-520.974915 -1504 128 ) 
4 140 141 (-520.974915 -1504 128 ) (-558.282227 -1575.099609 128 ) (-558.282227 -1575.099609 192 ) (-520.974548 -1504 192 ) 
4 141 143 (-520.979675 -1503.997559 128 ) (-558.281250 -1575.085938 128 ) (-626.273193 -1520.015381 128 ) (-586.080322 -1470.384155 128 ) 
4 141 142 (-587.927551 -1469.431152 128 ) (-644.149475 -1440.401978 128 ) (-644.149597 -1440.400879 192 ) (-587.926331 -1469.430664 192 ) 
4 142 144 (-635.738037 -1430.020142 128 ) (-498.905518 -1261.132813 128 ) (-482.952087 -1269.370117 128 ) (-587.665588 -1468.931885 128 ) 
4 145 147 (0 -1792 320 ) (0 -1792 1919.640015 ) (-448 -1792 1919.640015 ) (-448 -1792 320 ) 
4 145 146 (-448 -1792 128 ) (-448 -1792 1919.640015 ) (-448 -1664 1919.640015 ) (-448 -1664 128 ) 
4 146 150 (-512 -1664 208 ) (-512 -1664 128 ) (-512 -1792 128 ) (-512 -1792 208 ) 
4 146 149 (-512 -1664 1919.640015 ) (-512 -1664 208 ) (-512 -1792 208 ) (-512 -1792 1919.640015 ) 
4 146 147 (-512 -1792 1919.640015 ) (-512 -1792 320 ) (-448 -1792 320 ) (-448 -1792 1919.640015 ) 
4 147 149 (-512 -1856 320 ) (-512 -1856 1919.640015 ) (-512 -1792 1919.640015 ) (-512 -1792 320 ) 
4 147 148 (0 -1856 1919.640015 ) (-512 -1856 1919.640015 ) (-512 -1856 320 ) (0 -1856 320 ) 
4 148 176 (0 -2048 64 ) (0 -2048 1919.640015 ) (-512 -2048 1919.640015 ) (-512 -2048 64 ) 
4 148 169 (-192 -2048 64 ) (-512 -2048 64 ) (-512 -1856 64 ) (-192 -1856 64 ) 
4 148 168 (0 -1856 64 ) (0 -2048 64 ) (-192 -2048 64 ) (-192 -1856 64 ) 
4 148 151 (-512 -1856 64 ) (-512 -2048 64 ) (-512 -2048 208 ) (-512 -1856 208 ) 
4 148 149 (-512 -2048 208 ) (-512 -2048 1919.640015 ) (-512 -1856 1919.640015 ) (-512 -1856 208 ) 
4 149 176 (-896 -2048 1919.640015 ) (-896 -2048 208 ) (-512 -2048 208 ) (-512 -2048 1919.640015 ) 
4 149 167 (-896 -2048 208 ) (-896 -2048 256 ) (-896 -1920 256 ) (-896 -1920 208 ) 
4 149 166 (-896 -2048 256 ) (-896 -2048 1919.640015 ) (-896 -1856 1919.640015 ) (-896 -1856 256 ) 
4 149 163 (-896 -1664 400 ) (-896 -1664 208 ) (-896 -1856 208 ) (-896 -1856 400 ) 
4 149 161 (-896 -1856 1919.640015 ) (-896 -1664 1919.640015 ) (-896 -1664 400 ) (-896 -1856 400 ) 
4 149 152 (-896 -1760 208 ) (-896 -1664 208 ) (-592 -1664 208 ) (-592 -1760 208 ) 
4 149 153 (-896 -2048 208 ) (-896 -1856 208 ) (-592 -1856 208 ) (-592 -2048 208 ) 
4 149 150 (-592 -1664 208 ) (-512 -1664 208 ) (-512 -1816 208 ) (-592 -1784 208 ) 
4 149 151 (-512 -1848 208 ) (-512 -2048 208 ) (-592 -2048 208 ) (-592 -1848 208 ) 
4 150 152 (-592 -1760 208 ) (-592 -1664 208 ) (-592 -1664 64 ) (-592 -1760 64 ) 
4 151 176 (-592 -2048 64 ) (-512 -2048 64 ) (-512 -2048 208 ) (-592 -2048 208 ) 
4 151 169 (-512 -2048 64 ) (-592 -2048 64 ) (-592 -1856 64 ) (-512 -1856 64 ) 
4 151 153 (-592 -2048 208 ) (-592 -1856 208 ) (-592 -1856 64 ) (-592 -2048 64 ) 
4 152 164 (-896 -1664 64 ) (-896 -1728 64 ) (-896 -1728 208 ) (-896 -1664 208 ) 
4 153 176 (-896 -2048 208 ) (-896 -2048 64 ) (-592 -2048 64 ) (-592 -2048 208 ) 
4 153 173 (-704 -2048 64 ) (-896 -2048 64 ) (-896 -1856 64 ) (-704 -1856 64 ) 
4 153 169 (-592 -2048 64 ) (-704 -2048 64 ) (-704 -1856 64 ) (-592 -1856 64 ) 
4 153 167 (-896 -1920 64 ) (-896 -2048 64 ) (-896 -2048 208 ) (-896 -1920 208 ) 
4 154 161 (-896 -1120 400 ) (-896 -1120 1919.640015 ) (-912 -1120 1919.640015 ) (-912 -1120 400 ) 
4 154 155 (-912 -1120 400 ) (-912 -1120 1919.640015 ) (-912 -1024 1919.640015 ) (-912 -1024 400 ) 
4 155 215 (-1024 -1024 400 ) (-1024 -1024 368 ) (-1024 -1120 368 ) (-1024 -1120 400 ) 
4 155 214 (-1024 -1024 1919.640015 ) (-1024 -1024 400 ) (-1024 -1120 400 ) (-1024 -1120 1919.640015 ) 
4 155 162 (-1024 -1120 400 ) (-1024 -1120 368 ) (-920 -1120 368 ) (-920 -1120 400 ) 
4 155 161 (-912 -1120 1919.640015 ) (-1024 -1120 1919.640015 ) (-1024 -1120 400 ) (-912 -1120 400 ) 
4 155 158 (-912 -1120 368 ) (-1024 -1120 368 ) (-1024 -1024 368 ) (-912 -1024 368 ) 
4 156 157 (-903 -1024 288 ) (-903 -1040 288 ) (-903 -1040 368 ) (-903 -1024 368 ) 
4 157 158 (-905 -1024 288 ) (-905 -1040 288 ) (-905 -1040 368 ) (-905 -1024 368 ) 
4 158 215 (-1024 -1024 368 ) (-1024 -1024 288 ) (-1024 -1120 288 ) (-1024 -1120 368 ) 
4 158 162 (-920 -1120 368 ) (-1024 -1120 368 ) (-1024 -1120 288 ) (-920 -1120 288 ) 
4 158 159 (-912 -1120 288 ) (-1024 -1120 288 ) (-1024 -1024 288 ) (-912 -1024 288 ) 
4 159 215 (-1024 -1024 288 ) (-1024 -1024 256 ) (-1024 -1120 256 ) (-1024 -1120 288 ) 
4 159 162 (-920 -1120 288 ) (-1024 -1120 288 ) (-1024 -1120 256 ) (-920 -1120 256 ) 
4 160 216 (-1024 -1024 160 ) (-1024 -1024 64 ) (-1024 -1045.714355 64 ) (-1024 -1045.714355 160 ) 
5 160 170 (-1024 -1045.714355 64 ) (-1024 -1024 64 ) (-896 -1024 64 ) (-896 -1120 64 ) (-944 -1120 64 ) 
4 161 229 (-1024 -1536 400 ) (-1024 -1856 400 ) (-1024 -1856 1919.640015 ) (-1024 -1536 1919.640015 ) 
4 161 214 (-1024 -1120 1919.640015 ) (-1024 -1120 400 ) (-1024 -1536 400 ) (-1024 -1536 1919.640015 ) 
4 161 166 (-1024 -1856 1919.640015 ) (-1024 -1856 400 ) (-896 -1856 400 ) (-896 -1856 1919.640015 ) 
4 161 163 (-896 -1856 400 ) (-960 -1856 400 ) (-960 -1536 400 ) (-896 -1536 400 ) 
4 161 165 (-960 -1856 400 ) (-1024 -1856 400 ) (-1024 -1536 400 ) (-960 -1536 400 ) 
3 161 162 (-1024 -1403.947388 400 ) (-1024 -1120 400 ) (-920 -1120 400 ) 
4 162 220 (-1024 -1120 400 ) (-1024 -1120 256 ) (-1024 -1403.947388 124.947403 ) (-1024 -1403.947388 400 ) 
4 163 166 (-896 -1856 256 ) (-896 -1856 400 ) (-960 -1856 400 ) (-960 -1856 256 ) 
4 163 164 (-960 -1792 208 ) (-960 -1536 208 ) (-896 -1536 208 ) (-896 -1728 208 ) 
4 163 165 (-960 -1536 400 ) (-960 -1536 208 ) (-960 -1856 208 ) (-960 -1856 400 ) 
4 164 165 (-960 -1536 208 ) (-960 -1536 64 ) (-960 -1792 64 ) (-960 -1792 208 ) 
4 165 230 (-1024 -1536 64 ) (-1024 -1856 64 ) (-1024 -1856 256 ) (-1024 -1536 256 ) 
4 165 229 (-1024 -1856 256 ) (-1024 -1856 400 ) (-1024 -1536 400 ) (-1024 -1536 256 ) 
4 165 166 (-1024 -1856 400 ) (-1024 -1856 256 ) (-960 -1856 256 ) (-960 -1856 400 ) 
4 166 229 (-1024 -2048 256 ) (-1024 -2048 1919.640015 ) (-1024 -1856 1919.640015 ) (-1024 -1856 256 ) 
4 166 176 (-1024 -2048 1919.640015 ) (-1024 -2048 256 ) (-896 -2048 256 ) (-896 -2048 1919.640015 ) 
4 166 167 (-896 -1920 256 ) (-896 -2048 256 ) (-1024 -2048 256 ) (-1024 -1920 256 ) 
4 167 236 (-1024 -2048 64 ) (-1024 -2048 256 ) (-1024 -1920 256 ) (-1024 -1920 64 ) 
4 167 176 (-1024 -2048 256 ) (-1024 -2048 64 ) (-896 -2048 64 ) (-896 -2048 256 ) 
4 167 173 (-896 -2048 64 ) (-1024 -2048 64 ) (-1024 -1920 64 ) (-896 -1920 64 ) 
4 168 176 (0 -2048 0 ) (0 -2048 64 ) (-192 -2048 64 ) (-192 -2048 0 ) 
4 168 174 (0 -2048 0 ) (-192 -2048 0 ) (-192 -1024 0 ) (0 -1024 0 ) 
4 168 169 (-192 -1856 0 ) (-192 -2048 0 ) (-192 -2048 64 ) (-192 -1856 64 ) 
4 169 176 (-192 -2048 64 ) (-704 -2048 64 ) (-704 -2048 0 ) (-192 -2048 0 ) 
4 169 174 (-192 -2048 0 ) (-704 -2048 0 ) (-704 -1856 0 ) (-192 -1856 0 ) 
4 169 173 (-704 -1856 0 ) (-704 -2048 0 ) (-704 -2048 64 ) (-704 -1856 64 ) 
4 170 239 (-1024 -1045.714355 64 ) (-1024 -1024 64 ) (-1024 -1024 16 ) (-1024 -1045.714355 16 ) 
4 170 171 (-896 -1120 16 ) (-752 -1120 16 ) (-704 -1120 64 ) (-896 -1120 64 ) 
4 172 174 (-752 -1024 0 ) (-704 -1024 0 ) (-704 -1344 0 ) (-752 -1344 0 ) 
4 173 240 (-1024 -2048 0 ) (-1024 -2048 64 ) (-1024 -1856 64 ) (-1024 -1856 0 ) 
4 173 176 (-704 -2048 64 ) (-1024 -2048 64 ) (-1024 -2048 0 ) (-704 -2048 0 ) 
4 173 174 (-704 -2048 0 ) (-1024 -2048 0 ) (-1024 -1856 0 ) (-704 -1856 0 ) 
4 174 245 (-1024 -2048 -807.635986 ) (-1024 -2048 -48 ) (-1024 -1024 -48 ) (-1024 -1024 -807.635986 ) 
4 174 243 (-1024 -2048 -48 ) (-1024 -2048 0 ) (-1024 -1024 0 ) (-1024 -1024 -48 ) 
4 174 176 (0 -2048 -807.635986 ) (0 -2048 0 ) (-1024 -2048 0 ) (-1024 -2048 -807.635986 ) 
4 175 176 (0 -2048 1919.640015 ) (0 -2048 -807.635986 ) (0 -2553.110107 -807.635986 ) (0 -2553.110107 1919.640015 ) 
4 176 263 (-1024 -2304 -807.635986 ) (-1024 -2553.110107 -807.635986 ) (-1024 -2553.110107 64 ) (-1024 -2304 64 ) 
4 176 261 (-1024 -2048 64 ) (-1024 -2048 -807.635986 ) (-1024 -2304 -807.635986 ) (-1024 -2304 64 ) 
4 176 258 (-1024 -2553.110107 1919.640015 ) (-1024 -2304 1919.640015 ) (-1024 -2304 64 ) (-1024 -2553.110107 64 ) 
4 176 255 (-1024 -2304 1919.640015 ) (-1024 -2048 1919.640015 ) (-1024 -2048 64 ) (-1024 -2304 64 ) 
4 177 188 (-1056 -448 400 ) (-1056 -864 400 ) (-1056 -864 1919.640015 ) (-1056 -448 1919.640015 ) 
4 177 185 (-1056 -352 400 ) (-1056 -448 400 ) (-1056 -448 1919.640015 ) (-1056 -352 1919.640015 ) 
4 177 182 (-1056 0 1919.640015 ) (-1056 0 400 ) (-1056 -352 400 ) (-1056 -352 1919.640015 ) 
4 177 180 (-1056 -864 1919.640015 ) (-1056 -864 400 ) (-1024 -864 400 ) (-1024 -864 1919.640015 ) 
4 177 179 (-1056 -448.002014 400 ) (-1056 -144 400 ) (-1024 -144 400 ) (-1024 -467.201630 400 ) 
4 177 178 (-1056 -144 400 ) (-1056 0 400 ) (-1024 0 400 ) (-1024 -144 400 ) 
4 178 182 (-1056 0 400 ) (-1056 0 256 ) (-1056 -144 256 ) (-1056 -144 400 ) 
4 178 179 (-1024 -144 256 ) (-1024 -144 400 ) (-1056 -144 400 ) (-1056 -144 256 ) 
4 179 186 (-1056 -352 64 ) (-1056 -448.002014 64 ) (-1056 -448.002014 160 ) (-1056 -352 160 ) 
4 179 185 (-1056 -448.002014 160 ) (-1056 -448.002014 400 ) (-1056 -352 400 ) (-1056 -352 160 ) 
4 179 183 (-1056 -144 64 ) (-1056 -352 64 ) (-1056 -352 256 ) (-1056 -144 256 ) 
4 179 182 (-1056 -352 256 ) (-1056 -352 400 ) (-1056 -144 400 ) (-1056 -144 256 ) 
4 180 215 (-1024 -1024 256 ) (-1024 -1024 400 ) (-1056 -1024 400 ) (-1056 -1024 256 ) 
4 180 214 (-1024 -1024 400 ) (-1024 -1024 1919.640015 ) (-1056 -1024 1919.640015 ) (-1056 -1024 400 ) 
4 180 188 (-1056 -1024 400 ) (-1056 -1024 1919.640015 ) (-1056 -864 1919.640015 ) (-1056 -864 400 ) 
4 181 239 (-1024 -1024 16 ) (-1024 -1024 64 ) (-1047.384644 -1024 64 ) (-1047.384644 -1024 16 ) 
4 181 216 (-1024 -1024 64 ) (-1024 -1024 160 ) (-1047.384644 -1024 160 ) (-1047.384644 -1024 64 ) 
4 182 194 (-1792 0 1919.640015 ) (-1792 0 256 ) (-1792 -352 256 ) (-1792 -352 1919.640015 ) 
4 182 185 (-1792 -352 1919.640015 ) (-1792 -352 256 ) (-1056 -352 256 ) (-1056 -352 1919.640015 ) 
4 182 184 (-1408 -352 256 ) (-1792 -352 256 ) (-1792 0 256 ) (-1408 0 256 ) 
4 182 183 (-1056 -352 256 ) (-1376 -352 256 ) (-1376 -144 256 ) (-1056 -144 256 ) 
3 183 186 (-1056 -352 64 ) (-1056 -352 160 ) (-1264 -352 160 ) 
4 183 185 (-1056 -352 160 ) (-1056 -352 256 ) (-1376 -352 256 ) (-1376 -352 160 ) 
4 184 194 (-1792 0 256 ) (-1792 0 128 ) (-1792 -352 128 ) (-1792 -352 256 ) 
4 184 187 (-1792 -352 160 ) (-1792 -352 64 ) (-1472 -352 64 ) (-1472 -352 160 ) 
4 184 185 (-1792 -352 256 ) (-1792 -352 160 ) (-1408 -352 160 ) (-1408 -352 256 ) 
4 185 194 (-1792 -352 1919.640015 ) (-1792 -352 160 ) (-1792 -448 160 ) (-1792 -448 1919.640015 ) 
4 185 190 (-1472 -448 160 ) (-1344 -448 160 ) (-1344 -448 256 ) (-1472 -448 256 ) 
4 185 191 (-1792 -448 256 ) (-1792 -448 160 ) (-1472 -448 160 ) (-1472 -448 256 ) 
4 185 189 (-1792 -448 1919.640015 ) (-1792 -448 256 ) (-1344 -448 256 ) (-1344 -448 1919.640015 ) 
4 185 188 (-1056 -448 400 ) (-1056 -448 1919.640015 ) (-1344 -448 1919.640015 ) (-1344 -448 400 ) 
4 185 186 (-1056 -448 160 ) (-1264 -448 160 ) (-1264 -352 160 ) (-1056 -352 160 ) 
4 185 187 (-1472 -448 160 ) (-1792 -448 160 ) (-1792 -352 160 ) (-1472 -352 160 ) 
4 187 194 (-1792 -352 160 ) (-1792 -352 128 ) (-1792 -448 128 ) (-1792 -448 160 ) 
4 187 191 (-1792 -448 160 ) (-1792 -448 64 ) (-1472 -448 64 ) (-1472 -448 160 ) 
4 188 214 (-1344 -1024 1919.640015 ) (-1344 -1024 400 ) (-1056 -1024 400 ) (-1056 -1024 1919.640015 ) 
4 188 189 (-1344 -448 1919.640015 ) (-1344 -448 400 ) (-1344 -1024 400 ) (-1344 -1024 1919.640015 ) 
4 189 217 (-1792 -1024 400 ) (-1792 -1024 256 ) (-1344 -1024 256 ) (-1344 -1024 400 ) 
4 189 214 (-1792 -1024 1919.640015 ) (-1792 -1024 400 ) (-1344 -1024 400 ) (-1344 -1024 1919.640015 ) 
4 189 205 (-1792 -1024 256 ) (-1792 -1024 1919.640015 ) (-1792 -864 1919.640015 ) (-1792 -864 256 ) 
4 189 194 (-1792 -864 1919.640015 ) (-1792 -448 1919.640015 ) (-1792 -448 256 ) (-1792 -864 256 ) 
4 189 192 (-1344 -896 256 ) (-1344 -1024 256 ) (-1504 -1024 256 ) (-1504 -896 256 ) 
4 189 193 (-1792 -1024 256 ) (-1792 -784 256 ) (-1504 -784 256 ) (-1504 -1024 256 ) 
4 189 190 (-1472 -448 256 ) (-1344 -448 256 ) (-1344 -784 256 ) (-1472 -784 256 ) 
4 189 191 (-1792 -784 256 ) (-1792 -448 256 ) (-1472 -448 256 ) (-1472 -784 256 ) 
5 190 191 (-1472 -784 64 ) (-1472 -784 256 ) (-1472 -448 256 ) (-1472 -448 160 ) (-1472 -640 64 ) 
4 191 194 (-1792 -784 256 ) (-1792 -448 256 ) (-1792 -448 128 ) (-1792 -784 128 ) 
4 191 193 (-1792 -784 64 ) (-1504 -784 64 ) (-1504 -784 256 ) (-1792 -784 256 ) 
4 192 217 (-1504 -1024 64 ) (-1344 -1024 64 ) (-1344 -1024 256 ) (-1504 -1024 256 ) 
4 192 193 (-1504 -896 64 ) (-1504 -1024 64 ) (-1504 -1024 256 ) (-1504 -896 256 ) 
4 193 217 (-1792 -1024 256 ) (-1792 -1024 64 ) (-1504 -1024 64 ) (-1504 -1024 256 ) 
4 193 194 (-1792 -864 256 ) (-1792 -784 256 ) (-1792 -784 128 ) (-1792 -864 128 ) 
4 194 205 (-1792 -864 256 ) (-1792 -864 1919.640015 ) (-1936 -864 1919.640015 ) (-1936 -864 256 ) 
4 194 197 (-1936 -864 128 ) (-1936 -864 1919.640015 ) (-1936 0 1919.640015 ) (-1936 0 128 ) 
4 194 195 (-1793 -864 128 ) (-1936 -864 128 ) (-1936 0 128 ) (-1793 0 128 ) 
4 195 204 (-1936 -748.115479 96 ) (-1936 -597.929993 96 ) (-1936 -597.929993 64 ) (-1936 -748.115479 64 ) 
4 195 202 (-1936 -597.929993 96 ) (-1936 -512 96 ) (-1936 -512 64 ) (-1936 -597.929993 64 ) 
4 195 201 (-1936 -864 64 ) (-1936 -864 96 ) (-1936 -748.115479 96 ) (-1936 -748.115479 64 ) 
4 195 198 (-1936 -128 96 ) (-1936 0 96 ) (-1936 0 64 ) (-1936 -128 64 ) 
4 195 199 (-1936 -368 96 ) (-1936 -272 96 ) (-1936 -272 64 ) (-1936 -368 64 ) 
4 195 197 (-1936 -864 96 ) (-1936 -864 128 ) (-1936 0 128 ) (-1936 0 96 ) 
4 195 196 (-1793 -864 64 ) (-1936 -864 64 ) (-1936 0 64 ) (-1793 0 64 ) 
4 196 204 (-1936 -597.929993 0 ) (-1936 -748.115479 0 ) (-1936 -748.115479 64 ) (-1936 -597.929993 64 ) 
4 196 202 (-1936 -512 0 ) (-1936 -597.929993 0 ) (-1936 -597.929993 64 ) (-1936 -512 64 ) 
4 196 201 (-1936 -748.115479 0 ) (-1936 -864 0 ) (-1936 -864 64 ) (-1936 -748.115479 64 ) 
4 196 198 (-1936 0 0 ) (-1936 -128 0 ) (-1936 -128 64 ) (-1936 0 64 ) 
4 196 199 (-1936 -272 0 ) (-1936 -368 0 ) (-1936 -368 64 ) (-1936 -272 64 ) 
4 197 209 (-2048 0 1919.640015 ) (-2048 0 96 ) (-2048 -864 96 ) (-2048 -864 1919.640015 ) 
4 197 206 (-2048 -864 256 ) (-2048 -864 96 ) (-1984 -864 96 ) (-1984 -864 256 ) 
4 197 205 (-2048 -864 1919.640015 ) (-2048 -864 256 ) (-1936 -864 256 ) (-1936 -864 1919.640015 ) 
3 197 204 (-1936 -597.929993 96 ) (-1936 -748.115479 96 ) (-1976.900024 -736 96 ) 
4 197 203 (-1992.239990 -731.455994 96 ) (-2048 -714.938721 96 ) (-2048 -564.753296 96 ) (-1951.340088 -593.385986 96 ) 
4 197 202 (-1936 -512 96 ) (-1936 -597.929993 96 ) (-2048 -564.753296 96 ) (-2048 -512 96 ) 
4 197 201 (-1936 -748.115479 96 ) (-1936 -864 96 ) (-2048 -864 96 ) (-2048 -714.938721 96 ) 
4 197 198 (-1936 0 96 ) (-1936 -128 96 ) (-1952 -128 96 ) (-1952 0 96 ) 
4 197 199 (-1936 -272 96 ) (-1936 -368 96 ) (-1952 -368 96 ) (-1952 -272 96 ) 
4 197 200 (-1952 -512 96 ) (-2048 -512 96 ) (-2048 0 96 ) (-1952 0 96 ) 
4 198 200 (-1952 0 0 ) (-1952 -128 0 ) (-1952 -128 96 ) (-1952 0 96 ) 
4 199 200 (-1952 -272 0 ) (-1952 -368 0 ) (-1952 -368 96 ) (-1952 -272 96 ) 
4 200 209 (-2048 0 96 ) (-2048 0 0 ) (-2048 -512 0 ) (-2048 -512 96 ) 
4 200 202 (-2048 -512 0 ) (-1952 -512 0 ) (-1952 -512 96 ) (-2048 -512 96 ) 
4 201 209 (-2048 -714.938721 0 ) (-2048 -864 0 ) (-2048 -864 96 ) (-2048 -714.938721 96 ) 
4 201 206 (-2048 -864 96 ) (-2048 -864 0 ) (-1984 -864 0 ) (-1984 -864 96 ) 
4 201 204 (-1976.899780 -736 96 ) (-1936 -748.114624 96 ) (-1936 -748.114624 0 ) (-1976.899780 -736 0 ) 
4 201 203 (-2048 -714.937988 96 ) (-1992.239868 -731.455261 96 ) (-1992.239868 -731.455261 0 ) (-2048 -714.937988 0 ) 
4 202 209 (-2048 -512 0 ) (-2048 -564.753296 0 ) (-2048 -564.753296 96 ) (-2048 -512 96 ) 
4 202 203 (-2048 -564.752869 0 ) (-1951.339966 -593.385620 0 ) (-1951.339966 -593.385620 96 ) (-2048 -564.752869 96 ) 
4 203 209 (-2048 -564.753296 0 ) (-2048 -714.938721 0 ) (-2048 -714.938721 96 ) (-2048 -564.753296 96 ) 
4 205 218 (-1984 -1024 256 ) (-1792 -1024 256 ) (-1792 -1024 400 ) (-1984 -1024 400 ) 
4 205 219 (-2048 -1024 400 ) (-2048 -1024 256 ) (-1984 -1024 256 ) (-1984 -1024 400 ) 
4 205 214 (-2048 -1024 1919.640015 ) (-2048 -1024 400 ) (-1792 -1024 400 ) (-1792 -1024 1919.640015 ) 
4 205 209 (-2048 -1024 256 ) (-2048 -1024 1919.640015 ) (-2048 -864 1919.640015 ) (-2048 -864 256 ) 
4 205 206 (-2048 -864 256 ) (-1984 -864 256 ) (-1984 -1024 256 ) (-2048 -1024 256 ) 
4 206 241 (-2048 -1024 64 ) (-2048 -1024 0 ) (-1984 -1024 0 ) (-1984 -1024 64 ) 
4 206 219 (-2048 -1024 256 ) (-2048 -1024 64 ) (-1984 -1024 64 ) (-1984 -1024 256 ) 
4 206 209 (-2048 -864 0 ) (-2048 -1024 0 ) (-2048 -1024 256 ) (-2048 -864 256 ) 
4 207 245 (-1024 -1024 -807.635986 ) (-1024 -1024 -48 ) (-1792 -1024 -48 ) (-1792 -1024 -807.635986 ) 
4 207 243 (-1024 -1024 -48 ) (-1024 -1024 0 ) (-1792 -1024 0 ) (-1792 -1024 -48 ) 
4 207 208 (-1792 0 -807.635986 ) (-1792 -1024 -807.635986 ) (-1792 -1024 -48 ) (-1792 0 -48 ) 
4 208 245 (-2048 -1024 -48 ) (-2048 -1024 -807.635986 ) (-1792 -1024 -807.635986 ) (-1792 -1024 -48 ) 
4 208 212 (-2048 0 -48 ) (-2048 0 -807.635986 ) (-2048 -1024 -807.635986 ) (-2048 -1024 -48 ) 
4 209 247 (-2048 -1024 0 ) (-2048 -1024 64 ) (-2240 -1024 64 ) (-2240 -1024 0 ) 
4 209 246 (-2048 -1024 64 ) (-2048 -1024 1919.640015 ) (-2240 -1024 1919.640015 ) (-2240 -1024 64 ) 
4 209 210 (-2240 -1024 256 ) (-2240 -1024 1919.640015 ) (-2240 0 1919.640015 ) (-2240 0 256 ) 
4 210 248 (-2240 -1024 1919.640015 ) (-2304 -1024 1919.640015 ) (-2304 -1024 256 ) (-2240 -1024 256 ) 
4 210 211 (-2304 -1024 256 ) (-2304 -1024 1919.640015 ) (-2304 0 1919.640015 ) (-2304 0 256 ) 
4 211 253 (-3072 0 1919.640015 ) (-3072 0 0 ) (-3072 -1024 0 ) (-3072 -1024 1919.640015 ) 
4 211 249 (-3072 -1024 256 ) (-3072 -1024 0 ) (-2304 -1024 0 ) (-2304 -1024 256 ) 
4 211 248 (-2304 -1024 1919.640015 ) (-3072 -1024 1919.640015 ) (-3072 -1024 256 ) (-2304 -1024 256 ) 
4 211 213 (-3072 0 0 ) (-2304 0 0 ) (-2304 -1024 0 ) (-3072 -1024 0 ) 
4 212 250 (-2048 -1024 -807.635986 ) (-2048 -1024 -48 ) (-2240 -1024 -48 ) (-2240 -1024 -807.635986 ) 
4 212 213 (-2240 0 -807.635986 ) (-2240 -1024 -807.635986 ) (-2240 -1024 -48 ) (-2240 0 -48 ) 
4 213 253 (-3072 0 0 ) (-3072 0 -807.635986 ) (-3072 -1024 -807.635986 ) (-3072 -1024 0 ) 
4 213 252 (-2240 -1024 0 ) (-3072 -1024 0 ) (-3072 -1024 -807.635986 ) (-2240 -1024 -807.635986 ) 
4 214 246 (-2048 -1024 1919.640015 ) (-2048 -1024 400 ) (-2048 -1536 400 ) (-2048 -1536 1919.640015 ) 
4 214 229 (-2048 -1536 1919.640015 ) (-2048 -1536 400 ) (-1024 -1536 400 ) (-1024 -1536 1919.640015 ) 
4 214 226 (-1984 -1408 400 ) (-1984 -1120 400 ) (-1792 -1120 400 ) (-1792 -1408 400 ) 
4 214 227 (-1792 -1536 400 ) (-1984 -1536 400 ) (-1984 -1408 400 ) (-1792 -1408 400 ) 
4 214 228 (-1984 -1536 400 ) (-2048 -1536 400 ) (-2048 -1120 400 ) (-1984 -1120 400 ) 
4 214 224 (-1792 -1408 400 ) (-1792 -1152 400 ) (-1600 -1152 400 ) (-1600 -1408 400 ) 
4 214 223 (-1792 -1152 400 ) (-1792 -1120 400 ) (-1600 -1120 400 ) (-1600 -1152 400 ) 
4 214 225 (-1600 -1536 400 ) (-1792 -1536 400 ) (-1792 -1408 400 ) (-1600 -1408 400 ) 
4 214 222 (-1344 -1536 400 ) (-1600 -1536 400 ) (-1600 -1120 400 ) (-1344 -1120 400 ) 
3 214 221 (-1072 -1536 400 ) (-1200 -1536 400 ) (-1072 -1185.684204 400 ) 
5 214 220 (-1072 -1535 400 ) (-1072 -1185.684204 400 ) (-1048 -1120 400 ) (-1024 -1120 400 ) (-1024 -1403.947388 400 ) 
4 214 218 (-1984 -1024 400 ) (-1792 -1024 400 ) (-1792 -1120 400 ) (-1984 -1120 400 ) 
4 214 217 (-1792 -1024 400 ) (-1344 -1024 400 ) (-1344 -1120 400 ) (-1792 -1120 400 ) 
4 214 219 (-2048 -1120 400 ) (-2048 -1024 400 ) (-1984 -1024 400 ) (-1984 -1120 400 ) 
4 214 215 (-1056 -1024 400 ) (-1024 -1024 400 ) (-1024 -1120 400 ) (-1056 -1120 400 ) 
4 215 220 (-1024 -1120 256 ) (-1024 -1120 400 ) (-1048 -1120 400 ) (-1048 -1120 256 ) 
3 216 239 (-1047.384644 -1024 64 ) (-1024 -1024 64 ) (-1024 -1045.714355 64 ) 
4 217 223 (-1792 -1120 64 ) (-1600 -1120 64 ) (-1600 -1120 400 ) (-1792 -1120 400 ) 
4 217 222 (-1600 -1120 64 ) (-1344 -1120 64 ) (-1344 -1120 400 ) (-1600 -1120 400 ) 
4 217 218 (-1792 -1120 256 ) (-1792 -1120 400 ) (-1792 -1024 400 ) (-1792 -1024 256 ) 
4 218 226 (-1792 -1120 256 ) (-1792 -1120 400 ) (-1984 -1120 400 ) (-1984 -1120 256 ) 
4 218 219 (-1984 -1120 256 ) (-1984 -1120 400 ) (-1984 -1024 400 ) (-1984 -1024 256 ) 
4 219 246 (-2048 -1024 400 ) (-2048 -1024 64 ) (-2048 -1120 64 ) (-2048 -1120 400 ) 
4 219 241 (-2048 -1120 64 ) (-2048 -1024 64 ) (-1984 -1024 64 ) (-1984 -1120 64 ) 
4 219 228 (-2048 -1120 64 ) (-1984 -1120 64 ) (-1984 -1120 400 ) (-2048 -1120 400 ) 
4 220 221 (-1072 -1185.687500 400 ) (-1072 -1185.687500 225.682678 ) (-1072 -1535 64.461563 ) (-1072 -1535 400 ) 
4 221 234 (-1200 -1536 64 ) (-1152 -1536 64 ) (-1152 -1536 256 ) (-1200 -1536 256 ) 
4 221 231 (-1072 -1536 144 ) (-1072 -1536 256 ) (-1080 -1536 256 ) (-1080 -1536 144 ) 
4 221 233 (-1152 -1536 64 ) (-1080 -1536 64 ) (-1080 -1536 256 ) (-1152 -1536 256 ) 
4 221 229 (-1072 -1536 256 ) (-1072 -1536 400 ) (-1200 -1536 400 ) (-1200 -1536 256 ) 
4 222 234 (-1600 -1536 64 ) (-1344 -1536 64 ) (-1344 -1536 256 ) (-1600 -1536 256 ) 
4 222 229 (-1344 -1536 256 ) (-1344 -1536 400 ) (-1600 -1536 400 ) (-1600 -1536 256 ) 
4 222 224 (-1600 -1408 256 ) (-1600 -1408 400 ) (-1600 -1152 400 ) (-1600 -1152 256 ) 
4 222 223 (-1600 -1120 400 ) (-1600 -1120 64 ) (-1600 -1152 64 ) (-1600 -1152 400 ) 
4 222 225 (-1600 -1408 64 ) (-1600 -1536 64 ) (-1600 -1536 400 ) (-1600 -1408 400 ) 
4 223 226 (-1792 -1120 400 ) (-1792 -1120 256 ) (-1792 -1152 256 ) (-1792 -1152 400 ) 
4 223 224 (-1792 -1152 400 ) (-1792 -1152 256 ) (-1600 -1152 256 ) (-1600 -1152 400 ) 
4 224 226 (-1792 -1408 256 ) (-1792 -1408 400 ) (-1792 -1152 400 ) (-1792 -1152 256 ) 
4 224 225 (-1792 -1408 400 ) (-1792 -1408 256 ) (-1600 -1408 256 ) (-1600 -1408 400 ) 
4 225 234 (-1792 -1536 64 ) (-1600 -1536 64 ) (-1600 -1536 256 ) (-1792 -1536 256 ) 
4 225 229 (-1600 -1536 256 ) (-1600 -1536 400 ) (-1792 -1536 400 ) (-1792 -1536 256 ) 
4 225 227 (-1792 -1408 64 ) (-1792 -1536 64 ) (-1792 -1536 400 ) (-1792 -1408 400 ) 
4 226 227 (-1984 -1408 400 ) (-1984 -1408 256 ) (-1792 -1408 256 ) (-1792 -1408 400 ) 
4 226 228 (-1984 -1120 400 ) (-1984 -1120 256 ) (-1984 -1408 256 ) (-1984 -1408 400 ) 
4 227 235 (-1984 -1536 64 ) (-1792 -1536 64 ) (-1792 -1536 256 ) (-1984 -1536 256 ) 
4 227 229 (-1792 -1536 256 ) (-1792 -1536 400 ) (-1984 -1536 400 ) (-1984 -1536 256 ) 
4 227 228 (-1984 -1408 64 ) (-1984 -1536 64 ) (-1984 -1536 400 ) (-1984 -1408 400 ) 
4 228 246 (-2048 -1120 64 ) (-2048 -1536 64 ) (-2048 -1536 400 ) (-2048 -1120 400 ) 
4 228 241 (-2048 -1408 64 ) (-2048 -1120 64 ) (-1984 -1120 64 ) (-1984 -1408 64 ) 
4 228 235 (-2048 -1536 256 ) (-2048 -1536 64 ) (-1984 -1536 64 ) (-1984 -1536 256 ) 
4 228 229 (-2048 -1536 400 ) (-2048 -1536 256 ) (-1984 -1536 256 ) (-1984 -1536 400 ) 
4 229 256 (-1728 -2048 1919.640015 ) (-1792 -2048 1919.640015 ) (-1792 -2048 256 ) (-1728 -2048 256 ) 
4 229 255 (-1024 -2048 256 ) (-1024 -2048 1919.640015 ) (-1728 -2048 1919.640015 ) (-1728 -2048 256 ) 
4 229 257 (-1792 -2048 1919.640015 ) (-2048 -2048 1919.640015 ) (-2048 -2048 256 ) (-1792 -2048 256 ) 
4 229 246 (-2048 -2048 256 ) (-2048 -2048 1919.640015 ) (-2048 -1536 1919.640015 ) (-2048 -1536 256 ) 
4 229 238 (-1792 -2048 256 ) (-2048 -2048 256 ) (-2048 -1856 256 ) (-1792 -1856 256 ) 
4 229 236 (-1024 -2048 256 ) (-1152 -2048 256 ) (-1152 -1920 256 ) (-1024 -1920 256 ) 
4 229 237 (-1152 -2048 256 ) (-1728 -2048 256 ) (-1728 -1856 256 ) (-1152 -1856 256 ) 
4 229 234 (-1792 -1536 256 ) (-1152 -1536 256 ) (-1152 -1760 256 ) (-1792 -1760 256 ) 
4 229 235 (-2048 -1856 256 ) (-2048 -1536 256 ) (-1792 -1536 256 ) (-1792 -1856 256 ) 
4 229 231 (-1080 -1536 256 ) (-1072 -1536 256 ) (-1072 -1664 256 ) (-1080 -1664 256 ) 
4 229 232 (-1072 -1664 256 ) (-1072 -1856 256 ) (-1080 -1856 256 ) (-1080 -1664 256 ) 
4 229 230 (-1072 -1536 256 ) (-1024 -1536 256 ) (-1024 -1856 256 ) (-1072 -1856 256 ) 
4 229 233 (-1152 -1536 256 ) (-1080 -1536 256 ) (-1080 -1856 256 ) (-1152 -1856 256 ) 
4 230 231 (-1072 -1664 256 ) (-1072 -1536 256 ) (-1072 -1536 144 ) (-1072 -1664 144 ) 
4 230 232 (-1072 -1856 64 ) (-1072 -1856 256 ) (-1072 -1664 256 ) (-1072 -1664 64 ) 
4 231 232 (-1080 -1664 256 ) (-1080 -1664 144 ) (-1072 -1664 144 ) (-1072 -1664 256 ) 
4 231 233 (-1080 -1664 256 ) (-1080 -1536 256 ) (-1080 -1536 144 ) (-1080 -1664 144 ) 
4 232 233 (-1080 -1856 64 ) (-1080 -1856 256 ) (-1080 -1664 256 ) (-1080 -1664 64 ) 
4 233 234 (-1152 -1760 256 ) (-1152 -1536 256 ) (-1152 -1536 64 ) (-1152 -1760 64 ) 
4 234 235 (-1792 -1760 256 ) (-1792 -1536 256 ) (-1792 -1536 64 ) (-1792 -1760 64 ) 
4 235 246 (-2048 -1536 64 ) (-2048 -1856 64 ) (-2048 -1856 256 ) (-2048 -1536 256 ) 
4 235 238 (-2048 -1856 64 ) (-1792 -1856 64 ) (-1792 -1856 256 ) (-2048 -1856 256 ) 
4 236 255 (-1024 -2048 64 ) (-1024 -2048 256 ) (-1152 -2048 256 ) (-1152 -2048 64 ) 
4 236 242 (-1056 -2048 64 ) (-1152 -2048 64 ) (-1152 -1920 64 ) (-1056 -1920 64 ) 
4 236 240 (-1024 -2048 64 ) (-1056 -2048 64 ) (-1056 -1920 64 ) (-1024 -1920 64 ) 
4 236 237 (-1152 -1920 64 ) (-1152 -2048 64 ) (-1152 -2048 256 ) (-1152 -1920 256 ) 
4 237 255 (-1152 -2048 256 ) (-1728 -2048 256 ) (-1728 -2048 64 ) (-1152 -2048 64 ) 
4 237 242 (-1152 -2048 64 ) (-1728 -2048 64 ) (-1728 -1856 64 ) (-1152 -1856 64 ) 
4 238 257 (-1792 -2048 256 ) (-2048 -2048 256 ) (-2048 -2048 64 ) (-1792 -2048 64 ) 
4 238 246 (-2048 -1856 64 ) (-2048 -2048 64 ) (-2048 -2048 256 ) (-2048 -1856 256 ) 
4 240 261 (-1024 -2048 0 ) (-1024 -2048 64 ) (-1056 -2048 64 ) (-1056 -2048 0 ) 
4 240 243 (-1024 -1856 0 ) (-1024 -2048 0 ) (-1056 -2048 0 ) (-1056 -1856 0 ) 
4 240 242 (-1056 -1856 0 ) (-1056 -2048 0 ) (-1056 -2048 64 ) (-1056 -1856 64 ) 
4 241 247 (-2048 -1024 64 ) (-2048 -1024 0 ) (-2048 -1152 0 ) (-2048 -1408 64 ) 
4 242 261 (-1056 -2048 64 ) (-1792 -2048 64 ) (-1792 -2048 0 ) (-1056 -2048 0 ) 
4 242 243 (-1056 -1856 0 ) (-1056 -2048 0 ) (-1792 -2048 0 ) (-1792 -1856 0 ) 
4 243 261 (-1024 -2048 -48 ) (-1024 -2048 0 ) (-1792 -2048 0 ) (-1792 -2048 -48 ) 
4 243 245 (-1024 -2048 -48 ) (-1792 -2048 -48 ) (-1792 -1024 -48 ) (-1024 -1024 -48 ) 
4 243 244 (-1792 -1152 -48 ) (-1792 -2048 -48 ) (-1792 -2048 0 ) (-1792 -1152 0 ) 
4 244 262 (-1792 -2048 0 ) (-2048 -2048 0 ) (-2048 -2048 -48 ) (-1792 -2048 -48 ) 
4 244 251 (-2048 -1152 -48 ) (-2048 -2048 -48 ) (-2048 -2048 0 ) (-2048 -1152 0 ) 
4 244 245 (-1792 -2048 -48 ) (-2048 -2048 -48 ) (-2048 -1152 -48 ) (-1792 -1152 -48 ) 
4 245 262 (-1792 -2048 -48 ) (-2048 -2048 -48 ) (-2048 -2048 -807.635986 ) (-1792 -2048 -807.635986 ) 
4 245 261 (-1024 -2048 -807.635986 ) (-1024 -2048 -48 ) (-1792 -2048 -48 ) (-1792 -2048 -807.635986 ) 
4 245 250 (-2048 -1024 -48 ) (-2048 -1024 -807.635986 ) (-2048 -1152 -807.635986 ) (-2048 -1152 -48 ) 
4 245 251 (-2048 -1152 -807.635986 ) (-2048 -2048 -807.635986 ) (-2048 -2048 -48 ) (-2048 -1152 -48 ) 
4 246 264 (-2048 -2048 64 ) (-2048 -2048 1919.640015 ) (-2240 -2048 1919.640015 ) (-2240 -2048 64 ) 
4 246 248 (-2240 -1024 1919.640015 ) (-2240 -1024 256 ) (-2240 -2048 256 ) (-2240 -2048 1919.640015 ) 
4 246 247 (-2240 -1408 64 ) (-2240 -1024 64 ) (-2048 -1024 64 ) (-2048 -1408 64 ) 
4 248 265 (-2304 -2048 256 ) (-2240 -2048 256 ) (-2240 -2048 1919.640015 ) (-2304 -2048 1919.640015 ) 
4 248 266 (-3072 -2048 1919.640015 ) (-3072 -2048 256 ) (-2304 -2048 256 ) (-2304 -2048 1919.640015 ) 
4 248 254 (-3072 -2048 256 ) (-3072 -2048 1919.640015 ) (-3072 -1024 1919.640015 ) (-3072 -1024 256 ) 
4 248 249 (-2304 -2048 256 ) (-3072 -2048 256 ) (-3072 -1024 256 ) (-2304 -1024 256 ) 
4 249 266 (-3072 -2048 256 ) (-3072 -2048 0 ) (-2304 -2048 0 ) (-2304 -2048 256 ) 
4 249 254 (-3072 -2048 0 ) (-3072 -2048 256 ) (-3072 -1024 256 ) (-3072 -1024 0 ) 
4 249 252 (-2304 -2048 0 ) (-3072 -2048 0 ) (-3072 -1024 0 ) (-2304 -1024 0 ) 
4 250 251 (-2240 -1152 -48 ) (-2240 -1152 -807.635986 ) (-2048 -1152 -807.635986 ) (-2048 -1152 -48 ) 
4 250 252 (-2240 -1024 -807.635986 ) (-2240 -1152 -807.635986 ) (-2240 -1152 -48 ) (-2240 -1024 -48 ) 
4 251 267 (-2048 -2048 -807.635986 ) (-2048 -2048 0 ) (-2240 -2048 0 ) (-2240 -2048 -807.635986 ) 
4 251 252 (-2240 -1152 -807.635986 ) (-2240 -2048 -807.635986 ) (-2240 -2048 0 ) (-2240 -1152 0 ) 
4 252 267 (-2240 -2048 0 ) (-3072 -2048 0 ) (-3072 -2048 -807.635986 ) (-2240 -2048 -807.635986 ) 
4 252 254 (-3072 -2048 -807.635986 ) (-3072 -2048 0 ) (-3072 -1024 0 ) (-3072 -1024 -807.635986 ) 
4 253 254 (-3072 -1024 -807.635986 ) (-3072 -1024 1919.640015 ) (-3520 -1024 1919.640015 ) (-3520 -1024 -807.635986 ) 
4 254 272 (-3072 -2048 -807.635986 ) (-3072 -2048 1919.640015 ) (-3520 -2048 1919.640015 ) (-3520 -2048 -807.635986 ) 
4 255 261 (-1728 -2048 64 ) (-1024 -2048 64 ) (-1024 -2304 64 ) (-1728 -2304 64 ) 
4 255 258 (-1728 -2304 64 ) (-1024 -2304 64 ) (-1024 -2304 1919.640015 ) (-1728 -2304 1919.640015 ) 
4 255 256 (-1728 -2304 256 ) (-1728 -2304 1919.640015 ) (-1728 -2048 1919.640015 ) (-1728 -2048 256 ) 
4 256 259 (-1728 -2304 256 ) (-1728 -2304 1919.640015 ) (-1792 -2304 1919.640015 ) (-1792 -2304 256 ) 
4 256 257 (-1792 -2304 256 ) (-1792 -2304 1919.640015 ) (-1792 -2048 1919.640015 ) (-1792 -2048 256 ) 
4 257 264 (-2048 -2048 1919.640015 ) (-2048 -2048 64 ) (-2048 -2304 64 ) (-2048 -2304 1919.640015 ) 
4 257 259 (-1792 -2304 256 ) (-1792 -2304 1919.640015 ) (-2048 -2304 1919.640015 ) (-2048 -2304 256 ) 
4 258 263 (-1728 -2304 64 ) (-1024 -2304 64 ) (-1024 -2553.110107 64 ) (-1728 -2553.110107 64 ) 
4 258 259 (-1728 -2304 1919.640015 ) (-1728 -2304 256 ) (-1728 -2368 256 ) (-1728 -2368 1919.640015 ) 
4 258 260 (-1728 -2368 64 ) (-1728 -2553.110107 64 ) (-1728 -2553.110107 1919.640015 ) (-1728 -2368 1919.640015 ) 
4 259 268 (-2048 -2368 256 ) (-2048 -2368 1919.640015 ) (-2048 -2304 1919.640015 ) (-2048 -2304 256 ) 
4 259 260 (-1728 -2368 256 ) (-1728 -2368 1919.640015 ) (-2048 -2368 1919.640015 ) (-2048 -2368 256 ) 
4 260 270 (-2048 -2368 64 ) (-2048 -2553.110107 64 ) (-2048 -2553.110107 1919.640015 ) (-2048 -2368 1919.640015 ) 
4 260 263 (-2048 -2553.110107 64 ) (-2048 -2368 64 ) (-1728 -2368 64 ) (-1728 -2553.110107 64 ) 
4 261 263 (-1792 -2304 -807.635986 ) (-1024 -2304 -807.635986 ) (-1024 -2304 64 ) (-1792 -2304 64 ) 
4 261 262 (-1792 -2048 -807.635986 ) (-1792 -2304 -807.635986 ) (-1792 -2304 0 ) (-1792 -2048 0 ) 
4 262 267 (-2048 -2048 0 ) (-2048 -2048 -807.635986 ) (-2048 -2304 -807.635986 ) (-2048 -2304 0 ) 
4 262 263 (-2048 -2304 -807.635986 ) (-1792 -2304 -807.635986 ) (-1792 -2304 0 ) (-2048 -2304 0 ) 
4 263 269 (-2048 -2304 -807.635986 ) (-2048 -2368 -807.635986 ) (-2048 -2368 64 ) (-2048 -2304 64 ) 
4 263 270 (-2048 -2368 -807.635986 ) (-2048 -2553.110107 -807.635986 ) (-2048 -2553.110107 64 ) (-2048 -2368 64 ) 
4 264 268 (-2048 -2304 1919.640015 ) (-2240 -2304 1919.640015 ) (-2240 -2304 256 ) (-2048 -2304 256 ) 
4 264 265 (-2240 -2304 256 ) (-2240 -2304 1919.640015 ) (-2240 -2048 1919.640015 ) (-2240 -2048 256 ) 
4 265 268 (-2240 -2304 1919.640015 ) (-2304 -2304 1919.640015 ) (-2304 -2304 256 ) (-2240 -2304 256 ) 
4 265 266 (-2304 -2304 256 ) (-2304 -2304 1919.640015 ) (-2304 -2048 1919.640015 ) (-2304 -2048 256 ) 
4 266 272 (-3072 -2048 1919.640015 ) (-3072 -2048 0 ) (-3072 -2304 0 ) (-3072 -2304 1919.640015 ) 
4 266 271 (-2304 -2304 1919.640015 ) (-3072 -2304 1919.640015 ) (-3072 -2304 0 ) (-2304 -2304 0 ) 
4 266 267 (-2304 -2304 0 ) (-3072 -2304 0 ) (-3072 -2048 0 ) (-2304 -2048 0 ) 
4 267 272 (-3072 -2048 0 ) (-3072 -2048 -807.635986 ) (-3072 -2304 -807.635986 ) (-3072 -2304 0 ) 
4 267 269 (-2304 -2304 -807.635986 ) (-2048 -2304 -807.635986 ) (-2048 -2304 0 ) (-2304 -2304 0 ) 
4 267 271 (-3072 -2304 0 ) (-3072 -2304 -807.635986 ) (-2304 -2304 -807.635986 ) (-2304 -2304 0 ) 
4 268 271 (-2304 -2304 1919.640015 ) (-2304 -2304 256 ) (-2304 -2368 256 ) (-2304 -2368 1919.640015 ) 
4 268 270 (-2304 -2368 1919.640015 ) (-2304 -2368 256 ) (-2048 -2368 256 ) (-2048 -2368 1919.640015 ) 
4 269 270 (-2304 -2368 64 ) (-2304 -2368 -807.635986 ) (-2048 -2368 -807.635986 ) (-2048 -2368 64 ) 
4 269 271 (-2304 -2304 64 ) (-2304 -2304 -807.635986 ) (-2304 -2368 -807.635986 ) (-2304 -2368 64 ) 
4 270 271 (-2304 -2368 -807.635986 ) (-2304 -2553.110107 -807.635986 ) (-2304 -2553.110107 1919.640015 ) (-2304 -2368 1919.640015 ) 
4 271 272 (-3072 -2553.110107 1919.640015 ) (-3072 -2304 1919.640015 ) (-3072 -2304 -807.635986 ) (-3072 -2553.110107 -807.635986 ) 
