PRT1
227
803
4 0 6 (-1777.729980 -3072 2510.550293 ) (-2048 -3072 2510.550293 ) (-2048 -3072 -718.545044 ) (-1777.729980 -3072 -718.545044 ) 
4 0 2 (-2048 -3072 -718.545044 ) (-2048 -3072 2510.550293 ) (-2048 -2992 2510.550293 ) (-2048 -2992 -718.545044 ) 
4 0 1 (-2048 -2992 2510.550293 ) (-2048 -2559.270020 2510.550293 ) (-2048 -2559.270020 -718.545044 ) (-2048 -2992 -718.545044 ) 
4 1 17 (-3072 -2992 2510.550293 ) (-3072 -2832 2510.550293 ) (-3072 -2832 -718.545044 ) (-3072 -2992 -718.545044 ) 
4 1 16 (-3072 -2832 2510.550293 ) (-3072 -2559.270020 2510.550293 ) (-3072 -2559.270020 -718.545044 ) (-3072 -2832 -718.545044 ) 
4 1 3 (-2272 -2992 256 ) (-2272 -2992 2510.550293 ) (-2400 -2992 2510.550293 ) (-2400 -2992 256 ) 
4 1 4 (-2400 -2992 -718.545044 ) (-2272 -2992 -718.545044 ) (-2272 -2992 64 ) (-2400 -2992 64 ) 
4 1 2 (-2272 -2992 -718.545044 ) (-2048 -2992 -718.545044 ) (-2048 -2992 2510.550293 ) (-2272 -2992 2510.550293 ) 
4 1 5 (-3072 -2992 -718.545044 ) (-2400 -2992 -718.545044 ) (-2400 -2992 2510.550293 ) (-3072 -2992 2510.550293 ) 
4 2 15 (-2048 -3072 -718.545044 ) (-2048 -3072 64 ) (-2272 -3072 64 ) (-2272 -3072 -718.545044 ) 
4 2 8 (-2048 -3072 64 ) (-2048 -3072 256 ) (-2272 -3072 256 ) (-2272 -3072 64 ) 
4 2 7 (-2048 -3072 256 ) (-2048 -3072 2510.550293 ) (-2272 -3072 2510.550293 ) (-2272 -3072 256 ) 
4 2 3 (-2272 -2992 2510.550293 ) (-2272 -2992 256 ) (-2272 -3072 256 ) (-2272 -3072 2510.550293 ) 
4 2 4 (-2272 -2992 64 ) (-2272 -2992 -718.545044 ) (-2272 -3072 -718.545044 ) (-2272 -3072 64 ) 
4 3 7 (-2272 -3072 2510.550293 ) (-2400 -3072 2510.550293 ) (-2400 -3072 256 ) (-2272 -3072 256 ) 
4 3 5 (-2400 -2992 2510.550293 ) (-2400 -2992 256 ) (-2400 -3072 256 ) (-2400 -3072 2510.550293 ) 
4 4 15 (-2400 -3072 64 ) (-2400 -3072 -718.545044 ) (-2272 -3072 -718.545044 ) (-2272 -3072 64 ) 
4 4 5 (-2400 -2992 64 ) (-2400 -2992 -718.545044 ) (-2400 -3072 -718.545044 ) (-2400 -3072 64 ) 
4 5 17 (-3072 -3072 -718.545044 ) (-3072 -3072 2510.550293 ) (-3072 -2992 2510.550293 ) (-3072 -2992 -718.545044 ) 
4 5 15 (-3072 -3072 64 ) (-3072 -3072 -718.545044 ) (-2400 -3072 -718.545044 ) (-2400 -3072 64 ) 
4 5 12 (-3072 -3072 256 ) (-3072 -3072 64 ) (-2800 -3072 64 ) (-2800 -3072 256 ) 
4 5 9 (-2528 -3072 64 ) (-2400 -3072 64 ) (-2400 -3072 256 ) (-2528 -3072 256 ) 
4 5 11 (-2800 -3072 64 ) (-2528 -3072 64 ) (-2528 -3072 256 ) (-2800 -3072 256 ) 
4 5 7 (-2400 -3072 2510.550293 ) (-3072 -3072 2510.550293 ) (-3072 -3072 256 ) (-2400 -3072 256 ) 
4 6 88 (-1777.729980 -4096 2510.550293 ) (-2048 -4096 2510.550293 ) (-2048 -4096 -718.545044 ) (-1777.729980 -4096 -718.545044 ) 
4 6 15 (-2048 -3072 64 ) (-2048 -3072 -718.545044 ) (-2048 -4096 -718.545044 ) (-2048 -4096 64 ) 
4 6 8 (-2048 -3072 256 ) (-2048 -3072 64 ) (-2048 -4096 64 ) (-2048 -4096 256 ) 
4 6 7 (-2048 -3072 2510.550293 ) (-2048 -3072 256 ) (-2048 -4096 256 ) (-2048 -4096 2510.550293 ) 
4 7 113 (-2848 -4096 2510.550293 ) (-3072 -4096 2510.550293 ) (-3072 -4096 256 ) (-2848 -4096 256 ) 
4 7 91 (-2400 -4096 2510.550293 ) (-2848 -4096 2510.550293 ) (-2848 -4096 256 ) (-2400 -4096 256 ) 
4 7 89 (-2048 -4096 256 ) (-2048 -4096 2510.550293 ) (-2400 -4096 2510.550293 ) (-2400 -4096 256 ) 
4 7 41 (-3072 -4096 256 ) (-3072 -4096 320 ) (-3072 -3856 320 ) (-3072 -3856 256 ) 
4 7 40 (-3072 -4096 320 ) (-3072 -4096 2510.550293 ) (-3072 -3856 2510.550293 ) (-3072 -3856 320 ) 
4 7 33 (-3072 -3856 2510.550293 ) (-3072 -3456 2510.550293 ) (-3072 -3456 256 ) (-3072 -3856 256 ) 
4 7 27 (-3072 -3456 2510.550293 ) (-3072 -3376 2510.550293 ) (-3072 -3376 256 ) (-3072 -3456 256 ) 
4 7 26 (-3072 -3376 2510.550293 ) (-3072 -3072 2510.550293 ) (-3072 -3072 256 ) (-3072 -3376 256 ) 
4 7 14 (-2800 -4096 256 ) (-2848 -4096 256 ) (-2848 -3856 256 ) (-2800 -3856 256 ) 
4 7 12 (-3072 -3376 256 ) (-3072 -3072 256 ) (-2800 -3072 256 ) (-2800 -3376 256 ) 
4 7 13 (-3072 -3856 256 ) (-3072 -3728 256 ) (-2800 -3728 256 ) (-2800 -3856 256 ) 
4 7 10 (-2400 -4096 256 ) (-2528 -4096 256 ) (-2528 -3696 256 ) (-2400 -3696 256 ) 
4 7 9 (-2528 -3696 256 ) (-2528 -3072 256 ) (-2400 -3072 256 ) (-2400 -3696 256 ) 
4 7 11 (-2528 -4096 256 ) (-2800 -4096 256 ) (-2800 -3072 256 ) (-2528 -3072 256 ) 
4 7 8 (-2048 -4096 256 ) (-2272 -4096 256 ) (-2272 -3072 256 ) (-2048 -3072 256 ) 
4 8 90 (-2048 -4096 64 ) (-2048 -4096 256 ) (-2272 -4096 256 ) (-2272 -4096 64 ) 
4 8 15 (-2048 -3072 64 ) (-2048 -4096 64 ) (-2272 -4096 64 ) (-2272 -3072 64 ) 
4 9 15 (-2528 -3696 64 ) (-2528 -3072 64 ) (-2400 -3072 64 ) (-2400 -3696 64 ) 
4 9 10 (-2528 -3696 256 ) (-2528 -3696 200 ) (-2400 -3696 200 ) (-2400 -3696 256 ) 
4 9 11 (-2528 -3072 64 ) (-2528 -3696 64 ) (-2528 -3696 256 ) (-2528 -3072 256 ) 
4 10 91 (-2400 -4096 256 ) (-2528 -4096 256 ) (-2528 -4096 200 ) (-2400 -4096 200 ) 
4 10 11 (-2528 -4096 200 ) (-2528 -4096 256 ) (-2528 -3696 256 ) (-2528 -3696 200 ) 
4 11 92 (-2800 -4096 200 ) (-2800 -4096 64 ) (-2528 -4096 64 ) (-2528 -4096 200 ) 
4 11 91 (-2528 -4096 256 ) (-2800 -4096 256 ) (-2800 -4096 200 ) (-2528 -4096 200 ) 
4 11 15 (-2528 -4096 64 ) (-2800 -4096 64 ) (-2800 -3072 64 ) (-2528 -3072 64 ) 
4 11 14 (-2800 -3856 64 ) (-2800 -4096 64 ) (-2800 -4096 256 ) (-2800 -3856 256 ) 
4 11 12 (-2800 -3072 64 ) (-2800 -3376 64 ) (-2800 -3376 256 ) (-2800 -3072 256 ) 
4 11 13 (-2800 -3728 64 ) (-2800 -3856 64 ) (-2800 -3856 256 ) (-2800 -3728 256 ) 
4 12 26 (-3072 -3376 256 ) (-3072 -3072 256 ) (-3072 -3072 64 ) (-3072 -3376 64 ) 
4 12 15 (-3072 -3376 64 ) (-3072 -3072 64 ) (-2800 -3072 64 ) (-2800 -3376 64 ) 
4 13 34 (-3072 -3856 256 ) (-3072 -3728 256 ) (-3072 -3728 64 ) (-3072 -3856 64 ) 
4 13 15 (-3072 -3856 64 ) (-3072 -3728 64 ) (-2800 -3728 64 ) (-2800 -3856 64 ) 
4 13 14 (-2848 -3856 64 ) (-2800 -3856 64 ) (-2800 -3856 256 ) (-2848 -3856 256 ) 
4 14 92 (-2848 -4096 200 ) (-2848 -4096 64 ) (-2800 -4096 64 ) (-2800 -4096 200 ) 
4 14 91 (-2800 -4096 256 ) (-2848 -4096 256 ) (-2848 -4096 200 ) (-2800 -4096 200 ) 
4 14 15 (-2800 -4096 64 ) (-2848 -4096 64 ) (-2848 -3856 64 ) (-2800 -3856 64 ) 
4 15 118 (-2848 -4096 64 ) (-3072 -4096 64 ) (-3072 -4096 -718.545044 ) (-2848 -4096 -718.545044 ) 
4 15 93 (-2048 -4096 -718.545044 ) (-2048 -4096 64 ) (-2848 -4096 64 ) (-2848 -4096 -718.545044 ) 
4 15 68 (-3072 -4096 -718.545044 ) (-3072 -4096 64 ) (-3072 -3072 64 ) (-3072 -3072 -718.545044 ) 
4 16 21 (-4096 -2559.270020 -718.545044 ) (-4096 -2832 -718.545044 ) (-4096 -2832 2510.550293 ) (-4096 -2559.270020 2510.550293 ) 
4 16 18 (-3424 -2832 256 ) (-3424 -2832 2510.550293 ) (-4096 -2832 2510.550293 ) (-4096 -2832 256 ) 
4 16 19 (-4096 -2832 -718.545044 ) (-3424 -2832 -718.545044 ) (-3424 -2832 64 ) (-4096 -2832 64 ) 
4 16 17 (-3424 -2832 -718.545044 ) (-3072 -2832 -718.545044 ) (-3072 -2832 2510.550293 ) (-3424 -2832 2510.550293 ) 
4 17 68 (-3072 -3072 -718.545044 ) (-3072 -3072 64 ) (-3424 -3072 64 ) (-3424 -3072 -718.545044 ) 
4 17 26 (-3072 -3072 64 ) (-3072 -3072 2510.550293 ) (-3424 -3072 2510.550293 ) (-3424 -3072 64 ) 
4 17 18 (-3424 -2832 2510.550293 ) (-3424 -2832 256 ) (-3424 -2976 256 ) (-3424 -2976 2510.550293 ) 
4 17 19 (-3424 -2832 64 ) (-3424 -2832 -718.545044 ) (-3424 -2976 -718.545044 ) (-3424 -2976 64 ) 
4 17 20 (-3424 -2976 -718.545044 ) (-3424 -3072 -718.545044 ) (-3424 -3072 2510.550293 ) (-3424 -2976 2510.550293 ) 
4 18 22 (-4096 -2976 256 ) (-4096 -2976 2510.550293 ) (-4096 -2832 2510.550293 ) (-4096 -2832 256 ) 
4 18 20 (-3424 -2976 256 ) (-3424 -2976 2510.550293 ) (-4096 -2976 2510.550293 ) (-4096 -2976 256 ) 
4 19 23 (-4096 -2832 -718.545044 ) (-4096 -2976 -718.545044 ) (-4096 -2976 64 ) (-4096 -2832 64 ) 
4 19 20 (-4096 -2976 -718.545044 ) (-3424 -2976 -718.545044 ) (-3424 -2976 64 ) (-4096 -2976 64 ) 
4 20 69 (-3968 -3072 -718.545044 ) (-3712 -3072 -718.545044 ) (-3712 -3072 64 ) (-3968 -3072 64 ) 
4 20 68 (-3712 -3072 -718.545044 ) (-3424 -3072 -718.545044 ) (-3424 -3072 64 ) (-3712 -3072 64 ) 
4 20 71 (-4096 -3072 64 ) (-4096 -3072 -718.545044 ) (-3968 -3072 -718.545044 ) (-3968 -3072 64 ) 
4 20 31 (-3584 -3072 2510.550293 ) (-4048 -3072 2510.550293 ) (-4048 -3072 320 ) (-3584 -3072 320 ) 
4 20 32 (-4048 -3072 2510.550293 ) (-4096 -3072 2510.550293 ) (-4096 -3072 64 ) (-4048 -3072 64 ) 
4 20 29 (-3424 -3072 2510.550293 ) (-3584 -3072 2510.550293 ) (-3584 -3072 192 ) (-3424 -3072 192 ) 
4 20 24 (-4096 -2976 -718.545044 ) (-4096 -3072 -718.545044 ) (-4096 -3072 2510.550293 ) (-4096 -2976 2510.550293 ) 
4 21 86 (-5120 -2832 2510.550293 ) (-5120 -2559.270020 2510.550293 ) (-5120 -2559.270020 -718.545044 ) (-5120 -2832 -718.545044 ) 
4 21 22 (-4096 -2832 256 ) (-4096 -2832 2510.550293 ) (-4624 -2832 2510.550293 ) (-4624 -2832 256 ) 
4 21 23 (-4624 -2832 -718.545044 ) (-4096 -2832 -718.545044 ) (-4096 -2832 64 ) (-4624 -2832 64 ) 
4 21 25 (-5120 -2832 -718.545044 ) (-4624 -2832 -718.545044 ) (-4624 -2832 2510.550293 ) (-5120 -2832 2510.550293 ) 
4 22 25 (-4624 -2832 2510.550293 ) (-4624 -2832 256 ) (-4624 -2976 256 ) (-4624 -2976 2510.550293 ) 
4 22 24 (-4624 -2976 2510.550293 ) (-4624 -2976 256 ) (-4096 -2976 256 ) (-4096 -2976 2510.550293 ) 
4 23 24 (-4624 -2976 64 ) (-4624 -2976 -718.545044 ) (-4096 -2976 -718.545044 ) (-4096 -2976 64 ) 
4 23 25 (-4624 -2832 64 ) (-4624 -2832 -718.545044 ) (-4624 -2976 -718.545044 ) (-4624 -2976 64 ) 
4 24 85 (-4624 -3072 -718.545044 ) (-4096 -3072 -718.545044 ) (-4096 -3072 64 ) (-4624 -3072 64 ) 
4 24 74 (-4240 -3072 288 ) (-4624 -3072 288 ) (-4624 -3072 64 ) (-4240 -3072 64 ) 
4 24 73 (-4096 -3072 64 ) (-4096 -3072 288 ) (-4240 -3072 288 ) (-4240 -3072 64 ) 
4 24 72 (-4096 -3072 288 ) (-4096 -3072 2510.550293 ) (-4624 -3072 2510.550293 ) (-4624 -3072 288 ) 
4 24 25 (-4624 -2976 -718.545044 ) (-4624 -3072 -718.545044 ) (-4624 -3072 2510.550293 ) (-4624 -2976 2510.550293 ) 
4 25 86 (-5120 -3072 -718.545044 ) (-5120 -3072 2510.550293 ) (-5120 -2832 2510.550293 ) (-5120 -2832 -718.545044 ) 
4 25 85 (-5120 -3072 64 ) (-5120 -3072 -718.545044 ) (-4624 -3072 -718.545044 ) (-4624 -3072 64 ) 
4 25 74 (-4896 -3072 64 ) (-4624 -3072 64 ) (-4624 -3072 288 ) (-4896 -3072 288 ) 
4 25 75 (-5120 -3072 288 ) (-5120 -3072 64 ) (-4896 -3072 64 ) (-4896 -3072 288 ) 
4 25 72 (-5120 -3072 2510.550293 ) (-5120 -3072 288 ) (-4624 -3072 288 ) (-4624 -3072 2510.550293 ) 
4 26 68 (-3424 -3072 64 ) (-3072 -3072 64 ) (-3072 -3376 64 ) (-3424 -3376 64 ) 
4 26 29 (-3424 -3248 192 ) (-3424 -3248 2510.550293 ) (-3424 -3072 2510.550293 ) (-3424 -3072 192 ) 
4 26 30 (-3424 -3248 64 ) (-3424 -3376 64 ) (-3424 -3376 2510.550293 ) (-3424 -3248 2510.550293 ) 
4 26 28 (-3424 -3376 256 ) (-3424 -3376 64 ) (-3216 -3376 64 ) (-3216 -3376 256 ) 
4 26 27 (-3424 -3376 2510.550293 ) (-3424 -3376 256 ) (-3072 -3376 256 ) (-3072 -3376 2510.550293 ) 
4 27 33 (-3072 -3456 256 ) (-3072 -3456 2510.550293 ) (-3424 -3456 2510.550293 ) (-3424 -3456 256 ) 
4 27 30 (-3424 -3456 256 ) (-3424 -3456 2510.550293 ) (-3424 -3376 2510.550293 ) (-3424 -3376 256 ) 
4 27 28 (-3296 -3456 256 ) (-3424 -3456 256 ) (-3424 -3376 256 ) (-3216 -3376 256 ) 
4 28 68 (-3296 -3456 64 ) (-3424 -3456 64 ) (-3424 -3376 64 ) (-3216 -3376 64 ) 
4 28 35 (-3392 -3456 64 ) (-3296 -3456 64 ) (-3296 -3456 256 ) (-3392 -3456 256 ) 
4 28 38 (-3424 -3456 64 ) (-3392 -3456 64 ) (-3392 -3456 256 ) (-3424 -3456 256 ) 
4 28 30 (-3424 -3376 64 ) (-3424 -3456 64 ) (-3424 -3456 256 ) (-3424 -3376 256 ) 
4 29 31 (-3584 -3248 320 ) (-3584 -3248 2510.550293 ) (-3584 -3072 2510.550293 ) (-3584 -3072 320 ) 
4 29 30 (-3424 -3248 192 ) (-3424 -3248 2510.550293 ) (-3584 -3248 2510.550293 ) (-3584 -3248 192 ) 
4 30 68 (-3424 -3248 64 ) (-3424 -3456 64 ) (-3584 -3456 64 ) (-3584 -3248 64 ) 
4 30 38 (-3520 -3456 64 ) (-3424 -3456 64 ) (-3424 -3456 256 ) (-3520 -3456 256 ) 
4 30 33 (-3424 -3456 256 ) (-3424 -3456 2510.550293 ) (-3584 -3456 2510.550293 ) (-3584 -3456 256 ) 
4 30 31 (-3584 -3456 320 ) (-3584 -3456 2510.550293 ) (-3584 -3248 2510.550293 ) (-3584 -3248 320 ) 
4 31 52 (-3712 -3456 2510.550293 ) (-4048 -3456 2510.550293 ) (-4048 -3456 320 ) (-3712 -3456 320 ) 
4 31 33 (-3584 -3456 320 ) (-3584 -3456 2510.550293 ) (-3712 -3456 2510.550293 ) (-3712 -3456 320 ) 
4 31 32 (-4048 -3456 320 ) (-4048 -3456 2510.550293 ) (-4048 -3072 2510.550293 ) (-4048 -3072 320 ) 
4 32 76 (-4096 -3296 64 ) (-4096 -3456 64 ) (-4096 -3456 288 ) (-4096 -3296 288 ) 
4 32 73 (-4096 -3072 288 ) (-4096 -3072 64 ) (-4096 -3296 64 ) (-4096 -3296 288 ) 
4 32 72 (-4096 -3072 2510.550293 ) (-4096 -3072 288 ) (-4096 -3456 288 ) (-4096 -3456 2510.550293 ) 
4 32 71 (-4096 -3072 64 ) (-4048 -3072 64 ) (-4048 -3456 64 ) (-4096 -3456 64 ) 
4 32 54 (-4096 -3456 192 ) (-4096 -3456 64 ) (-4048 -3456 64 ) (-4048 -3456 192 ) 
4 32 52 (-4096 -3456 2510.550293 ) (-4096 -3456 192 ) (-4048 -3456 192 ) (-4048 -3456 2510.550293 ) 
4 33 56 (-3712 -3680 256 ) (-3712 -3856 256 ) (-3712 -3856 272 ) (-3712 -3680 272 ) 
4 33 55 (-3712 -3856 272 ) (-3712 -3856 2510.550293 ) (-3712 -3680 2510.550293 ) (-3712 -3680 272 ) 
4 33 52 (-3712 -3456 2510.550293 ) (-3712 -3456 256 ) (-3712 -3680 256 ) (-3712 -3680 2510.550293 ) 
4 33 45 (-3712 -3856 400 ) (-3712 -3856 256 ) (-3536 -3856 256 ) (-3536 -3856 400 ) 
4 33 44 (-3360 -3856 320 ) (-3360 -3856 400 ) (-3536 -3856 400 ) (-3536 -3856 320 ) 
4 33 43 (-3712 -3856 2510.550293 ) (-3712 -3856 400 ) (-3360 -3856 400 ) (-3360 -3856 2510.550293 ) 
4 33 41 (-3104 -3856 256 ) (-3072 -3856 256 ) (-3072 -3856 320 ) (-3104 -3856 320 ) 
4 33 40 (-3072 -3856 320 ) (-3072 -3856 2510.550293 ) (-3360 -3856 2510.550293 ) (-3360 -3856 320 ) 
4 33 39 (-3520 -3856 256 ) (-3712 -3856 256 ) (-3712 -3680 256 ) (-3520 -3680 256 ) 
4 33 36 (-3392 -3704 256 ) (-3392 -3632 256 ) (-3296 -3632 256 ) (-3296 -3704 256 ) 
4 33 35 (-3392 -3632 256 ) (-3392 -3456 256 ) (-3296 -3456 256 ) (-3296 -3632 256 ) 
4 33 37 (-3296 -3856 256 ) (-3392 -3856 256 ) (-3392 -3704 256 ) (-3296 -3704 256 ) 
4 33 38 (-3392 -3856 256 ) (-3520 -3856 256 ) (-3520 -3456 256 ) (-3392 -3456 256 ) 
4 33 34 (-3072 -3856 256 ) (-3296 -3856 256 ) (-3296 -3728 256 ) (-3072 -3728 256 ) 
4 34 68 (-3072 -3728 64 ) (-3072 -3856 64 ) (-3296 -3856 64 ) (-3296 -3728 64 ) 
4 34 37 (-3296 -3856 64 ) (-3296 -3856 256 ) (-3296 -3728 256 ) (-3296 -3728 64 ) 
4 35 68 (-3392 -3632 64 ) (-3392 -3456 64 ) (-3296 -3456 64 ) (-3296 -3632 64 ) 
4 35 36 (-3392 -3632 256 ) (-3392 -3632 160 ) (-3296 -3632 160 ) (-3296 -3632 256 ) 
4 35 38 (-3392 -3632 256 ) (-3392 -3456 256 ) (-3392 -3456 64 ) (-3392 -3632 64 ) 
4 36 38 (-3392 -3704 256 ) (-3392 -3632 256 ) (-3392 -3632 160 ) (-3392 -3704 160 ) 
4 36 37 (-3392 -3704 256 ) (-3392 -3704 160 ) (-3296 -3704 160 ) (-3296 -3704 256 ) 
4 37 68 (-3296 -3856 64 ) (-3392 -3856 64 ) (-3392 -3704 64 ) (-3296 -3704 64 ) 
4 37 38 (-3392 -3856 64 ) (-3392 -3856 256 ) (-3392 -3704 256 ) (-3392 -3704 64 ) 
4 38 68 (-3392 -3856 64 ) (-3520 -3856 64 ) (-3520 -3456 64 ) (-3392 -3456 64 ) 
4 38 39 (-3520 -3856 64 ) (-3520 -3856 256 ) (-3520 -3680 256 ) (-3520 -3680 64 ) 
4 39 68 (-3520 -3856 64 ) (-3712 -3856 64 ) (-3712 -3680 64 ) (-3520 -3680 64 ) 
4 39 56 (-3712 -3680 64 ) (-3712 -3856 64 ) (-3712 -3856 256 ) (-3712 -3680 256 ) 
4 39 45 (-3712 -3856 256 ) (-3712 -3856 64 ) (-3536 -3856 64 ) (-3536 -3856 256 ) 
4 40 133 (-3072 -4096 320 ) (-3072 -4096 2510.550293 ) (-3360 -4096 2510.550293 ) (-3360 -4096 320 ) 
4 40 48 (-3360 -3936 320 ) (-3360 -4096 320 ) (-3360 -4096 400 ) (-3360 -3936 400 ) 
4 40 44 (-3360 -3856 400 ) (-3360 -3856 320 ) (-3360 -3936 320 ) (-3360 -3936 400 ) 
4 40 43 (-3360 -3856 2510.550293 ) (-3360 -3856 400 ) (-3360 -4096 400 ) (-3360 -4096 2510.550293 ) 
4 40 42 (-3360 -4096 320 ) (-3360 -4048 320 ) (-3104 -4048 320 ) (-3104 -4096 320 ) 
4 40 41 (-3104 -3856 320 ) (-3072 -3856 320 ) (-3072 -4096 320 ) (-3104 -4096 320 ) 
4 41 133 (-3072 -4096 256 ) (-3072 -4096 320 ) (-3104 -4096 320 ) (-3104 -4096 256 ) 
4 41 42 (-3104 -4048 256 ) (-3104 -4096 256 ) (-3104 -4096 320 ) (-3104 -4048 320 ) 
4 42 133 (-3104 -4096 320 ) (-3360 -4096 320 ) (-3360 -4096 256 ) (-3104 -4096 256 ) 
4 42 49 (-3360 -4048 256 ) (-3360 -4096 256 ) (-3360 -4096 320 ) (-3360 -4048 320 ) 
4 43 139 (-3712 -4096 2510.550293 ) (-3712 -4096 400 ) (-3552 -4096 400 ) (-3552 -4096 2510.550293 ) 
4 43 136 (-3552 -4096 400 ) (-3488 -4096 400 ) (-3488 -4096 2510.550293 ) (-3552 -4096 2510.550293 ) 
4 43 135 (-3488 -4096 400 ) (-3360 -4096 400 ) (-3360 -4096 2510.550293 ) (-3488 -4096 2510.550293 ) 
4 43 64 (-3712 -4096 400 ) (-3712 -4096 2510.550293 ) (-3712 -3968 2510.550293 ) (-3712 -3968 400 ) 
4 43 61 (-3712 -3968 2510.550293 ) (-3712 -3880 2510.550293 ) (-3712 -3880 400 ) (-3712 -3968 400 ) 
4 43 58 (-3712 -3880 2510.550293 ) (-3712 -3872 2510.550293 ) (-3712 -3872 400 ) (-3712 -3880 400 ) 
4 43 55 (-3712 -3872 2510.550293 ) (-3712 -3856 2510.550293 ) (-3712 -3856 400 ) (-3712 -3872 400 ) 
4 43 51 (-3712 -3968 400 ) (-3712 -3936 400 ) (-3552 -3936 400 ) (-3552 -4064 400 ) 
4 43 48 (-3448 -3936 400 ) (-3360 -3936 400 ) (-3360 -4096 400 ) (-3448 -4096 400 ) 
4 43 50 (-3552 -3936 400 ) (-3448 -3936 400 ) (-3448 -4096 400 ) (-3552 -4096 400 ) 
4 43 46 (-3712 -3880 400 ) (-3712 -3872 400 ) (-3536 -3872 400 ) (-3536 -3880 400 ) 
4 43 45 (-3712 -3872 400 ) (-3712 -3856 400 ) (-3536 -3856 400 ) (-3536 -3872 400 ) 
4 43 47 (-3712 -3936 400 ) (-3712 -3880 400 ) (-3536 -3880 400 ) (-3536 -3936 400 ) 
4 43 44 (-3536 -3856 400 ) (-3360 -3856 400 ) (-3360 -3936 400 ) (-3536 -3936 400 ) 
4 44 48 (-3360 -3936 320 ) (-3360 -3936 400 ) (-3448 -3936 400 ) (-3448 -3936 320 ) 
4 44 50 (-3448 -3936 400 ) (-3536 -3936 400 ) (-3536 -3936 320 ) (-3448 -3936 320 ) 
4 44 46 (-3536 -3880 400 ) (-3536 -3872 400 ) (-3536 -3872 320 ) (-3536 -3880 320 ) 
4 44 45 (-3536 -3872 400 ) (-3536 -3856 400 ) (-3536 -3856 320 ) (-3536 -3872 320 ) 
4 44 47 (-3536 -3936 320 ) (-3536 -3936 400 ) (-3536 -3880 400 ) (-3536 -3880 320 ) 
4 45 68 (-3712 -3872 64 ) (-3712 -3856 64 ) (-3536 -3856 64 ) (-3536 -3872 64 ) 
4 45 56 (-3712 -3856 64 ) (-3712 -3872 64 ) (-3712 -3872 272 ) (-3712 -3856 272 ) 
4 45 55 (-3712 -3872 272 ) (-3712 -3872 400 ) (-3712 -3856 400 ) (-3712 -3856 272 ) 
5 45 46 (-3536 -3872 64 ) (-3536 -3872 400 ) (-3712 -3872 400 ) (-3712 -3872 67.851929 ) (-3704 -3872 64 ) 
4 46 68 (-3704 -3872 64 ) (-3536 -3872 64 ) (-3536 -3880 64 ) (-3704 -3880 64 ) 
4 46 59 (-3712 -3880 67.851913 ) (-3712 -3880 168 ) (-3712 -3872 168 ) (-3712 -3872 67.851929 ) 
4 46 58 (-3712 -3880 168 ) (-3712 -3880 400 ) (-3712 -3872 400 ) (-3712 -3872 168 ) 
5 46 47 (-3536 -3880 64 ) (-3536 -3880 400 ) (-3712 -3880 400 ) (-3712 -3880 67.851929 ) (-3704 -3880 64 ) 
4 47 68 (-3712 -3936 64 ) (-3712 -3880 64 ) (-3536 -3880 64 ) (-3536 -3936 64 ) 
4 47 61 (-3712 -3880 64 ) (-3712 -3936 64 ) (-3712 -3936 400 ) (-3712 -3880 400 ) 
4 47 51 (-3552 -3936 400 ) (-3712 -3936 400 ) (-3712 -3936 64 ) (-3552 -3936 64 ) 
4 47 50 (-3536 -3936 400 ) (-3552 -3936 400 ) (-3552 -3936 64 ) (-3536 -3936 64 ) 
4 48 135 (-3360 -4096 320 ) (-3360 -4096 400 ) (-3448 -4096 400 ) (-3448 -4096 320 ) 
4 48 49 (-3448 -4096 320 ) (-3448 -3968 320 ) (-3360 -4048 320 ) (-3360 -4096 320 ) 
4 48 50 (-3448 -3936 400 ) (-3448 -3936 320 ) (-3448 -4096 320 ) (-3448 -4096 400 ) 
4 49 135 (-3448 -4096 64 ) (-3360 -4096 64 ) (-3360 -4096 320 ) (-3448 -4096 320 ) 
4 49 68 (-3360 -4096 64 ) (-3448 -4096 64 ) (-3448 -3968 64 ) (-3360 -4048 64 ) 
4 49 50 (-3448 -3968 64 ) (-3448 -4096 64 ) (-3448 -4096 320 ) (-3448 -3968 320 ) 
4 50 136 (-3552 -4096 64 ) (-3488 -4096 64 ) (-3488 -4096 400 ) (-3552 -4096 400 ) 
4 50 135 (-3488 -4096 64 ) (-3448 -4096 64 ) (-3448 -4096 400 ) (-3488 -4096 400 ) 
4 50 68 (-3448 -4096 64 ) (-3552 -4096 64 ) (-3552 -3936 64 ) (-3448 -3936 64 ) 
4 50 51 (-3552 -3936 400 ) (-3552 -3936 64 ) (-3552 -4064 64 ) (-3552 -4064 400 ) 
4 51 68 (-3712 -3968 64 ) (-3712 -3936 64 ) (-3552 -3936 64 ) (-3552 -4064 64 ) 
4 51 61 (-3712 -3936 64 ) (-3712 -3968 64 ) (-3712 -3968 400 ) (-3712 -3936 400 ) 
4 52 76 (-4096 -3680 192 ) (-4096 -3680 288 ) (-4096 -3456 288 ) (-4096 -3456 192 ) 
4 52 72 (-4096 -3680 288 ) (-4096 -3680 2510.550293 ) (-4096 -3456 2510.550293 ) (-4096 -3456 288 ) 
4 52 56 (-3984 -3680 192 ) (-3712 -3680 192 ) (-3712 -3680 272 ) (-3984 -3680 272 ) 
4 52 57 (-4096 -3680 272 ) (-4096 -3680 192 ) (-4016 -3680 192 ) (-4016 -3680 272 ) 
4 52 55 (-4096 -3680 2510.550293 ) (-4096 -3680 272 ) (-3712 -3680 272 ) (-3712 -3680 2510.550293 ) 
4 52 53 (-4016 -3678 192 ) (-4016 -3456 192 ) (-3712 -3456 192 ) (-3712 -3678 192 ) 
4 52 54 (-4016 -3680 192 ) (-4096 -3680 192 ) (-4096 -3456 192 ) (-4016 -3456 192 ) 
4 53 69 (-3968 -3456 64 ) (-3712 -3456 64 ) (-3712 -3678 64 ) (-3968 -3678 64 ) 
4 53 71 (-4016 -3456 64 ) (-3968 -3456 64 ) (-3968 -3678 64 ) (-4016 -3678 64 ) 
4 53 54 (-4016 -3678 192 ) (-4016 -3456 192 ) (-4016 -3456 64 ) (-4016 -3678 64 ) 
4 54 76 (-4096 -3456 64 ) (-4096 -3680 64 ) (-4096 -3680 192 ) (-4096 -3456 192 ) 
4 54 71 (-4096 -3680 64 ) (-4096 -3456 64 ) (-4016 -3456 64 ) (-4016 -3680 64 ) 
4 54 57 (-4096 -3680 192 ) (-4096 -3680 64 ) (-4016 -3680 64 ) (-4016 -3680 192 ) 
4 55 77 (-4096 -3768 288 ) (-4096 -3760 288 ) (-4096 -3760 272 ) (-4096 -3768 272 ) 
4 55 76 (-4096 -3760 288 ) (-4096 -3680 288 ) (-4096 -3680 272 ) (-4096 -3760 272 ) 
4 55 78 (-4096 -3872 272 ) (-4096 -3872 288 ) (-4096 -3768 288 ) (-4096 -3768 272 ) 
4 55 72 (-4096 -3872 288 ) (-4096 -3872 2510.550293 ) (-4096 -3680 2510.550293 ) (-4096 -3680 288 ) 
4 55 58 (-3712 -3872 272 ) (-3712 -3872 2510.550293 ) (-4080 -3872 2510.550293 ) (-4080 -3872 272 ) 
4 55 60 (-4080 -3872 2510.550293 ) (-4096 -3872 2510.550293 ) (-4096 -3872 272 ) (-4080 -3872 272 ) 
4 55 56 (-3712 -3872 272 ) (-3984 -3872 272 ) (-3984 -3680 272 ) (-3712 -3680 272 ) 
4 55 57 (-4016 -3872 272 ) (-4096 -3872 272 ) (-4096 -3680 272 ) (-4016 -3680 272 ) 
4 56 69 (-3968 -3680 64 ) (-3712 -3680 64 ) (-3712 -3872 64 ) (-3968 -3872 64 ) 
4 56 71 (-3984 -3680 64 ) (-3968 -3680 64 ) (-3968 -3872 64 ) (-3984 -3872 64 ) 
3 56 59 (-3712 -3872 67.851913 ) (-3712 -3872 168 ) (-3920 -3872 168 ) 
4 56 58 (-3712 -3872 168 ) (-3712 -3872 272 ) (-3984 -3872 272 ) (-3984 -3872 168 ) 
4 57 77 (-4096 -3760 64 ) (-4096 -3768 64 ) (-4096 -3768 272 ) (-4096 -3760 272 ) 
4 57 76 (-4096 -3680 64 ) (-4096 -3760 64 ) (-4096 -3760 272 ) (-4096 -3680 272 ) 
4 57 78 (-4096 -3768 64 ) (-4096 -3872 64 ) (-4096 -3872 272 ) (-4096 -3768 272 ) 
4 57 71 (-4096 -3872 64 ) (-4096 -3680 64 ) (-4016 -3680 64 ) (-4016 -3872 64 ) 
4 57 58 (-4016 -3872 168 ) (-4016 -3872 272 ) (-4080 -3872 272 ) (-4080 -3872 168 ) 
4 57 60 (-4096 -3872 64 ) (-4080 -3872 64 ) (-4080 -3872 272 ) (-4096 -3872 272 ) 
4 58 62 (-4072 -3880 2510.550293 ) (-4080 -3880 2510.550293 ) (-4080 -3880 168 ) (-4072 -3880 168 ) 
4 58 61 (-3712 -3880 168 ) (-3712 -3880 2510.550293 ) (-4072 -3880 2510.550293 ) (-4072 -3880 168 ) 
4 58 59 (-3712 -3880 168 ) (-3920 -3880 168 ) (-3920 -3872 168 ) (-3712 -3872 168 ) 
4 58 60 (-4080 -3880 168 ) (-4080 -3880 2510.550293 ) (-4080 -3872 2510.550293 ) (-4080 -3872 168 ) 
3 59 61 (-3712 -3880 67.851913 ) (-3712 -3880 168 ) (-3920 -3880 168 ) 
4 60 78 (-4096 -3872 64 ) (-4096 -3880 64 ) (-4096 -3880 288 ) (-4096 -3872 288 ) 
4 60 72 (-4096 -3880 288 ) (-4096 -3880 2510.550293 ) (-4096 -3872 2510.550293 ) (-4096 -3872 288 ) 
4 60 71 (-4096 -3880 64 ) (-4096 -3872 64 ) (-4080 -3872 64 ) (-4080 -3880 64 ) 
4 60 63 (-4096 -3880 2510.550293 ) (-4096 -3880 64 ) (-4080 -3880 64 ) (-4080 -3880 2510.550293 ) 
4 61 69 (-3968 -3880 64 ) (-3712 -3880 64 ) (-3712 -3968 64 ) (-3968 -3968 64 ) 
4 61 71 (-4072 -3880 64 ) (-3968 -3880 64 ) (-3968 -3968 64 ) (-4072 -3968 64 ) 
4 61 64 (-3712 -3968 400 ) (-3712 -3968 2510.550293 ) (-3968 -3968 2510.550293 ) (-3968 -3968 400 ) 
4 61 65 (-4072 -3968 64 ) (-3968 -3968 64 ) (-3968 -3968 2510.550293 ) (-4072 -3968 2510.550293 ) 
4 61 62 (-4072 -3968 168 ) (-4072 -3968 2510.550293 ) (-4072 -3880 2510.550293 ) (-4072 -3880 168 ) 
4 62 66 (-4072 -3968 168 ) (-4072 -3968 2510.550293 ) (-4080 -3968 2510.550293 ) (-4080 -3968 168 ) 
4 62 63 (-4080 -3968 168 ) (-4080 -3968 2510.550293 ) (-4080 -3880 2510.550293 ) (-4080 -3880 168 ) 
4 63 78 (-4096 -3880 64 ) (-4096 -3968 64 ) (-4096 -3968 288 ) (-4096 -3880 288 ) 
4 63 72 (-4096 -3968 288 ) (-4096 -3968 2510.550293 ) (-4096 -3880 2510.550293 ) (-4096 -3880 288 ) 
4 63 71 (-4096 -3968 64 ) (-4096 -3880 64 ) (-4080 -3880 64 ) (-4080 -3968 64 ) 
4 63 67 (-4096 -3968 64 ) (-4080 -3968 64 ) (-4080 -3968 2510.550293 ) (-4096 -3968 2510.550293 ) 
4 64 147 (-3712 -4096 400 ) (-3712 -4096 2510.550293 ) (-3968 -4096 2510.550293 ) (-3968 -4096 400 ) 
4 64 65 (-3968 -4096 2510.550293 ) (-3968 -3968 2510.550293 ) (-3968 -3968 400 ) (-3968 -4096 400 ) 
4 65 148 (-4072 -4096 64 ) (-3968 -4096 64 ) (-3968 -4096 2510.550293 ) (-4072 -4096 2510.550293 ) 
4 65 71 (-3968 -4096 64 ) (-4072 -4096 64 ) (-4072 -3968 64 ) (-3968 -3968 64 ) 
4 65 66 (-4072 -4096 2510.550293 ) (-4072 -3968 2510.550293 ) (-4072 -3968 168 ) (-4072 -4096 101.440018 ) 
4 66 149 (-4072 -4096 101.440018 ) (-4072 -4096 2510.550293 ) (-4080 -4096 2510.550293 ) (-4080 -4096 101.439941 ) 
4 66 67 (-4080 -4096 2510.550293 ) (-4080 -3968 2510.550293 ) (-4080 -3968 168 ) (-4080 -4096 101.440018 ) 
4 67 150 (-4096 -4096 2510.550293 ) (-4096 -4096 64 ) (-4080 -4096 64 ) (-4080 -4096 2510.550293 ) 
4 67 78 (-4096 -3968 64 ) (-4096 -4096 64 ) (-4096 -4096 288 ) (-4096 -3968 288 ) 
4 67 72 (-4096 -4096 288 ) (-4096 -4096 2510.550293 ) (-4096 -3968 2510.550293 ) (-4096 -3968 288 ) 
4 67 71 (-4080 -4096 64 ) (-4096 -4096 64 ) (-4096 -3968 64 ) (-4080 -3968 64 ) 
4 68 174 (-3072 -4096 -718.545044 ) (-3072 -4096 0 ) (-3712 -4096 0 ) (-3712 -4096 -718.545044 ) 
4 68 170 (-3408 -4096 16 ) (-3712 -4096 16 ) (-3712 -4096 0 ) (-3408 -4096 0 ) 
4 68 169 (-3072 -4096 0 ) (-3072 -4096 16 ) (-3408 -4096 16 ) (-3408 -4096 0 ) 
4 68 160 (-3072 -4096 16 ) (-3072 -4096 64 ) (-3712 -4096 64 ) (-3712 -4096 16 ) 
4 68 70 (-3712 -3968 -718.545044 ) (-3712 -4096 -718.545044 ) (-3712 -4096 0 ) (-3712 -3968 0 ) 
4 68 69 (-3712 -3072 -718.545044 ) (-3712 -3968 -718.545044 ) (-3712 -3968 64 ) (-3712 -3072 64 ) 
4 69 70 (-3968 -3968 0 ) (-3968 -3968 -718.545044 ) (-3712 -3968 -718.545044 ) (-3712 -3968 0 ) 
4 69 71 (-3968 -3072 -718.545044 ) (-3968 -3968 -718.545044 ) (-3968 -3968 64 ) (-3968 -3072 64 ) 
4 70 174 (-3968 -4096 0 ) (-3968 -4096 -718.545044 ) (-3712 -4096 -718.545044 ) (-3712 -4096 0 ) 
4 70 71 (-3968 -3968 -718.545044 ) (-3968 -4096 -718.545044 ) (-3968 -4096 0 ) (-3968 -3968 0 ) 
4 71 174 (-4096 -4096 0 ) (-4096 -4096 -718.545044 ) (-3968 -4096 -718.545044 ) (-3968 -4096 0 ) 
4 71 173 (-4096 -4096 16 ) (-4096 -4096 0 ) (-3968 -4096 0 ) (-3968 -4096 16 ) 
4 71 168 (-3968 -4096 64 ) (-4096 -4096 64 ) (-4096 -4096 16 ) (-3968 -4096 16 ) 
4 71 85 (-4096 -3072 64 ) (-4096 -3072 -718.545044 ) (-4096 -4096 -718.545044 ) (-4096 -4096 64 ) 
4 72 183 (-4896 -4096 288 ) (-4832 -4096 288 ) (-4832 -4096 320 ) (-4896 -4096 320 ) 
4 72 184 (-5120 -4096 320 ) (-5120 -4096 288 ) (-4896 -4096 288 ) (-4896 -4096 320 ) 
4 72 180 (-4385 -4096 288 ) (-4384 -4096 288 ) (-4384 -4096 320 ) (-4385 -4096 320 ) 
4 72 181 (-4832 -4096 288 ) (-4385 -4096 288 ) (-4385 -4096 320 ) (-4832 -4096 320 ) 
4 72 179 (-4384 -4096 2510.550293 ) (-5120 -4096 2510.550293 ) (-5120 -4096 320 ) (-4384 -4096 320 ) 
4 72 175 (-4096 -4096 288 ) (-4096 -4096 2510.550293 ) (-4128 -4096 2510.550293 ) (-4128 -4096 288 ) 
4 72 178 (-4128 -4096 2510.550293 ) (-4384 -4096 2510.550293 ) (-4384 -4096 288 ) (-4128 -4096 288 ) 
4 72 87 (-5120 -4096 288 ) (-5120 -4096 2510.550293 ) (-5120 -3072 2510.550293 ) (-5120 -3072 288 ) 
4 72 84 (-4896 -4096 288 ) (-5120 -4096 288 ) (-5120 -3296 288 ) (-4896 -3296 288 ) 
5 72 81 (-4385 -4096 288 ) (-4832 -4096 288 ) (-4832 -3648 288 ) (-4480 -3296 288 ) (-4385 -3296 288 ) 
4 72 80 (-4384 -4096 288 ) (-4385 -4096 288 ) (-4385 -3760 288 ) (-4384 -3760 288 ) 
4 72 79 (-4385 -3760 288 ) (-4385 -3296 288 ) (-4384 -3296 288 ) (-4384 -3760 288 ) 
4 72 77 (-4384 -3768 288 ) (-4384 -3760 288 ) (-4096 -3760 288 ) (-4096 -3768 288 ) 
4 72 76 (-4384 -3760 288 ) (-4384 -3296 288 ) (-4096 -3296 288 ) (-4096 -3760 288 ) 
4 72 78 (-4096 -4096 288 ) (-4384 -4096 288 ) (-4384 -3768 288 ) (-4096 -3768 288 ) 
4 72 74 (-4896 -3072 288 ) (-4240 -3072 288 ) (-4240 -3120 288 ) (-4896 -3120 288 ) 
4 72 73 (-4240 -3072 288 ) (-4096 -3072 288 ) (-4096 -3296 288 ) (-4240 -3296 288 ) 
4 72 75 (-5120 -3296 288 ) (-5120 -3072 288 ) (-4896 -3072 288 ) (-4896 -3296 288 ) 
4 73 85 (-4240 -3072 64 ) (-4096 -3072 64 ) (-4096 -3296 64 ) (-4240 -3296 64 ) 
4 73 76 (-4240 -3296 64 ) (-4096 -3296 64 ) (-4096 -3296 288 ) (-4240 -3296 288 ) 
4 73 74 (-4240 -3072 64 ) (-4240 -3120 64 ) (-4240 -3120 288 ) (-4240 -3072 288 ) 
4 74 85 (-4896 -3072 64 ) (-4240 -3072 64 ) (-4240 -3120 64 ) (-4896 -3120 64 ) 
4 74 75 (-4896 -3072 64 ) (-4896 -3120 64 ) (-4896 -3120 288 ) (-4896 -3072 288 ) 
4 75 87 (-5120 -3296 288 ) (-5120 -3072 288 ) (-5120 -3072 64 ) (-5120 -3296 64 ) 
4 75 85 (-5120 -3296 64 ) (-5120 -3072 64 ) (-4896 -3072 64 ) (-4896 -3296 64 ) 
4 75 84 (-5120 -3296 64 ) (-4896 -3296 64 ) (-4896 -3296 288 ) (-5120 -3296 288 ) 
4 76 85 (-4384 -3296 64 ) (-4096 -3296 64 ) (-4096 -3760 64 ) (-4384 -3760 64 ) 
4 76 79 (-4384 -3296 288 ) (-4384 -3296 64 ) (-4384 -3760 64 ) (-4384 -3760 288 ) 
5 76 77 (-4384 -3760 288 ) (-4384 -3760 168 ) (-4232 -3760 64 ) (-4096 -3760 64 ) (-4096 -3760 288 ) 
4 77 85 (-4096 -3760 64 ) (-4096 -3768 64 ) (-4232 -3768 64 ) (-4232 -3760 64 ) 
4 77 80 (-4384 -3768 216 ) (-4384 -3768 288 ) (-4384 -3760 288 ) (-4384 -3760 216 ) 
5 77 78 (-4384 -3768 288 ) (-4384 -3768 168 ) (-4232 -3768 64 ) (-4096 -3768 64 ) (-4096 -3768 288 ) 
4 78 175 (-4096 -4096 64 ) (-4096 -4096 288 ) (-4128 -4096 288 ) (-4128 -4096 64 ) 
4 78 178 (-4128 -4096 288 ) (-4384 -4096 288 ) (-4384 -4096 64 ) (-4128 -4096 64 ) 
4 78 85 (-4096 -3768 64 ) (-4096 -4096 64 ) (-4384 -4096 64 ) (-4384 -3768 64 ) 
4 78 80 (-4384 -4096 216 ) (-4384 -4096 288 ) (-4384 -3768 288 ) (-4384 -3768 216 ) 
4 79 85 (-4385 -3296 64 ) (-4384 -3296 64 ) (-4384 -3760 64 ) (-4385 -3760 64 ) 
4 79 81 (-4385 -3296 288 ) (-4385 -3296 160 ) (-4385 -3760 160 ) (-4385 -3760 288 ) 
4 79 82 (-4385 -3296 160 ) (-4385 -3296 64 ) (-4385 -3760 64 ) (-4385 -3760 160 ) 
4 79 80 (-4385 -3760 288 ) (-4385 -3760 216 ) (-4384 -3760 216 ) (-4384 -3760 288 ) 
4 80 180 (-4384 -4096 288 ) (-4385 -4096 288 ) (-4385 -4096 216 ) (-4384 -4096 216 ) 
4 80 81 (-4385 -4096 216 ) (-4385 -4096 288 ) (-4385 -3760 288 ) (-4385 -3760 216 ) 
4 81 181 (-4385 -4096 288 ) (-4832 -4096 288 ) (-4832 -4096 160 ) (-4385 -4096 160 ) 
5 81 82 (-4832 -4096 160 ) (-4832 -3648 160 ) (-4480 -3296 160 ) (-4385 -3296 160 ) (-4385 -4096 160 ) 
4 82 185 (-4832 -4096 160 ) (-4832 -4096 64 ) (-4385 -4096 64 ) (-4385 -4096 160 ) 
4 82 85 (-4832 -3296 64 ) (-4385 -3296 64 ) (-4385 -4096 64 ) (-4832 -4096 64 ) 
4 82 83 (-4832 -3296 160 ) (-4832 -3296 64 ) (-4832 -4096 64 ) (-4832 -4096 160 ) 
4 83 185 (-4896 -4096 160 ) (-4896 -4096 64 ) (-4832 -4096 64 ) (-4832 -4096 160 ) 
4 83 85 (-4896 -3296 64 ) (-4832 -3296 64 ) (-4832 -4096 64 ) (-4896 -4096 64 ) 
4 83 84 (-4896 -3296 160 ) (-4896 -3296 64 ) (-4896 -4096 64 ) (-4896 -4096 160 ) 
4 84 185 (-5120 -4096 160 ) (-5120 -4096 64 ) (-4896 -4096 64 ) (-4896 -4096 160 ) 
4 84 184 (-4896 -4096 288 ) (-5120 -4096 288 ) (-5120 -4096 160 ) (-4896 -4096 160 ) 
4 84 87 (-5120 -4096 64 ) (-5120 -4096 288 ) (-5120 -3296 288 ) (-5120 -3296 64 ) 
4 84 85 (-5120 -4096 64 ) (-5120 -3296 64 ) (-4896 -3296 64 ) (-4896 -4096 64 ) 
4 85 187 (-4096 -4096 -718.545044 ) (-4096 -4096 64 ) (-5120 -4096 64 ) (-5120 -4096 -718.545044 ) 
4 85 87 (-5120 -4096 -718.545044 ) (-5120 -4096 64 ) (-5120 -3072 64 ) (-5120 -3072 -718.545044 ) 
4 86 87 (-5120 -3072 -718.545044 ) (-5120 -3072 2510.550293 ) (-5918.280273 -3072 2510.550293 ) (-5918.280273 -3072 -718.545044 ) 
4 87 222 (-5120 -4096 -718.545044 ) (-5120 -4096 2510.550293 ) (-5918.280273 -4096 2510.550293 ) (-5918.280273 -4096 -718.545044 ) 
4 88 119 (-1777.729980 -5120 2510.550293 ) (-2048 -5120 2510.550293 ) (-2048 -5120 -718.545044 ) (-1777.729980 -5120 -718.545044 ) 
4 88 112 (-2048 -4432 -718.545044 ) (-2048 -5120 -718.545044 ) (-2048 -5120 60 ) (-2048 -4432 60 ) 
4 88 109 (-2048 -5120 60 ) (-2048 -5120 64 ) (-2048 -4432 64 ) (-2048 -4432 60 ) 
4 88 97 (-2048 -5120 64 ) (-2048 -5120 272 ) (-2048 -4432 272 ) (-2048 -4432 64 ) 
4 88 94 (-2048 -5120 272 ) (-2048 -5120 2510.550293 ) (-2048 -4432 2510.550293 ) (-2048 -4432 272 ) 
4 88 93 (-2048 -4096 64 ) (-2048 -4096 -718.545044 ) (-2048 -4432 -718.545044 ) (-2048 -4432 64 ) 
4 88 90 (-2048 -4096 256 ) (-2048 -4096 64 ) (-2048 -4432 64 ) (-2048 -4432 256 ) 
4 88 89 (-2048 -4096 2510.550293 ) (-2048 -4096 256 ) (-2048 -4432 256 ) (-2048 -4432 2510.550293 ) 
4 89 97 (-2048 -4432 256 ) (-2048 -4432 272 ) (-2272 -4432 272 ) (-2272 -4432 256 ) 
4 89 95 (-2272 -4432 2510.550293 ) (-2400 -4432 2510.550293 ) (-2400 -4432 320 ) (-2272 -4432 320 ) 
4 89 94 (-2048 -4432 272 ) (-2048 -4432 2510.550293 ) (-2272 -4432 2510.550293 ) (-2272 -4432 272 ) 
4 89 91 (-2400 -4096 2510.550293 ) (-2400 -4096 256 ) (-2400 -4432 256 ) (-2400 -4432 2510.550293 ) 
4 89 90 (-2048 -4432 256 ) (-2272 -4432 256 ) (-2272 -4096 256 ) (-2048 -4096 256 ) 
4 90 97 (-2272 -4432 64 ) (-2048 -4432 64 ) (-2048 -4432 256 ) (-2272 -4432 256 ) 
4 90 93 (-2048 -4432 64 ) (-2272 -4432 64 ) (-2272 -4096 64 ) (-2048 -4096 64 ) 
4 91 114 (-2848 -4432 272 ) (-2848 -4432 2510.550293 ) (-2848 -4272 2510.550293 ) (-2848 -4272 272 ) 
4 91 113 (-2848 -4272 2510.550293 ) (-2848 -4096 2510.550293 ) (-2848 -4096 256 ) (-2848 -4272 256 ) 
4 91 100 (-2848 -4432 272 ) (-2848 -4432 200 ) (-2847 -4432 200 ) (-2847 -4432 272 ) 
4 91 98 (-2847 -4432 200 ) (-2400 -4432 200 ) (-2400 -4432 272 ) (-2847 -4432 272 ) 
4 91 96 (-2848 -4432 2510.550293 ) (-2848 -4432 272 ) (-2400 -4432 272 ) (-2400 -4432 2510.550293 ) 
4 91 92 (-2528 -4432 200 ) (-2848 -4432 200 ) (-2848 -4096 200 ) (-2528 -4096 200 ) 
4 92 105 (-2660 -4432 64 ) (-2528 -4432 64 ) (-2528 -4432 128 ) (-2660 -4432 128 ) 
4 92 100 (-2848 -4432 200 ) (-2848 -4432 128 ) (-2847 -4432 128 ) (-2847 -4432 200 ) 
4 92 99 (-2847 -4432 128 ) (-2528 -4432 128 ) (-2528 -4432 200 ) (-2847 -4432 200 ) 
4 92 93 (-2528 -4432 64 ) (-2848 -4432 64 ) (-2848 -4096 64 ) (-2528 -4096 64 ) 
4 93 118 (-2848 -4432 -718.545044 ) (-2848 -4432 64 ) (-2848 -4096 64 ) (-2848 -4096 -718.545044 ) 
4 93 112 (-2848 -4432 60 ) (-2848 -4432 -718.545044 ) (-2048 -4432 -718.545044 ) (-2048 -4432 60 ) 
4 93 110 (-2848 -4432 64 ) (-2848 -4432 60 ) (-2656 -4432 60 ) (-2656 -4432 64 ) 
4 93 109 (-2656 -4432 60 ) (-2048 -4432 60 ) (-2048 -4432 64 ) (-2656 -4432 64 ) 
4 94 120 (-2048 -5120 272 ) (-2048 -5120 2510.550293 ) (-2272 -5120 2510.550293 ) (-2272 -5120 272 ) 
4 94 97 (-2272 -4432 272 ) (-2048 -4432 272 ) (-2048 -5120 272 ) (-2272 -5120 272 ) 
4 94 95 (-2272 -5120 320 ) (-2272 -5120 2510.550293 ) (-2272 -4432 2510.550293 ) (-2272 -4432 320 ) 
4 95 121 (-2272 -5120 2510.550293 ) (-2400 -5120 2510.550293 ) (-2400 -5120 320 ) (-2272 -5120 320 ) 
4 95 96 (-2400 -5120 320 ) (-2400 -5120 2510.550293 ) (-2400 -4432 2510.550293 ) (-2400 -4432 320 ) 
4 96 124 (-2592 -5120 2510.550293 ) (-2848 -5120 2510.550293 ) (-2848 -5120 272 ) (-2592 -5120 272 ) 
4 96 123 (-2400 -5120 2510.550293 ) (-2592 -5120 2510.550293 ) (-2592 -5120 272 ) (-2400 -5120 272 ) 
4 96 114 (-2848 -5120 272 ) (-2848 -5120 2510.550293 ) (-2848 -4432 2510.550293 ) (-2848 -4432 272 ) 
4 96 108 (-2848 -5120 272 ) (-2848 -4976 272 ) (-2592 -4976 272 ) (-2592 -5120 272 ) 
4 96 107 (-2592 -4976 272 ) (-2400 -4976 272 ) (-2400 -5120 272 ) (-2592 -5120 272 ) 
4 96 106 (-2656 -4912 272 ) (-2400 -4912 272 ) (-2400 -4976 272 ) (-2656 -4976 272 ) 
4 96 104 (-2848 -4912 272 ) (-2848 -4776 272 ) (-2844 -4776 272 ) (-2844 -4912 272 ) 
4 96 102 (-2844 -4624 272 ) (-2400 -4624 272 ) (-2400 -4912 272 ) (-2844 -4912 272 ) 
4 96 101 (-2752 -4622 272 ) (-2400 -4622 272 ) (-2400 -4624 272 ) (-2752 -4624 272 ) 
4 96 100 (-2848 -4560 272 ) (-2848 -4432 272 ) (-2847 -4432 272 ) (-2847 -4560 272 ) 
4 96 98 (-2847 -4432 272 ) (-2400 -4432 272 ) (-2400 -4622 272 ) (-2847 -4622 272 ) 
4 97 120 (-2048 -5120 64 ) (-2048 -5120 272 ) (-2272 -5120 272 ) (-2272 -5120 64 ) 
4 97 109 (-2048 -5120 64 ) (-2272 -5120 64 ) (-2272 -4432 64 ) (-2048 -4432 64 ) 
4 98 101 (-2400 -4622 200 ) (-2400 -4622 272 ) (-2752 -4622 272 ) (-2752 -4622 200 ) 
4 98 100 (-2847 -4560 272 ) (-2847 -4432 272 ) (-2847 -4432 200 ) (-2847 -4560 200 ) 
5 98 99 (-2400 -4622 200 ) (-2847 -4622 200 ) (-2847 -4432 200 ) (-2528 -4432 200 ) (-2400 -4608 200 ) 
5 99 105 (-2660 -4432 128 ) (-2528 -4432 128 ) (-2400 -4608 128 ) (-2400 -4622 128 ) (-2660 -4622 128 ) 
4 99 101 (-2752 -4622 128 ) (-2400 -4622 128 ) (-2400 -4622 200 ) (-2752 -4622 200 ) 
4 99 100 (-2847 -4432 128 ) (-2847 -4560 128 ) (-2847 -4560 200 ) (-2847 -4432 200 ) 
4 101 105 (-2660 -4622 128 ) (-2400 -4622 128 ) (-2400 -4624 128 ) (-2660 -4624 128 ) 
4 101 102 (-2752 -4624 128 ) (-2400 -4624 128 ) (-2400 -4624 272 ) (-2752 -4624 272 ) 
4 102 106 (-2400 -4912 128 ) (-2400 -4912 272 ) (-2656 -4912 272 ) (-2656 -4912 128 ) 
4 102 105 (-2400 -4912 128 ) (-2660 -4912 128 ) (-2660 -4624 128 ) (-2400 -4624 128 ) 
4 102 104 (-2844 -4912 248 ) (-2844 -4912 272 ) (-2844 -4776 272 ) (-2844 -4776 248 ) 
4 102 103 (-2844 -4720 128 ) (-2844 -4776 128 ) (-2844 -4776 240 ) (-2844 -4720 240 ) 
4 103 115 (-2848 -4720 128 ) (-2848 -4768 128 ) (-2848 -4768 240 ) (-2848 -4720 240 ) 
4 103 117 (-2848 -4768 128 ) (-2848 -4776 128 ) (-2848 -4776 240 ) (-2848 -4768 240 ) 
4 104 117 (-2848 -4912 272 ) (-2848 -4776 272 ) (-2848 -4776 248 ) (-2848 -4912 248 ) 
4 105 110 (-2660 -4432 64 ) (-2656 -4432 64 ) (-2656 -4912 64 ) (-2660 -4912 64 ) 
5 105 109 (-2656 -4432 64 ) (-2528 -4432 64 ) (-2400 -4608 64 ) (-2400 -4912 64 ) (-2656 -4912 64 ) 
4 105 106 (-2656 -4912 64 ) (-2400 -4912 64 ) (-2400 -4912 128 ) (-2656 -4912 128 ) 
4 106 109 (-2656 -4912 64 ) (-2400 -4912 64 ) (-2400 -4976 64 ) (-2656 -4976 64 ) 
4 106 108 (-2592 -4976 224 ) (-2592 -4976 272 ) (-2656 -4976 272 ) (-2656 -4976 224 ) 
4 106 107 (-2592 -4976 64 ) (-2400 -4976 64 ) (-2400 -4976 272 ) (-2592 -4976 272 ) 
4 107 123 (-2400 -5120 272 ) (-2592 -5120 272 ) (-2592 -5120 64 ) (-2400 -5120 64 ) 
4 107 109 (-2400 -5120 64 ) (-2592 -5120 64 ) (-2592 -4976 64 ) (-2400 -4976 64 ) 
4 107 108 (-2592 -4976 272 ) (-2592 -4976 224 ) (-2592 -5120 224 ) (-2592 -5120 272 ) 
4 108 124 (-2592 -5120 272 ) (-2848 -5120 272 ) (-2848 -5120 224 ) (-2592 -5120 224 ) 
4 108 117 (-2848 -5120 224 ) (-2848 -5120 272 ) (-2848 -4976 272 ) (-2848 -4976 224 ) 
4 109 130 (-2048 -5120 60 ) (-2048 -5120 64 ) (-2656 -5120 64 ) (-2656 -5120 60 ) 
4 109 112 (-2656 -4432 60 ) (-2048 -4432 60 ) (-2048 -5120 60 ) (-2656 -5120 60 ) 
4 109 110 (-2656 -4432 60 ) (-2656 -4912 60 ) (-2656 -4912 64 ) (-2656 -4432 64 ) 
4 109 111 (-2656 -4976 60 ) (-2656 -5120 60 ) (-2656 -5120 64 ) (-2656 -4976 64 ) 
4 110 118 (-2848 -4912 64 ) (-2848 -4432 64 ) (-2848 -4432 60 ) (-2848 -4912 60 ) 
4 110 112 (-2848 -4912 60 ) (-2848 -4432 60 ) (-2656 -4432 60 ) (-2656 -4912 60 ) 
4 111 130 (-2656 -5120 64 ) (-2848 -5120 64 ) (-2848 -5120 60 ) (-2656 -5120 60 ) 
4 111 118 (-2848 -5120 60 ) (-2848 -5120 64 ) (-2848 -4976 64 ) (-2848 -4976 60 ) 
4 111 112 (-2848 -5120 60 ) (-2848 -4976 60 ) (-2656 -4976 60 ) (-2656 -5120 60 ) 
4 112 130 (-2048 -5120 -718.545044 ) (-2048 -5120 60 ) (-2848 -5120 60 ) (-2848 -5120 -718.545044 ) 
4 112 118 (-2848 -5120 -718.545044 ) (-2848 -5120 60 ) (-2848 -4432 60 ) (-2848 -4432 -718.545044 ) 
4 113 133 (-3072 -4096 2510.550293 ) (-3072 -4096 256 ) (-3072 -4272 256 ) (-3072 -4272 2510.550293 ) 
4 113 116 (-3064 -4272 272 ) (-3072 -4272 272 ) (-3072 -4272 256 ) (-3064 -4272 256 ) 
4 113 114 (-2848 -4272 272 ) (-2848 -4272 2510.550293 ) (-3072 -4272 2510.550293 ) (-3072 -4272 272 ) 
4 114 154 (-3072 -5040 400 ) (-3072 -4624 400 ) (-3072 -4624 272 ) (-3072 -5040 272 ) 
4 114 159 (-3072 -5120 272 ) (-3072 -5120 400 ) (-3072 -5040 400 ) (-3072 -5040 272 ) 
4 114 153 (-3072 -5120 400 ) (-3072 -5120 2510.550293 ) (-3072 -4624 2510.550293 ) (-3072 -4624 400 ) 
4 114 134 (-3072 -4624 2510.550293 ) (-3072 -4272 2510.550293 ) (-3072 -4272 272 ) (-3072 -4624 272 ) 
4 114 126 (-2848 -5120 272 ) (-2848 -5120 2510.550293 ) (-3072 -5120 2510.550293 ) (-3072 -5120 272 ) 
5 114 116 (-3072 -4272 272 ) (-3064 -4272 272 ) (-2944 -4432 272 ) (-2944 -4768 272 ) (-3072 -4768 272 ) 
4 114 115 (-2848 -4560 272 ) (-2848 -4768 272 ) (-2944 -4768 272 ) (-2944 -4432 272 ) 
4 114 117 (-2848 -4768 272 ) (-2848 -5120 272 ) (-3072 -5120 272 ) (-3072 -4768 272 ) 
4 115 116 (-2944 -4768 128 ) (-2944 -4768 272 ) (-2944 -4432 272 ) (-2944 -4432 128 ) 
4 115 117 (-2848 -4768 128 ) (-2848 -4768 272 ) (-2944 -4768 272 ) (-2944 -4768 128 ) 
4 116 154 (-3072 -4624 64 ) (-3072 -4768 64 ) (-3072 -4768 272 ) (-3072 -4624 272 ) 
4 116 134 (-3072 -4272 64 ) (-3072 -4624 64 ) (-3072 -4624 272 ) (-3072 -4272 272 ) 
5 116 118 (-3072 -4768 64 ) (-3072 -4272 64 ) (-3064 -4272 64 ) (-2944 -4432 64 ) (-2944 -4768 64 ) 
4 116 117 (-3072 -4768 64 ) (-2944 -4768 64 ) (-2944 -4768 272 ) (-3072 -4768 272 ) 
4 117 154 (-3072 -4768 64 ) (-3072 -5040 64 ) (-3072 -5040 272 ) (-3072 -4768 272 ) 
4 117 159 (-3072 -5040 64 ) (-3072 -5120 64 ) (-3072 -5120 272 ) (-3072 -5040 272 ) 
4 117 126 (-2848 -5120 64 ) (-2848 -5120 272 ) (-3072 -5120 272 ) (-3072 -5120 64 ) 
4 117 118 (-3072 -5120 64 ) (-3072 -4768 64 ) (-2848 -4768 64 ) (-2848 -5120 64 ) 
4 118 174 (-3072 -4096 0 ) (-3072 -4096 -718.545044 ) (-3072 -5120 -718.545044 ) (-3072 -5120 0 ) 
4 118 169 (-3072 -4096 16 ) (-3072 -4096 0 ) (-3072 -5120 0 ) (-3072 -5120 16 ) 
4 118 165 (-3072 -4848 16 ) (-3072 -5120 16 ) (-3072 -5120 64 ) (-3072 -4848 64 ) 
4 118 164 (-3072 -4352 16 ) (-3072 -4848 16 ) (-3072 -4848 64 ) (-3072 -4352 64 ) 
4 118 160 (-3072 -4096 64 ) (-3072 -4096 16 ) (-3072 -4352 16 ) (-3072 -4352 64 ) 
4 118 130 (-2848 -5120 -718.545044 ) (-2848 -5120 64 ) (-3072 -5120 64 ) (-3072 -5120 -718.545044 ) 
4 119 131 (-1777.729980 -6144 2510.550293 ) (-2048 -6144 2510.550293 ) (-2048 -6144 -718.545044 ) (-1777.729980 -6144 -718.545044 ) 
4 119 130 (-2048 -5120 64 ) (-2048 -5120 -718.545044 ) (-2048 -6144 -718.545044 ) (-2048 -6144 64 ) 
4 119 120 (-2048 -5120 2510.550293 ) (-2048 -5120 64 ) (-2048 -6144 64 ) (-2048 -6144 2510.550293 ) 
4 120 132 (-2048 -6144 64 ) (-2048 -6144 2510.550293 ) (-2272 -6144 2510.550293 ) (-2272 -6144 64 ) 
4 120 130 (-2048 -5120 64 ) (-2048 -6144 64 ) (-2272 -6144 64 ) (-2272 -5120 64 ) 
4 120 121 (-2272 -5168 320 ) (-2272 -5168 2510.550293 ) (-2272 -5120 2510.550293 ) (-2272 -5120 320 ) 
4 120 122 (-2272 -5168 64 ) (-2272 -6144 64 ) (-2272 -6144 2510.550293 ) (-2272 -5168 2510.550293 ) 
4 121 123 (-2400 -5168 320 ) (-2400 -5168 2510.550293 ) (-2400 -5120 2510.550293 ) (-2400 -5120 320 ) 
4 121 122 (-2400 -5168 2510.550293 ) (-2400 -5168 320 ) (-2272 -5168 320 ) (-2272 -5168 2510.550293 ) 
4 122 132 (-2272 -6144 2510.550293 ) (-2400 -6144 2510.550293 ) (-2400 -6144 64 ) (-2272 -6144 64 ) 
4 122 130 (-2272 -6144 64 ) (-2400 -6144 64 ) (-2400 -5168 64 ) (-2272 -5168 64 ) 
4 122 127 (-2400 -5280 64 ) (-2400 -6144 64 ) (-2400 -6144 2510.550293 ) (-2400 -5280 2510.550293 ) 
4 122 123 (-2400 -5168 64 ) (-2400 -5280 64 ) (-2400 -5280 2510.550293 ) (-2400 -5168 2510.550293 ) 
4 123 130 (-2592 -5120 64 ) (-2400 -5120 64 ) (-2400 -5280 64 ) (-2592 -5280 64 ) 
4 123 127 (-2592 -5280 64 ) (-2400 -5280 64 ) (-2400 -5280 2510.550293 ) (-2592 -5280 2510.550293 ) 
4 123 124 (-2592 -5136 224 ) (-2592 -5136 2510.550293 ) (-2592 -5120 2510.550293 ) (-2592 -5120 224 ) 
4 123 125 (-2592 -5136 64 ) (-2592 -5280 64 ) (-2592 -5280 2510.550293 ) (-2592 -5136 2510.550293 ) 
4 124 125 (-2848 -5136 2510.550293 ) (-2848 -5136 224 ) (-2592 -5136 224 ) (-2592 -5136 2510.550293 ) 
4 124 126 (-2848 -5136 224 ) (-2848 -5136 2510.550293 ) (-2848 -5120 2510.550293 ) (-2848 -5120 224 ) 
4 125 130 (-2592 -5136 64 ) (-2592 -5280 64 ) (-2848 -5280 64 ) (-2848 -5136 64 ) 
4 125 128 (-2656 -5280 208 ) (-2656 -5280 2510.550293 ) (-2848 -5280 2510.550293 ) (-2848 -5280 208 ) 
4 125 127 (-2656 -5280 64 ) (-2592 -5280 64 ) (-2592 -5280 2510.550293 ) (-2656 -5280 2510.550293 ) 
4 125 126 (-2848 -5136 64 ) (-2848 -5280 64 ) (-2848 -5280 2510.550293 ) (-2848 -5136 2510.550293 ) 
4 126 200 (-3072 -5120 256 ) (-3072 -5120 64 ) (-3072 -5280 64 ) (-3072 -5280 256 ) 
4 126 199 (-3072 -5280 2510.550293 ) (-3072 -5120 2510.550293 ) (-3072 -5120 256 ) (-3072 -5280 256 ) 
4 126 130 (-3072 -5280 64 ) (-3072 -5120 64 ) (-2848 -5120 64 ) (-2848 -5280 64 ) 
4 126 128 (-2848 -5280 208 ) (-2848 -5280 2510.550293 ) (-3072 -5280 2510.550293 ) (-3072 -5280 208 ) 
4 127 132 (-2400 -6144 2510.550293 ) (-2656 -6144 2510.550293 ) (-2656 -6144 64 ) (-2400 -6144 64 ) 
4 127 130 (-2400 -6144 64 ) (-2656 -6144 64 ) (-2656 -5280 64 ) (-2400 -5280 64 ) 
4 127 128 (-2656 -5280 2510.550293 ) (-2656 -5280 208 ) (-2656 -5424 208 ) (-2656 -5424 2510.550293 ) 
4 127 129 (-2656 -5424 64 ) (-2656 -6144 64 ) (-2656 -6144 2510.550293 ) (-2656 -5424 2510.550293 ) 
4 128 201 (-3072 -5280 256 ) (-3072 -5280 208 ) (-3072 -5424 208 ) (-3072 -5424 256 ) 
4 128 199 (-3072 -5424 2510.550293 ) (-3072 -5280 2510.550293 ) (-3072 -5280 256 ) (-3072 -5424 256 ) 
4 128 129 (-2656 -5424 208 ) (-2656 -5424 2510.550293 ) (-3072 -5424 2510.550293 ) (-3072 -5424 208 ) 
4 129 213 (-3072 -6144 64 ) (-3072 -6144 256 ) (-3072 -5424 256 ) (-3072 -5424 64 ) 
4 129 199 (-3072 -6144 256 ) (-3072 -6144 2510.550293 ) (-3072 -5424 2510.550293 ) (-3072 -5424 256 ) 
4 129 132 (-2656 -6144 2510.550293 ) (-3072 -6144 2510.550293 ) (-3072 -6144 64 ) (-2656 -6144 64 ) 
4 129 130 (-2656 -6144 64 ) (-3072 -6144 64 ) (-3072 -5424 64 ) (-2656 -5424 64 ) 
4 130 214 (-3072 -6144 -718.545044 ) (-3072 -6144 64 ) (-3072 -5120 64 ) (-3072 -5120 -718.545044 ) 
4 130 132 (-2048 -6144 -718.545044 ) (-2048 -6144 64 ) (-3072 -6144 64 ) (-3072 -6144 -718.545044 ) 
4 131 132 (-2048 -6144 2510.550293 ) (-2048 -6144 -718.545044 ) (-2048 -6544.750000 -718.545044 ) (-2048 -6544.750000 2510.550293 ) 
4 132 224 (-3072 -6544.750000 2510.550293 ) (-3072 -6144 2510.550293 ) (-3072 -6144 -718.545044 ) (-3072 -6544.750000 -718.545044 ) 
4 133 134 (-3360 -4272 2510.550293 ) (-3360 -4272 256 ) (-3072 -4272 256 ) (-3072 -4272 2510.550293 ) 
4 133 135 (-3360 -4272 256 ) (-3360 -4272 2510.550293 ) (-3360 -4096 2510.550293 ) (-3360 -4096 256 ) 
4 134 164 (-3072 -4352 64 ) (-3072 -4624 64 ) (-3360 -4624 64 ) (-3360 -4352 64 ) 
4 134 160 (-3072 -4272 64 ) (-3072 -4352 64 ) (-3360 -4352 64 ) (-3360 -4272 64 ) 
4 134 154 (-3360 -4624 64 ) (-3072 -4624 64 ) (-3072 -4624 400 ) (-3360 -4624 400 ) 
4 134 153 (-3072 -4624 400 ) (-3072 -4624 2510.550293 ) (-3360 -4624 2510.550293 ) (-3360 -4624 400 ) 
4 134 135 (-3360 -4272 64 ) (-3360 -4624 64 ) (-3360 -4624 2510.550293 ) (-3360 -4272 2510.550293 ) 
4 135 161 (-3360 -4352 64 ) (-3360 -4624 64 ) (-3488 -4624 64 ) (-3488 -4352 64 ) 
4 135 160 (-3488 -4096 64 ) (-3360 -4096 64 ) (-3360 -4352 64 ) (-3488 -4352 64 ) 
4 135 154 (-3488 -4624 64 ) (-3360 -4624 64 ) (-3360 -4624 400 ) (-3488 -4624 400 ) 
4 135 153 (-3360 -4624 400 ) (-3360 -4624 2510.550293 ) (-3488 -4624 2510.550293 ) (-3488 -4624 400 ) 
4 135 138 (-3488 -4320 64 ) (-3488 -4624 64 ) (-3488 -4624 144 ) (-3488 -4320 144 ) 
4 135 137 (-3488 -4624 144 ) (-3488 -4624 2510.550293 ) (-3488 -4256 2510.550293 ) (-3488 -4256 144 ) 
4 135 136 (-3488 -4096 64 ) (-3488 -4256 64 ) (-3488 -4256 2510.550293 ) (-3488 -4096 2510.550293 ) 
4 136 160 (-3552 -4096 64 ) (-3488 -4096 64 ) (-3488 -4256 64 ) (-3552 -4256 64 ) 
4 136 139 (-3552 -4256 400 ) (-3552 -4256 2510.550293 ) (-3552 -4096 2510.550293 ) (-3552 -4096 400 ) 
4 136 137 (-3488 -4256 144 ) (-3488 -4256 2510.550293 ) (-3552 -4256 2510.550293 ) (-3552 -4256 144 ) 
4 137 154 (-3488 -4624 144 ) (-3488 -4624 400 ) (-3552 -4624 400 ) (-3552 -4624 144 ) 
4 137 153 (-3488 -4624 400 ) (-3488 -4624 2510.550293 ) (-3552 -4624 2510.550293 ) (-3552 -4624 400 ) 
4 137 146 (-3552 -4624 144 ) (-3552 -4624 224 ) (-3552 -4352 224 ) (-3552 -4352 144 ) 
4 137 143 (-3552 -4536 368 ) (-3552 -4416 368 ) (-3552 -4416 288 ) (-3552 -4536 288 ) 
4 137 140 (-3552 -4624 400 ) (-3552 -4624 2510.550293 ) (-3552 -4352 2510.550293 ) (-3552 -4352 400 ) 
4 137 139 (-3552 -4352 2510.550293 ) (-3552 -4256 2510.550293 ) (-3552 -4256 400 ) (-3552 -4352 400 ) 
4 137 138 (-3552 -4624 144 ) (-3552 -4352 144 ) (-3488 -4320 144 ) (-3488 -4624 144 ) 
4 138 161 (-3488 -4352 64 ) (-3488 -4624 64 ) (-3552 -4624 64 ) (-3552 -4352 64 ) 
3 138 160 (-3488 -4320 64 ) (-3488 -4352 64 ) (-3552 -4352 64 ) 
4 138 154 (-3552 -4624 64 ) (-3488 -4624 64 ) (-3488 -4624 144 ) (-3552 -4624 144 ) 
4 138 146 (-3552 -4352 64 ) (-3552 -4624 64 ) (-3552 -4624 144 ) (-3552 -4352 144 ) 
4 139 147 (-3712 -4096 2510.550293 ) (-3712 -4096 400 ) (-3712 -4352 400 ) (-3712 -4352 2510.550293 ) 
4 139 140 (-3568 -4352 400 ) (-3552 -4352 400 ) (-3552 -4352 2510.550293 ) (-3568 -4352 2510.550293 ) 
4 139 141 (-3712 -4352 2510.550293 ) (-3712 -4352 400 ) (-3568 -4352 400 ) (-3568 -4352 2510.550293 ) 
4 140 153 (-3552 -4624 400 ) (-3552 -4624 2510.550293 ) (-3568 -4624 2510.550293 ) (-3568 -4624 400 ) 
4 140 141 (-3568 -4624 400 ) (-3568 -4624 2510.550293 ) (-3568 -4352 2510.550293 ) (-3568 -4352 400 ) 
4 141 155 (-3704 -4624 368 ) (-3576 -4624 368 ) (-3576 -4624 400 ) (-3704 -4624 400 ) 
4 141 153 (-3568 -4624 2510.550293 ) (-3712 -4624 2510.550293 ) (-3712 -4624 400 ) (-3568 -4624 400 ) 
4 141 147 (-3712 -4624 400 ) (-3712 -4624 2510.550293 ) (-3712 -4352 2510.550293 ) (-3712 -4352 400 ) 
4 141 144 (-3712 -4624 368 ) (-3712 -4416 368 ) (-3568 -4416 368 ) (-3568 -4624 368 ) 
4 141 142 (-3712 -4416 368 ) (-3712 -4352 368 ) (-3568 -4352 368 ) (-3568 -4416 368 ) 
4 142 145 (-3712 -4416 256 ) (-3568 -4416 256 ) (-3568 -4416 288 ) (-3712 -4416 288 ) 
4 142 144 (-3568 -4416 288 ) (-3568 -4416 368 ) (-3712 -4416 368 ) (-3712 -4416 288 ) 
4 143 144 (-3554 -4416 368 ) (-3554 -4416 288 ) (-3554 -4536 288 ) (-3554 -4536 368 ) 
4 144 155 (-3576 -4624 368 ) (-3704 -4624 368 ) (-3704 -4624 288 ) (-3576 -4624 288 ) 
4 144 145 (-3712 -4624 288 ) (-3712 -4416 288 ) (-3568 -4416 288 ) (-3568 -4624 288 ) 
4 145 155 (-3576 -4624 288 ) (-3704 -4624 288 ) (-3704 -4624 256 ) (-3576 -4624 256 ) 
5 146 161 (-3552 -4352 64 ) (-3552 -4624 64 ) (-3600 -4624 64 ) (-3680 -4549.714355 64 ) (-3680 -4352 64 ) 
4 147 153 (-3712 -4624 400 ) (-3712 -4624 2510.550293 ) (-3968 -4624 2510.550293 ) (-3968 -4624 400 ) 
4 147 151 (-3968 -4400 2510.550293 ) (-3968 -4288 2510.550293 ) (-3968 -4288 400 ) (-3968 -4400 400 ) 
4 147 152 (-3968 -4624 400 ) (-3968 -4624 2510.550293 ) (-3968 -4400 2510.550293 ) (-3968 -4400 400 ) 
4 147 148 (-3968 -4288 2510.550293 ) (-3968 -4096 2510.550293 ) (-3968 -4096 400 ) (-3968 -4288 400 ) 
4 148 168 (-4072 -4096 64 ) (-3968 -4096 64 ) (-3968 -4288 64 ) (-4072 -4288 64 ) 
4 148 151 (-3968 -4288 256 ) (-3968 -4288 2510.550293 ) (-4072 -4288 2510.550293 ) (-4072 -4288 256 ) 
5 148 149 (-4072 -4168 64 ) (-4072 -4288 64 ) (-4072 -4288 2510.550293 ) (-4072 -4096 2510.550293 ) (-4072 -4096 101.439941 ) 
4 149 168 (-4072 -4168 64 ) (-4072 -4288 64 ) (-4080 -4288 64 ) (-4080 -4168 64 ) 
4 149 151 (-4072 -4288 256 ) (-4072 -4288 2510.550293 ) (-4080 -4288 2510.550293 ) (-4080 -4288 256 ) 
5 149 150 (-4080 -4168 64 ) (-4080 -4288 64 ) (-4080 -4288 2510.550293 ) (-4080 -4096 2510.550293 ) (-4080 -4096 101.439941 ) 
4 150 175 (-4096 -4096 2510.550293 ) (-4096 -4096 64 ) (-4096 -4288 64 ) (-4096 -4288 2510.550293 ) 
4 150 168 (-4096 -4288 64 ) (-4096 -4096 64 ) (-4080 -4096 64 ) (-4080 -4288 64 ) 
4 150 151 (-4080 -4288 256 ) (-4080 -4288 2510.550293 ) (-4096 -4288 2510.550293 ) (-4096 -4288 256 ) 
4 151 176 (-4096 -4400 256 ) (-4096 -4400 2510.550293 ) (-4096 -4288 2510.550293 ) (-4096 -4288 256 ) 
4 151 152 (-3968 -4400 256 ) (-3968 -4400 2510.550293 ) (-4096 -4400 2510.550293 ) (-4096 -4400 256 ) 
4 152 177 (-4096 -4400 64 ) (-4096 -4624 64 ) (-4096 -4624 2510.550293 ) (-4096 -4400 2510.550293 ) 
4 152 168 (-4096 -4624 64 ) (-4096 -4400 64 ) (-3968 -4400 64 ) (-3968 -4624 64 ) 
4 152 158 (-4096 -4624 400 ) (-4096 -4624 64 ) (-3968 -4624 64 ) (-3968 -4624 400 ) 
4 152 153 (-4096 -4624 2510.550293 ) (-4096 -4624 400 ) (-3968 -4624 400 ) (-3968 -4624 2510.550293 ) 
4 153 199 (-3072 -5120 400 ) (-3072 -5120 2510.550293 ) (-4096 -5120 2510.550293 ) (-4096 -5120 400 ) 
4 153 188 (-4096 -5120 400 ) (-4096 -5120 2510.550293 ) (-4096 -4656 2510.550293 ) (-4096 -4656 400 ) 
4 153 177 (-4096 -4656 2510.550293 ) (-4096 -4624 2510.550293 ) (-4096 -4624 400 ) (-4096 -4656 400 ) 
4 153 158 (-4096 -4672 400 ) (-4096 -4624 400 ) (-3968 -4624 400 ) (-3968 -4672 400 ) 
4 153 157 (-4096 -5040 400 ) (-4096 -4672 400 ) (-3721.538330 -4672 400 ) (-3856 -5040 400 ) 
3 153 156 (-3728 -5040 400 ) (-3856 -5040 400 ) (-3728 -4689.684082 400 ) 
4 153 155 (-3704 -4624 400 ) (-3576 -4624 400 ) (-3728 -5039 400 ) (-3728 -4689.684082 400 ) 
4 153 154 (-3552 -4624 400 ) (-3072 -4624 400 ) (-3072 -5040 400 ) (-3552 -5040 400 ) 
4 153 159 (-3072 -5120 400 ) (-4096 -5120 400 ) (-4096 -5040 400 ) (-3072 -5040 400 ) 
4 154 166 (-3360 -5040 64 ) (-3552 -5040 64 ) (-3552 -4912 64 ) (-3360 -4912 64 ) 
4 154 165 (-3072 -4848 64 ) (-3072 -5040 64 ) (-3360 -5040 64 ) (-3360 -4848 64 ) 
4 154 164 (-3360 -4624 64 ) (-3072 -4624 64 ) (-3072 -4848 64 ) (-3360 -4848 64 ) 
4 154 162 (-3552 -4624 64 ) (-3360 -4624 64 ) (-3360 -4848 64 ) (-3552 -4848 64 ) 
4 154 159 (-3552 -5040 64 ) (-3072 -5040 64 ) (-3072 -5040 400 ) (-3552 -5040 400 ) 
3 155 157 (-3728 -4689.687012 400 ) (-3721.537354 -4672 400 ) (-3728 -4689.687012 393.078796 ) 
4 155 156 (-3728 -4689.685547 400 ) (-3728 -4689.685547 225.683395 ) (-3728 -5039 64.461639 ) (-3728 -5039 400 ) 
4 156 157 (-3856 -5040 256 ) (-3856 -5040 400 ) (-3728 -4689.687012 400 ) (-3728 -4689.687012 393.078796 ) 
4 156 159 (-3856 -5040 64 ) (-3728 -5040 64 ) (-3728 -5040 400 ) (-3856 -5040 400 ) 
3 157 188 (-4096 -5040 256 ) (-4096 -5040 400 ) (-4096 -4672 400 ) 
4 157 158 (-4096 -4671.996094 400 ) (-3968 -4671.996094 400 ) (-3968 -5040 255.998047 ) (-4096 -5040 255.998047 ) 
4 157 159 (-3856 -5040 256 ) (-3856 -5040 400 ) (-4096 -5040 400 ) (-4096 -5040 256 ) 
5 158 188 (-4096 -4656 64 ) (-4096 -5040 64 ) (-4096 -5040 256 ) (-4096 -4672 400 ) (-4096 -4656 400 ) 
4 158 177 (-4096 -4624 64 ) (-4096 -4656 64 ) (-4096 -4656 400 ) (-4096 -4624 400 ) 
4 158 168 (-4096 -5040 64 ) (-4096 -4624 64 ) (-3968 -4624 64 ) (-3968 -5040 64 ) 
4 158 159 (-4096 -5040 64 ) (-3968 -5040 64 ) (-3968 -5040 256 ) (-4096 -5040 256 ) 
4 159 212 (-3808 -5120 256 ) (-4096 -5120 256 ) (-4096 -5120 64 ) (-3808 -5120 64 ) 
4 159 210 (-3624 -5120 208 ) (-3624 -5120 64 ) (-3560 -5120 64 ) (-3560 -5120 208 ) 
4 159 209 (-3560 -5120 256 ) (-3624 -5120 256 ) (-3624 -5120 208 ) (-3560 -5120 208 ) 
4 159 211 (-3624 -5120 256 ) (-3808 -5120 256 ) (-3808 -5120 64 ) (-3624 -5120 64 ) 
4 159 205 (-3248 -5120 256 ) (-3560 -5120 256 ) (-3560 -5120 64 ) (-3248 -5120 64 ) 
4 159 203 (-3248 -5120 208 ) (-3248 -5120 64 ) (-3168 -5120 64 ) (-3168 -5120 208 ) 
4 159 202 (-3168 -5120 256 ) (-3248 -5120 256 ) (-3248 -5120 208 ) (-3168 -5120 208 ) 
4 159 200 (-3072 -5120 64 ) (-3072 -5120 256 ) (-3168 -5120 256 ) (-3168 -5120 64 ) 
4 159 199 (-3072 -5120 256 ) (-3072 -5120 400 ) (-4096 -5120 400 ) (-4096 -5120 256 ) 
4 159 188 (-4096 -5040 64 ) (-4096 -5120 64 ) (-4096 -5120 400 ) (-4096 -5040 400 ) 
4 159 167 (-3712 -5120 64 ) (-3968 -5120 64 ) (-3968 -5040 64 ) (-3712 -5040 64 ) 
4 159 168 (-3968 -5120 64 ) (-4096 -5120 64 ) (-4096 -5040 64 ) (-3968 -5040 64 ) 
4 159 166 (-3360 -5120 64 ) (-3712 -5120 64 ) (-3712 -5040 64 ) (-3360 -5040 64 ) 
4 159 165 (-3072 -5120 64 ) (-3360 -5120 64 ) (-3360 -5040 64 ) (-3072 -5040 64 ) 
4 160 170 (-3712 -4096 16 ) (-3408 -4096 16 ) (-3408 -4352 16 ) (-3712 -4352 16 ) 
4 160 169 (-3408 -4096 16 ) (-3072 -4096 16 ) (-3072 -4352 16 ) (-3408 -4352 16 ) 
4 160 164 (-3360 -4352 16 ) (-3072 -4352 16 ) (-3072 -4352 64 ) (-3360 -4352 64 ) 
4 161 162 (-3552 -4624 16 ) (-3408 -4624 16 ) (-3360 -4624 64 ) (-3552 -4624 64 ) 
4 163 167 (-3712 -4624 16 ) (-3712 -4848 16 ) (-3712 -4848 64 ) (-3712 -4624 64 ) 
4 164 169 (-3072 -4352 16 ) (-3072 -4848 16 ) (-3360 -4848 16 ) (-3360 -4352 16 ) 
4 164 165 (-3360 -4848 16 ) (-3072 -4848 16 ) (-3072 -4848 64 ) (-3360 -4848 64 ) 
4 165 214 (-3072 -5120 16 ) (-3072 -5120 64 ) (-3360 -5120 64 ) (-3360 -5120 16 ) 
4 165 169 (-3072 -4848 16 ) (-3072 -5120 16 ) (-3360 -5120 16 ) (-3360 -4848 16 ) 
4 165 166 (-3360 -4912 16 ) (-3360 -5120 16 ) (-3360 -5120 64 ) (-3360 -4912 64 ) 
4 166 214 (-3360 -5120 64 ) (-3712 -5120 64 ) (-3712 -5120 16 ) (-3360 -5120 16 ) 
4 166 171 (-3408 -5120 16 ) (-3712 -5120 16 ) (-3712 -4912 16 ) (-3408 -4912 16 ) 
4 166 169 (-3360 -5120 16 ) (-3408 -5120 16 ) (-3408 -4912 16 ) (-3360 -4912 16 ) 
4 166 167 (-3712 -4912 16 ) (-3712 -5120 16 ) (-3712 -5120 64 ) (-3712 -4912 64 ) 
4 167 214 (-3712 -5120 64 ) (-3968 -5120 64 ) (-3968 -5120 16 ) (-3712 -5120 16 ) 
4 167 172 (-3712 -4624 16 ) (-3712 -5120 16 ) (-3968 -5120 16 ) (-3968 -4624 16 ) 
4 167 168 (-3968 -4624 16 ) (-3968 -5120 16 ) (-3968 -5120 64 ) (-3968 -4624 64 ) 
4 168 214 (-3968 -5120 64 ) (-4096 -5120 64 ) (-4096 -5120 16 ) (-3968 -5120 16 ) 
4 168 188 (-4096 -4656 16 ) (-4096 -5120 16 ) (-4096 -5120 64 ) (-4096 -4656 64 ) 
4 168 187 (-4096 -4096 64 ) (-4096 -4096 16 ) (-4096 -4656 16 ) (-4096 -4656 64 ) 
4 168 173 (-4096 -5120 16 ) (-4096 -4096 16 ) (-3968 -4096 16 ) (-3968 -5120 16 ) 
4 169 214 (-3072 -5120 0 ) (-3072 -5120 16 ) (-3408 -5120 16 ) (-3408 -5120 0 ) 
4 169 174 (-3072 -5120 0 ) (-3408 -5120 0 ) (-3408 -4096 0 ) (-3072 -4096 0 ) 
4 169 170 (-3408 -4096 0 ) (-3408 -4352 0 ) (-3408 -4352 16 ) (-3408 -4096 16 ) 
4 169 171 (-3408 -4848 0 ) (-3408 -5120 0 ) (-3408 -5120 16 ) (-3408 -4848 16 ) 
4 170 174 (-3712 -4352 0 ) (-3712 -4096 0 ) (-3408 -4096 0 ) (-3408 -4352 0 ) 
4 171 214 (-3408 -5120 16 ) (-3712 -5120 16 ) (-3712 -5120 0 ) (-3408 -5120 0 ) 
4 171 174 (-3408 -5120 0 ) (-3712 -5120 0 ) (-3712 -4848 0 ) (-3408 -4848 0 ) 
4 171 172 (-3712 -4848 0 ) (-3712 -5120 0 ) (-3712 -5120 16 ) (-3712 -4848 16 ) 
4 172 214 (-3712 -5120 16 ) (-3968 -5120 16 ) (-3968 -5120 0 ) (-3712 -5120 0 ) 
4 172 174 (-3712 -5120 0 ) (-3968 -5120 0 ) (-3968 -4624 0 ) (-3712 -4624 0 ) 
4 172 173 (-3968 -4624 0 ) (-3968 -5120 0 ) (-3968 -5120 16 ) (-3968 -4624 16 ) 
4 173 214 (-3968 -5120 16 ) (-4096 -5120 16 ) (-4096 -5120 0 ) (-3968 -5120 0 ) 
4 173 188 (-4096 -4656 0 ) (-4096 -5120 0 ) (-4096 -5120 16 ) (-4096 -4656 16 ) 
4 173 187 (-4096 -4096 16 ) (-4096 -4096 0 ) (-4096 -4656 0 ) (-4096 -4656 16 ) 
4 173 174 (-3968 -5120 0 ) (-4096 -5120 0 ) (-4096 -4096 0 ) (-3968 -4096 0 ) 
4 174 214 (-3072 -5120 -718.545044 ) (-3072 -5120 0 ) (-4096 -5120 0 ) (-4096 -5120 -718.545044 ) 
4 174 188 (-4096 -4656 -718.545044 ) (-4096 -5120 -718.545044 ) (-4096 -5120 0 ) (-4096 -4656 0 ) 
4 174 187 (-4096 -4096 0 ) (-4096 -4096 -718.545044 ) (-4096 -4656 -718.545044 ) (-4096 -4656 0 ) 
4 175 187 (-4128 -4288 64 ) (-4128 -4096 64 ) (-4096 -4096 64 ) (-4096 -4288 64 ) 
4 175 176 (-4128 -4288 2510.550293 ) (-4128 -4288 256 ) (-4096 -4288 256 ) (-4096 -4288 2510.550293 ) 
4 175 178 (-4128 -4096 64 ) (-4128 -4288 64 ) (-4128 -4288 2510.550293 ) (-4128 -4096 2510.550293 ) 
4 176 178 (-4128 -4400 256 ) (-4128 -4400 2510.550293 ) (-4128 -4288 2510.550293 ) (-4128 -4288 256 ) 
4 176 177 (-4128 -4400 2510.550293 ) (-4128 -4400 256 ) (-4096 -4400 256 ) (-4096 -4400 2510.550293 ) 
4 177 188 (-4096 -4656 64 ) (-4096 -4656 2510.550293 ) (-4128 -4656 2510.550293 ) (-4128 -4656 64 ) 
4 177 187 (-4096 -4656 64 ) (-4128 -4656 64 ) (-4128 -4400 64 ) (-4096 -4400 64 ) 
4 177 178 (-4128 -4400 64 ) (-4128 -4656 64 ) (-4128 -4656 2510.550293 ) (-4128 -4400 2510.550293 ) 
4 178 189 (-4224 -4656 2510.550293 ) (-4384 -4656 2510.550293 ) (-4384 -4656 256 ) (-4224 -4656 256 ) 
4 178 188 (-4128 -4656 2510.550293 ) (-4224 -4656 2510.550293 ) (-4224 -4656 64 ) (-4128 -4656 64 ) 
4 178 187 (-4128 -4656 64 ) (-4384 -4656 64 ) (-4384 -4096 64 ) (-4128 -4096 64 ) 
4 178 180 (-4384 -4288 320 ) (-4384 -4096 320 ) (-4384 -4096 216 ) (-4384 -4288 216 ) 
4 178 179 (-4384 -4656 320 ) (-4384 -4656 2510.550293 ) (-4384 -4096 2510.550293 ) (-4384 -4096 320 ) 
4 179 222 (-5120 -4096 2510.550293 ) (-5120 -4096 320 ) (-5120 -4656 320 ) (-5120 -4656 2510.550293 ) 
4 179 196 (-4960 -4656 320 ) (-4896 -4656 320 ) (-4896 -4656 2510.550293 ) (-4960 -4656 2510.550293 ) 
4 179 195 (-4896 -4656 320 ) (-4640 -4656 320 ) (-4640 -4656 2510.550293 ) (-4896 -4656 2510.550293 ) 
4 179 198 (-5120 -4656 2510.550293 ) (-5120 -4656 320 ) (-4960 -4656 320 ) (-4960 -4656 2510.550293 ) 
4 179 192 (-4640 -4656 320 ) (-4384 -4656 320 ) (-4384 -4656 2510.550293 ) (-4640 -4656 2510.550293 ) 
4 179 183 (-4896 -4096 320 ) (-4832 -4096 320 ) (-4832 -4656 320 ) (-4896 -4656 320 ) 
4 179 184 (-5120 -4096 320 ) (-4896 -4096 320 ) (-4896 -4656 320 ) (-5120 -4656 320 ) 
4 179 182 (-4528 -4656 320 ) (-4832 -4656 320 ) (-4832 -4288 320 ) (-4528 -4288 320 ) 
4 179 180 (-4385 -4096 320 ) (-4384 -4096 320 ) (-4384 -4288 320 ) (-4385 -4288 320 ) 
4 179 181 (-4832 -4096 320 ) (-4385 -4096 320 ) (-4385 -4288 320 ) (-4832 -4288 320 ) 
4 180 181 (-4385 -4288 216 ) (-4385 -4288 320 ) (-4385 -4096 320 ) (-4385 -4096 216 ) 
4 181 185 (-4385 -4288 160 ) (-4832 -4288 160 ) (-4832 -4096 160 ) (-4385 -4096 160 ) 
4 181 183 (-4832 -4288 288 ) (-4832 -4288 320 ) (-4832 -4096 320 ) (-4832 -4096 288 ) 
4 181 182 (-4832 -4288 320 ) (-4832 -4288 160 ) (-4528 -4288 160 ) (-4528 -4288 320 ) 
4 182 195 (-4832 -4656 160 ) (-4640 -4656 160 ) (-4640 -4656 320 ) (-4832 -4656 320 ) 
4 182 186 (-4528 -4656 160 ) (-4832 -4656 160 ) (-4832 -4288 160 ) (-4528 -4288 160 ) 
4 182 183 (-4832 -4656 288 ) (-4832 -4656 320 ) (-4832 -4288 320 ) (-4832 -4288 288 ) 
4 183 195 (-4832 -4656 288 ) (-4832 -4656 320 ) (-4896 -4656 320 ) (-4896 -4656 288 ) 
4 183 184 (-4896 -4656 288 ) (-4896 -4656 320 ) (-4896 -4096 320 ) (-4896 -4096 288 ) 
4 184 222 (-5120 -4096 320 ) (-5120 -4096 160 ) (-5120 -4656 160 ) (-5120 -4656 320 ) 
4 184 196 (-4896 -4656 256 ) (-4896 -4656 320 ) (-4960 -4656 320 ) (-4960 -4656 256 ) 
4 184 198 (-5120 -4656 320 ) (-5120 -4656 160 ) (-4960 -4656 160 ) (-4960 -4656 320 ) 
4 184 186 (-4896 -4656 160 ) (-5120 -4656 160 ) (-5120 -4288 160 ) (-4896 -4288 160 ) 
4 184 185 (-5120 -4288 160 ) (-5120 -4096 160 ) (-4896 -4096 160 ) (-4896 -4288 160 ) 
4 185 222 (-5120 -4096 160 ) (-5120 -4096 64 ) (-5120 -4288 64 ) (-5120 -4288 160 ) 
4 185 187 (-5120 -4288 64 ) (-5120 -4096 64 ) (-4385 -4096 64 ) (-4385 -4288 64 ) 
4 185 186 (-5120 -4288 64 ) (-4528 -4288 64 ) (-4528 -4288 160 ) (-5120 -4288 160 ) 
4 186 222 (-5120 -4288 64 ) (-5120 -4656 64 ) (-5120 -4656 160 ) (-5120 -4288 160 ) 
4 186 195 (-4896 -4656 64 ) (-4640 -4656 64 ) (-4640 -4656 160 ) (-4896 -4656 160 ) 
4 186 198 (-5120 -4656 160 ) (-5120 -4656 64 ) (-4960 -4656 64 ) (-4960 -4656 160 ) 
4 186 187 (-4528 -4656 64 ) (-5120 -4656 64 ) (-5120 -4288 64 ) (-4528 -4288 64 ) 
4 187 222 (-5120 -4096 64 ) (-5120 -4096 -718.545044 ) (-5120 -4656 -718.545044 ) (-5120 -4656 64 ) 
4 187 197 (-4960 -4656 0 ) (-4960 -4656 -718.545044 ) (-4896 -4656 -718.545044 ) (-4896 -4656 0 ) 
4 187 195 (-4640 -4656 64 ) (-4896 -4656 64 ) (-4896 -4656 -718.545044 ) (-4640 -4656 -718.545044 ) 
4 187 198 (-4960 -4656 64 ) (-5120 -4656 64 ) (-5120 -4656 -718.545044 ) (-4960 -4656 -718.545044 ) 
4 187 193 (-4384 -4656 64 ) (-4640 -4656 64 ) (-4640 -4656 -718.545044 ) (-4384 -4656 -718.545044 ) 
4 187 190 (-4224 -4656 64 ) (-4384 -4656 64 ) (-4384 -4656 -718.545044 ) (-4224 -4656 -718.545044 ) 
4 187 188 (-4096 -4656 -718.545044 ) (-4096 -4656 64 ) (-4224 -4656 64 ) (-4224 -4656 -718.545044 ) 
4 188 216 (-4096 -5120 -718.545044 ) (-4096 -5120 256 ) (-4224 -5120 256 ) (-4224 -5120 -718.545044 ) 
4 188 215 (-4096 -5120 256 ) (-4096 -5120 2510.550293 ) (-4224 -5120 2510.550293 ) (-4224 -5120 256 ) 
4 188 189 (-4224 -4912 256 ) (-4224 -4912 2510.550293 ) (-4224 -4656 2510.550293 ) (-4224 -4656 256 ) 
4 188 190 (-4224 -4656 -718.545044 ) (-4224 -4912 -718.545044 ) (-4224 -4912 64 ) (-4224 -4656 64 ) 
4 188 191 (-4224 -4912 -718.545044 ) (-4224 -5120 -718.545044 ) (-4224 -5120 2510.550293 ) (-4224 -4912 2510.550293 ) 
4 189 192 (-4384 -4656 2510.550293 ) (-4384 -4656 320 ) (-4384 -4912 320 ) (-4384 -4912 2510.550293 ) 
4 189 191 (-4224 -4912 256 ) (-4224 -4912 2510.550293 ) (-4384 -4912 2510.550293 ) (-4384 -4912 256 ) 
4 190 193 (-4384 -4656 64 ) (-4384 -4656 -718.545044 ) (-4384 -4912 -718.545044 ) (-4384 -4912 64 ) 
4 190 191 (-4224 -4912 -718.545044 ) (-4224 -4912 64 ) (-4384 -4912 64 ) (-4384 -4912 -718.545044 ) 
4 191 216 (-4384 -5120 256 ) (-4384 -5120 -718.545044 ) (-4224 -5120 -718.545044 ) (-4224 -5120 256 ) 
4 191 215 (-4224 -5120 2510.550293 ) (-4384 -5120 2510.550293 ) (-4384 -5120 256 ) (-4224 -5120 256 ) 
4 191 194 (-4384 -4912 -718.545044 ) (-4384 -5120 -718.545044 ) (-4384 -5120 2510.550293 ) (-4384 -4912 2510.550293 ) 
4 192 195 (-4640 -4912 320 ) (-4640 -4912 2510.550293 ) (-4640 -4656 2510.550293 ) (-4640 -4656 320 ) 
4 192 194 (-4640 -4912 2510.550293 ) (-4640 -4912 320 ) (-4384 -4912 320 ) (-4384 -4912 2510.550293 ) 
4 193 195 (-4640 -4656 -718.545044 ) (-4640 -4912 -718.545044 ) (-4640 -4912 64 ) (-4640 -4656 64 ) 
4 193 194 (-4640 -4912 64 ) (-4640 -4912 -718.545044 ) (-4384 -4912 -718.545044 ) (-4384 -4912 64 ) 
4 194 218 (-4640 -5120 -718.545044 ) (-4384 -5120 -718.545044 ) (-4384 -5120 256 ) (-4640 -5120 256 ) 
4 194 215 (-4384 -5120 256 ) (-4384 -5120 2510.550293 ) (-4640 -5120 2510.550293 ) (-4640 -5120 256 ) 
4 194 195 (-4640 -4912 -718.545044 ) (-4640 -5120 -718.545044 ) (-4640 -5120 2510.550293 ) (-4640 -4912 2510.550293 ) 
4 195 218 (-4896 -5120 -718.545044 ) (-4640 -5120 -718.545044 ) (-4640 -5120 256 ) (-4896 -5120 256 ) 
4 195 215 (-4640 -5120 256 ) (-4640 -5120 2510.550293 ) (-4896 -5120 2510.550293 ) (-4896 -5120 256 ) 
4 195 196 (-4896 -5120 256 ) (-4896 -5120 2510.550293 ) (-4896 -4656 2510.550293 ) (-4896 -4656 256 ) 
4 195 197 (-4896 -4656 -718.545044 ) (-4896 -5120 -718.545044 ) (-4896 -5120 0 ) (-4896 -4656 0 ) 
4 196 215 (-4896 -5120 256 ) (-4896 -5120 2510.550293 ) (-4960 -5120 2510.550293 ) (-4960 -5120 256 ) 
4 196 198 (-4960 -5120 256 ) (-4960 -5120 2510.550293 ) (-4960 -4656 2510.550293 ) (-4960 -4656 256 ) 
4 197 219 (-4960 -5120 -718.545044 ) (-4896 -5120 -718.545044 ) (-4896 -5120 0 ) (-4960 -5120 0 ) 
4 197 198 (-4960 -4656 -718.545044 ) (-4960 -5120 -718.545044 ) (-4960 -5120 0 ) (-4960 -4656 0 ) 
4 198 222 (-5120 -5120 -718.545044 ) (-5120 -5120 2510.550293 ) (-5120 -4656 2510.550293 ) (-5120 -4656 -718.545044 ) 
4 198 220 (-5120 -5120 256 ) (-5120 -5120 -718.545044 ) (-4960 -5120 -718.545044 ) (-4960 -5120 256 ) 
4 198 215 (-5120 -5120 2510.550293 ) (-5120 -5120 256 ) (-4960 -5120 256 ) (-4960 -5120 2510.550293 ) 
4 199 224 (-3072 -6144 256 ) (-3072 -6144 2510.550293 ) (-4096 -6144 2510.550293 ) (-4096 -6144 256 ) 
4 199 215 (-4096 -5120 2510.550293 ) (-4096 -5120 256 ) (-4096 -6144 256 ) (-4096 -6144 2510.550293 ) 
4 199 212 (-4096 -5264 256 ) (-4096 -5120 256 ) (-3808 -5120 256 ) (-3808 -5264 256 ) 
4 199 209 (-3624 -5120 256 ) (-3560 -5120 256 ) (-3560 -5368 256 ) (-3624 -5368 256 ) 
4 199 211 (-3808 -5120 256 ) (-3624 -5120 256 ) (-3624 -5368 256 ) (-3808 -5368 256 ) 
4 199 208 (-3248 -5368 256 ) (-3248 -5424 256 ) (-3552 -5424 256 ) (-3552 -5368 256 ) 
4 199 206 (-3248 -5264 256 ) (-3248 -5360 256 ) (-3560 -5360 256 ) (-3560 -5264 256 ) 
4 199 205 (-3560 -5120 256 ) (-3248 -5120 256 ) (-3248 -5264 256 ) (-3560 -5264 256 ) 
4 199 207 (-3248 -5360 256 ) (-3248 -5368 256 ) (-3560 -5368 256 ) (-3560 -5360 256 ) 
4 199 202 (-3248 -5120 256 ) (-3168 -5120 256 ) (-3168 -5352 256 ) (-3248 -5352 256 ) 
4 199 204 (-3168 -5352 256 ) (-3168 -5424 256 ) (-3248 -5424 256 ) (-3248 -5352 256 ) 
4 199 201 (-3072 -5280 256 ) (-3072 -5424 256 ) (-3168 -5424 256 ) (-3168 -5280 256 ) 
4 199 200 (-3168 -5120 256 ) (-3072 -5120 256 ) (-3072 -5280 256 ) (-3168 -5280 256 ) 
4 199 213 (-4096 -6144 256 ) (-4096 -5424 256 ) (-3072 -5424 256 ) (-3072 -6144 256 ) 
4 200 214 (-3168 -5120 64 ) (-3072 -5120 64 ) (-3072 -5280 64 ) (-3168 -5280 64 ) 
4 200 203 (-3168 -5120 64 ) (-3168 -5280 64 ) (-3168 -5280 208 ) (-3168 -5120 208 ) 
4 200 202 (-3168 -5280 208 ) (-3168 -5280 256 ) (-3168 -5120 256 ) (-3168 -5120 208 ) 
4 200 201 (-3168 -5280 256 ) (-3168 -5280 208 ) (-3072 -5280 208 ) (-3072 -5280 256 ) 
4 201 202 (-3168 -5352 256 ) (-3168 -5280 256 ) (-3168 -5280 208 ) (-3168 -5352 208 ) 
4 201 204 (-3168 -5424 208 ) (-3168 -5424 256 ) (-3168 -5352 256 ) (-3168 -5352 208 ) 
4 201 213 (-3072 -5424 208 ) (-3072 -5424 256 ) (-3168 -5424 256 ) (-3168 -5424 208 ) 
4 202 206 (-3248 -5352 208 ) (-3248 -5352 256 ) (-3248 -5264 256 ) (-3248 -5264 208 ) 
4 202 205 (-3248 -5264 256 ) (-3248 -5120 256 ) (-3248 -5120 208 ) (-3248 -5264 208 ) 
4 202 203 (-3248 -5288 208 ) (-3248 -5120 208 ) (-3168 -5120 208 ) (-3168 -5320 208 ) 
4 202 204 (-3248 -5352 256 ) (-3248 -5352 208 ) (-3168 -5352 208 ) (-3168 -5352 256 ) 
4 203 214 (-3248 -5120 64 ) (-3168 -5120 64 ) (-3168 -5320 64 ) (-3248 -5288 64 ) 
4 203 205 (-3248 -5120 64 ) (-3248 -5264 64 ) (-3248 -5264 208 ) (-3248 -5120 208 ) 
4 204 214 (-3168 -5352 64 ) (-3168 -5424 64 ) (-3248 -5424 64 ) (-3248 -5352 64 ) 
4 204 208 (-3248 -5368 64 ) (-3248 -5424 64 ) (-3248 -5424 256 ) (-3248 -5368 256 ) 
4 204 206 (-3248 -5360 208 ) (-3248 -5360 256 ) (-3248 -5352 256 ) (-3248 -5352 208 ) 
4 204 207 (-3248 -5360 64 ) (-3248 -5368 64 ) (-3248 -5368 256 ) (-3248 -5360 256 ) 
4 204 213 (-3248 -5424 64 ) (-3168 -5424 64 ) (-3168 -5424 256 ) (-3248 -5424 256 ) 
4 205 214 (-3560 -5120 64 ) (-3248 -5120 64 ) (-3248 -5264 64 ) (-3560 -5264 64 ) 
4 205 210 (-3560 -5120 64 ) (-3560 -5232 64 ) (-3560 -5232 208 ) (-3560 -5120 208 ) 
4 205 209 (-3560 -5264 208 ) (-3560 -5264 256 ) (-3560 -5120 256 ) (-3560 -5120 208 ) 
4 205 206 (-3560 -5264 256 ) (-3560 -5264 208 ) (-3248 -5264 208 ) (-3248 -5264 256 ) 
4 206 209 (-3560 -5360 208 ) (-3560 -5360 256 ) (-3560 -5264 256 ) (-3560 -5264 208 ) 
4 206 207 (-3560 -5360 256 ) (-3560 -5360 208 ) (-3248 -5360 208 ) (-3248 -5360 256 ) 
4 207 214 (-3248 -5360 64 ) (-3248 -5368 64 ) (-3560 -5368 64 ) (-3560 -5360 64 ) 
4 207 209 (-3560 -5368 208 ) (-3560 -5368 256 ) (-3560 -5360 256 ) (-3560 -5360 208 ) 
4 207 208 (-3552 -5368 64 ) (-3248 -5368 64 ) (-3248 -5368 256 ) (-3552 -5368 256 ) 
4 208 214 (-3248 -5368 64 ) (-3248 -5424 64 ) (-3552 -5424 64 ) (-3552 -5368 64 ) 
4 208 213 (-3552 -5424 64 ) (-3248 -5424 64 ) (-3248 -5424 256 ) (-3552 -5424 256 ) 
4 209 210 (-3624 -5296 208 ) (-3624 -5120 208 ) (-3560 -5120 208 ) (-3560 -5232 208 ) 
4 209 211 (-3624 -5368 208 ) (-3624 -5368 256 ) (-3624 -5120 256 ) (-3624 -5120 208 ) 
4 210 214 (-3624 -5120 64 ) (-3560 -5120 64 ) (-3560 -5232 64 ) (-3624 -5296 64 ) 
4 210 211 (-3624 -5120 64 ) (-3624 -5296 64 ) (-3624 -5296 208 ) (-3624 -5120 208 ) 
4 211 214 (-3808 -5120 64 ) (-3624 -5120 64 ) (-3624 -5368 64 ) (-3808 -5368 64 ) 
4 211 212 (-3808 -5120 64 ) (-3808 -5264 64 ) (-3808 -5264 256 ) (-3808 -5120 256 ) 
4 212 216 (-4096 -5120 256 ) (-4096 -5120 64 ) (-4096 -5264 64 ) (-4096 -5264 256 ) 
4 212 214 (-4096 -5264 64 ) (-4096 -5120 64 ) (-3808 -5120 64 ) (-3808 -5264 64 ) 
4 213 224 (-3072 -6144 64 ) (-3072 -6144 256 ) (-4096 -6144 256 ) (-4096 -6144 64 ) 
4 213 221 (-4096 -5424 64 ) (-4096 -6144 64 ) (-4096 -6144 256 ) (-4096 -5424 256 ) 
4 213 214 (-3072 -6144 64 ) (-4096 -6144 64 ) (-4096 -5424 64 ) (-3072 -5424 64 ) 
4 214 224 (-3072 -6144 -718.545044 ) (-3072 -6144 64 ) (-4096 -6144 64 ) (-4096 -6144 -718.545044 ) 
4 214 217 (-4096 -5264 -718.545044 ) (-4096 -5424 -718.545044 ) (-4096 -5424 64 ) (-4096 -5264 64 ) 
4 214 216 (-4096 -5120 64 ) (-4096 -5120 -718.545044 ) (-4096 -5264 -718.545044 ) (-4096 -5264 64 ) 
4 214 221 (-4096 -5424 -718.545044 ) (-4096 -6144 -718.545044 ) (-4096 -6144 64 ) (-4096 -5424 64 ) 
4 215 225 (-4096 -6144 256 ) (-4096 -6144 2510.550293 ) (-5120 -6144 2510.550293 ) (-5120 -6144 256 ) 
4 215 223 (-5120 -6144 256 ) (-5120 -6144 2510.550293 ) (-5120 -5120 2510.550293 ) (-5120 -5120 256 ) 
4 215 218 (-4384 -5424 256 ) (-4896 -5424 256 ) (-4896 -5120 256 ) (-4384 -5120 256 ) 
4 215 220 (-4960 -5424 256 ) (-5120 -5424 256 ) (-5120 -5120 256 ) (-4960 -5120 256 ) 
4 215 216 (-4096 -5120 256 ) (-4096 -5264 256 ) (-4384 -5264 256 ) (-4384 -5120 256 ) 
4 215 221 (-4096 -5424 256 ) (-4096 -6144 256 ) (-5120 -6144 256 ) (-5120 -5424 256 ) 
4 216 218 (-4384 -5120 -718.545044 ) (-4384 -5264 -718.545044 ) (-4384 -5264 256 ) (-4384 -5120 256 ) 
4 216 217 (-4384 -5264 64 ) (-4384 -5264 -718.545044 ) (-4096 -5264 -718.545044 ) (-4096 -5264 64 ) 
4 217 218 (-4384 -5264 -718.545044 ) (-4384 -5424 -718.545044 ) (-4384 -5424 64 ) (-4384 -5264 64 ) 
4 217 221 (-4384 -5424 -718.545044 ) (-4096 -5424 -718.545044 ) (-4096 -5424 64 ) (-4384 -5424 64 ) 
4 218 219 (-4896 -5120 -718.545044 ) (-4896 -5424 -718.545044 ) (-4896 -5424 0 ) (-4896 -5120 0 ) 
4 218 221 (-4896 -5424 -718.545044 ) (-4384 -5424 -718.545044 ) (-4384 -5424 256 ) (-4896 -5424 256 ) 
4 219 221 (-4960 -5424 -718.545044 ) (-4896 -5424 -718.545044 ) (-4896 -5424 0 ) (-4960 -5424 0 ) 
4 219 220 (-4960 -5120 -718.545044 ) (-4960 -5424 -718.545044 ) (-4960 -5424 0 ) (-4960 -5120 0 ) 
4 220 223 (-5120 -5424 256 ) (-5120 -5120 256 ) (-5120 -5120 -718.545044 ) (-5120 -5424 -718.545044 ) 
4 220 221 (-5120 -5424 -718.545044 ) (-4960 -5424 -718.545044 ) (-4960 -5424 256 ) (-5120 -5424 256 ) 
4 221 225 (-4096 -6144 -718.545044 ) (-4096 -6144 256 ) (-5120 -6144 256 ) (-5120 -6144 -718.545044 ) 
4 221 223 (-5120 -6144 -718.545044 ) (-5120 -6144 256 ) (-5120 -5424 256 ) (-5120 -5424 -718.545044 ) 
4 222 223 (-5120 -5120 -718.545044 ) (-5120 -5120 2510.550293 ) (-5918.280273 -5120 2510.550293 ) (-5918.280273 -5120 -718.545044 ) 
4 223 226 (-5120 -6144 -718.545044 ) (-5120 -6144 2510.550293 ) (-5918.280273 -6144 2510.550293 ) (-5918.280273 -6144 -718.545044 ) 
4 224 225 (-4096 -6144 2510.550293 ) (-4096 -6144 -718.545044 ) (-4096 -6544.750000 -718.545044 ) (-4096 -6544.750000 2510.550293 ) 
4 225 226 (-5120 -6144 2510.550293 ) (-5120 -6144 -718.545044 ) (-5120 -6544.750000 -718.545044 ) (-5120 -6544.750000 2510.550293 ) 
